[1.520s] Invoking command in '/home/letizia/Documentos/ros2_ws/src/my_py_pkg': PYTHONPATH=/home/letizia/Documentos/ros2_ws/build/my_py_pkg/prefix_override:/usr/lib/python3/dist-packages/colcon_core/task/python/colcon_distutils_commands:/home/letizia/Documentos/ros2_ws/install/my_py_pkg/lib/python3.10/site-packages:${PYTHONPATH} /usr/bin/python3 -W ignore:setup.py install is deprecated -W ignore:easy_install command is deprecated setup.py egg_info --egg-base ../../build/my_py_pkg build --build-base /home/letizia/Documentos/ros2_ws/build/my_py_pkg/build install --record /home/letizia/Documentos/ros2_ws/build/my_py_pkg/install.log --single-version-externally-managed install_data
[2.106s] running egg_info
[2.108s] writing ../../build/my_py_pkg/my_py_pkg.egg-info/PKG-INFO
[2.108s] writing dependency_links to ../../build/my_py_pkg/my_py_pkg.egg-info/dependency_links.txt
[2.109s] writing entry points to ../../build/my_py_pkg/my_py_pkg.egg-info/entry_points.txt
[2.110s] writing requirements to ../../build/my_py_pkg/my_py_pkg.egg-info/requires.txt
[2.111s] writing top-level names to ../../build/my_py_pkg/my_py_pkg.egg-info/top_level.txt
[2.114s] reading manifest file '../../build/my_py_pkg/my_py_pkg.egg-info/SOURCES.txt'
[2.116s] writing manifest file '../../build/my_py_pkg/my_py_pkg.egg-info/SOURCES.txt'
[2.116s] running build
[2.117s] running build_py
[2.117s] running install
[2.118s] running install_lib
[2.121s] running install_data
[2.123s] running install_egg_info
[2.127s] removing '/home/letizia/Documentos/ros2_ws/install/my_py_pkg/lib/python3.10/site-packages/my_py_pkg-0.0.0-py3.10.egg-info' (and everything under it)
[2.128s] Copying ../../build/my_py_pkg/my_py_pkg.egg-info to /home/letizia/Documentos/ros2_ws/install/my_py_pkg/lib/python3.10/site-packages/my_py_pkg-0.0.0-py3.10.egg-info
[2.130s] running install_scripts
[2.178s] Installing add_two_ints_client script to /home/letizia/Documentos/ros2_ws/install/my_py_pkg/lib/my_py_pkg
[2.178s] Installing add_two_ints_client_no_oop script to /home/letizia/Documentos/ros2_ws/install/my_py_pkg/lib/my_py_pkg
[2.179s] Installing add_two_ints_server script to /home/letizia/Documentos/ros2_ws/install/my_py_pkg/lib/my_py_pkg
[2.179s] Installing py_node script to /home/letizia/Documentos/ros2_ws/install/my_py_pkg/lib/my_py_pkg
[2.179s] Installing robot_news_station script to /home/letizia/Documentos/ros2_ws/install/my_py_pkg/lib/my_py_pkg
[2.180s] Installing smartphone script to /home/letizia/Documentos/ros2_ws/install/my_py_pkg/lib/my_py_pkg
[2.180s] writing list of installed files to '/home/letizia/Documentos/ros2_ws/build/my_py_pkg/install.log'
[2.237s] Invoked command in '/home/letizia/Documentos/ros2_ws/src/my_py_pkg' returned '0': PYTHONPATH=/home/letizia/Documentos/ros2_ws/build/my_py_pkg/prefix_override:/usr/lib/python3/dist-packages/colcon_core/task/python/colcon_distutils_commands:/home/letizia/Documentos/ros2_ws/install/my_py_pkg/lib/python3.10/site-packages:${PYTHONPATH} /usr/bin/python3 -W ignore:setup.py install is deprecated -W ignore:easy_install command is deprecated setup.py egg_info --egg-base ../../build/my_py_pkg build --build-base /home/letizia/Documentos/ros2_ws/build/my_py_pkg/build install --record /home/letizia/Documentos/ros2_ws/build/my_py_pkg/install.log --single-version-externally-managed install_data
