[0.023s] Invoking command in '/home/letizia/Documentos/ros2_ws/build/my_counter': BYOBU_DATE=%Y-%m-%d CMAKE_PREFIX_PATH=${CMAKE_PREFIX_PATH}:/home/letizia/Documentos/ros2_ws/install/my_py_pkg:/opt/ros/humble /usr/bin/cmake --build /home/letizia/Documentos/ros2_ws/build/my_counter -- -j4 -l4
[0.178s] [ 50%] Built target number_publisher
[0.208s] [100%] Built target number_counter
[0.283s] Invoked command in '/home/letizia/Documentos/ros2_ws/build/my_counter' returned '0': BYOBU_DATE=%Y-%m-%d CMAKE_PREFIX_PATH=${CMAKE_PREFIX_PATH}:/home/letizia/Documentos/ros2_ws/install/my_py_pkg:/opt/ros/humble /usr/bin/cmake --build /home/letizia/Documentos/ros2_ws/build/my_counter -- -j4 -l4
[0.307s] Invoking command in '/home/letizia/Documentos/ros2_ws/build/my_counter': BYOBU_DATE=%Y-%m-%d CMAKE_PREFIX_PATH=${CMAKE_PREFIX_PATH}:/home/letizia/Documentos/ros2_ws/install/my_py_pkg:/opt/ros/humble /usr/bin/cmake --install /home/letizia/Documentos/ros2_ws/build/my_counter
[0.342s] -- Install configuration: ""
[0.342s] -- Up-to-date: /home/letizia/Documentos/ros2_ws/install/my_counter/lib/my_counter/number_publisher
[0.344s] -- Up-to-date: /home/letizia/Documentos/ros2_ws/install/my_counter/lib/my_counter/number_counter
[0.346s] -- Up-to-date: /home/letizia/Documentos/ros2_ws/install/my_counter/share/ament_index/resource_index/package_run_dependencies/my_counter
[0.347s] -- Up-to-date: /home/letizia/Documentos/ros2_ws/install/my_counter/share/ament_index/resource_index/parent_prefix_path/my_counter
[0.347s] -- Up-to-date: /home/letizia/Documentos/ros2_ws/install/my_counter/share/my_counter/environment/ament_prefix_path.sh
[0.347s] -- Up-to-date: /home/letizia/Documentos/ros2_ws/install/my_counter/share/my_counter/environment/ament_prefix_path.dsv
[0.352s] -- Up-to-date: /home/letizia/Documentos/ros2_ws/install/my_counter/share/my_counter/environment/path.sh
[0.352s] -- Up-to-date: /home/letizia/Documentos/ros2_ws/install/my_counter/share/my_counter/environment/path.dsv
[0.353s] -- Up-to-date: /home/letizia/Documentos/ros2_ws/install/my_counter/share/my_counter/local_setup.bash
[0.353s] -- Up-to-date: /home/letizia/Documentos/ros2_ws/install/my_counter/share/my_counter/local_setup.sh
[0.357s] -- Up-to-date: /home/letizia/Documentos/ros2_ws/install/my_counter/share/my_counter/local_setup.zsh
[0.358s] -- Up-to-date: /home/letizia/Documentos/ros2_ws/install/my_counter/share/my_counter/local_setup.dsv
[0.358s] -- Installing: /home/letizia/Documentos/ros2_ws/install/my_counter/share/my_counter/package.dsv
[0.358s] -- Up-to-date: /home/letizia/Documentos/ros2_ws/install/my_counter/share/ament_index/resource_index/packages/my_counter
[0.358s] -- Up-to-date: /home/letizia/Documentos/ros2_ws/install/my_counter/share/my_counter/cmake/my_counterConfig.cmake
[0.359s] -- Up-to-date: /home/letizia/Documentos/ros2_ws/install/my_counter/share/my_counter/cmake/my_counterConfig-version.cmake
[0.359s] -- Up-to-date: /home/letizia/Documentos/ros2_ws/install/my_counter/share/my_counter/package.xml
[0.365s] Invoked command in '/home/letizia/Documentos/ros2_ws/build/my_counter' returned '0': BYOBU_DATE=%Y-%m-%d CMAKE_PREFIX_PATH=${CMAKE_PREFIX_PATH}:/home/letizia/Documentos/ros2_ws/install/my_py_pkg:/opt/ros/humble /usr/bin/cmake --install /home/letizia/Documentos/ros2_ws/build/my_counter
