[0.046s] Invoking command in '/home/letizia/Documentos/ros2_ws/build/my_cpp_pkg': CMAKE_PREFIX_PATH=${CMAKE_PREFIX_PATH}:/home/letizia/Documentos/ros2_ws/install/my_py_pkg:/opt/ros/humble /usr/bin/cmake --build /home/letizia/Documentos/ros2_ws/build/my_cpp_pkg -- -j4 -l4
[0.148s] [ 50%] [32mBuilding CXX object CMakeFiles/cpp_node.dir/src/my_first_node.cpp.o[0m
[4.355s] [100%] [32m[1mLinking CXX executable cpp_node[0m
[4.508s] [100%] Built target cpp_node
[4.532s] Invoked command in '/home/letizia/Documentos/ros2_ws/build/my_cpp_pkg' returned '0': CMAKE_PREFIX_PATH=${CMAKE_PREFIX_PATH}:/home/letizia/Documentos/ros2_ws/install/my_py_pkg:/opt/ros/humble /usr/bin/cmake --build /home/letizia/Documentos/ros2_ws/build/my_cpp_pkg -- -j4 -l4
[4.545s] Invoking command in '/home/letizia/Documentos/ros2_ws/build/my_cpp_pkg': CMAKE_PREFIX_PATH=${CMAKE_PREFIX_PATH}:/home/letizia/Documentos/ros2_ws/install/my_py_pkg:/opt/ros/humble /usr/bin/cmake --install /home/letizia/Documentos/ros2_ws/build/my_cpp_pkg
[4.555s] -- Install configuration: ""
[4.555s] -- Installing: /home/letizia/Documentos/ros2_ws/install/my_cpp_pkg/lib/my_cpp_pkg/cpp_node
[4.556s] -- Set runtime path of "/home/letizia/Documentos/ros2_ws/install/my_cpp_pkg/lib/my_cpp_pkg/cpp_node" to ""
[4.556s] -- Up-to-date: /home/letizia/Documentos/ros2_ws/install/my_cpp_pkg/share/ament_index/resource_index/package_run_dependencies/my_cpp_pkg
[4.557s] -- Up-to-date: /home/letizia/Documentos/ros2_ws/install/my_cpp_pkg/share/ament_index/resource_index/parent_prefix_path/my_cpp_pkg
[4.557s] -- Up-to-date: /home/letizia/Documentos/ros2_ws/install/my_cpp_pkg/share/my_cpp_pkg/environment/ament_prefix_path.sh
[4.557s] -- Up-to-date: /home/letizia/Documentos/ros2_ws/install/my_cpp_pkg/share/my_cpp_pkg/environment/ament_prefix_path.dsv
[4.557s] -- Up-to-date: /home/letizia/Documentos/ros2_ws/install/my_cpp_pkg/share/my_cpp_pkg/environment/path.sh
[4.557s] -- Up-to-date: /home/letizia/Documentos/ros2_ws/install/my_cpp_pkg/share/my_cpp_pkg/environment/path.dsv
[4.557s] -- Up-to-date: /home/letizia/Documentos/ros2_ws/install/my_cpp_pkg/share/my_cpp_pkg/local_setup.bash
[4.557s] -- Up-to-date: /home/letizia/Documentos/ros2_ws/install/my_cpp_pkg/share/my_cpp_pkg/local_setup.sh
[4.558s] -- Up-to-date: /home/letizia/Documentos/ros2_ws/install/my_cpp_pkg/share/my_cpp_pkg/local_setup.zsh
[4.558s] -- Up-to-date: /home/letizia/Documentos/ros2_ws/install/my_cpp_pkg/share/my_cpp_pkg/local_setup.dsv
[4.558s] -- Installing: /home/letizia/Documentos/ros2_ws/install/my_cpp_pkg/share/my_cpp_pkg/package.dsv
[4.558s] -- Up-to-date: /home/letizia/Documentos/ros2_ws/install/my_cpp_pkg/share/ament_index/resource_index/packages/my_cpp_pkg
[4.558s] -- Up-to-date: /home/letizia/Documentos/ros2_ws/install/my_cpp_pkg/share/my_cpp_pkg/cmake/my_cpp_pkgConfig.cmake
[4.558s] -- Up-to-date: /home/letizia/Documentos/ros2_ws/install/my_cpp_pkg/share/my_cpp_pkg/cmake/my_cpp_pkgConfig-version.cmake
[4.558s] -- Up-to-date: /home/letizia/Documentos/ros2_ws/install/my_cpp_pkg/share/my_cpp_pkg/package.xml
[4.560s] Invoked command in '/home/letizia/Documentos/ros2_ws/build/my_cpp_pkg' returned '0': CMAKE_PREFIX_PATH=${CMAKE_PREFIX_PATH}:/home/letizia/Documentos/ros2_ws/install/my_py_pkg:/opt/ros/humble /usr/bin/cmake --install /home/letizia/Documentos/ros2_ws/build/my_cpp_pkg
