[0.056s] Invoking command in '/home/letizia/Documentos/ros2_ws/build/my_cpp_pkg': CMAKE_PREFIX_PATH=${CMAKE_PREFIX_PATH}:/home/letizia/Documentos/ros2_ws/install/my_py_pkg:/opt/ros/humble /usr/bin/cmake --build /home/letizia/Documentos/ros2_ws/build/my_cpp_pkg -- -j4 -l4
[0.203s] [ 20%] Built target add_two_ints_server
[0.215s] [ 40%] Built target robot_news_station
[0.233s] [35m[1mConsolidate compiler generated dependencies of target add_two_ints_client_no_oop[0m
[0.240s] [ 60%] Built target cpp_node
[0.256s] [ 80%] Built target smartphone
[0.273s] [ 90%] [32mBuilding CXX object CMakeFiles/add_two_ints_client_no_oop.dir/src/add_two_ints_client_no_oop.cpp.o[0m
[4.875s] In file included from [01m[K/opt/ros/humble/include/rclcpp/rclcpp/logging.hpp:24[m[K,
[4.875s]                  from [01m[K/opt/ros/humble/include/rclcpp/rclcpp/client.hpp:40[m[K,
[4.876s]                  from [01m[K/opt/ros/humble/include/rclcpp/rclcpp/callback_group.hpp:24[m[K,
[4.876s]                  from [01m[K/opt/ros/humble/include/rclcpp/rclcpp/any_executable.hpp:20[m[K,
[4.876s]                  from [01m[K/opt/ros/humble/include/rclcpp/rclcpp/memory_strategy.hpp:25[m[K,
[4.877s]                  from [01m[K/opt/ros/humble/include/rclcpp/rclcpp/memory_strategies.hpp:18[m[K,
[4.877s]                  from [01m[K/opt/ros/humble/include/rclcpp/rclcpp/executor_options.hpp:20[m[K,
[4.877s]                  from [01m[K/opt/ros/humble/include/rclcpp/rclcpp/executor.hpp:37[m[K,
[4.877s]                  from [01m[K/opt/ros/humble/include/rclcpp/rclcpp/executors/multi_threaded_executor.hpp:25[m[K,
[4.878s]                  from [01m[K/opt/ros/humble/include/rclcpp/rclcpp/executors.hpp:21[m[K,
[4.878s]                  from [01m[K/opt/ros/humble/include/rclcpp/rclcpp/rclcpp.hpp:155[m[K,
[4.878s]                  from [01m[K/home/letizia/Documentos/ros2_ws/src/my_cpp_pkg/src/add_two_ints_client_no_oop.cpp:1[m[K:
[4.878s] [01m[K/home/letizia/Documentos/ros2_ws/src/my_cpp_pkg/src/add_two_ints_client_no_oop.cpp:[m[K In function ‘[01m[Kint main(int, char**)[m[K’:
[4.878s] [01m[K/home/letizia/Documentos/ros2_ws/src/my_cpp_pkg/src/add_two_ints_client_no_oop.cpp:28:41:[m[K [01;35m[Kwarning: [m[Kformat ‘[01m[K%d[m[K’ expects a matching ‘[01m[Kint[m[K’ argument [[01;35m[K]8;;https://gcc.gnu.org/onlinedocs/gcc/Warning-Options.html#index-Wformat=-Wformat=]8;;[m[K]
[4.878s]    28 |         RCLCPP_INFO(node->get_logger(), [01;35m[K"%d + %d = %d"[m[K, (request->a, request->b, (int)future.get()->sum));
[4.879s]       |                                         [01;35m[K^~~~~~~~~~~~~~[m[K
[4.879s] [01m[K/home/letizia/Documentos/ros2_ws/src/my_cpp_pkg/src/add_two_ints_client_no_oop.cpp:28:48:[m[K [01;36m[Knote: [m[Kformat string is defined here
[4.879s]    28 |         RCLCPP_INFO(node->get_logger(), "%d + [01;36m[K%d[m[K = %d", (request->a, request->b, (int)future.get()->sum));
[4.879s]       |                                               [01;36m[K~^[m[K
[4.879s]       |                                                [01;36m[K|[m[K
[4.879s]       |                                                [01;36m[Kint[m[K
[4.879s] In file included from [01m[K/opt/ros/humble/include/rclcpp/rclcpp/logging.hpp:24[m[K,
[4.880s]                  from [01m[K/opt/ros/humble/include/rclcpp/rclcpp/client.hpp:40[m[K,
[4.880s]                  from [01m[K/opt/ros/humble/include/rclcpp/rclcpp/callback_group.hpp:24[m[K,
[4.880s]                  from [01m[K/opt/ros/humble/include/rclcpp/rclcpp/any_executable.hpp:20[m[K,
[4.880s]                  from [01m[K/opt/ros/humble/include/rclcpp/rclcpp/memory_strategy.hpp:25[m[K,
[4.880s]                  from [01m[K/opt/ros/humble/include/rclcpp/rclcpp/memory_strategies.hpp:18[m[K,
[4.880s]                  from [01m[K/opt/ros/humble/include/rclcpp/rclcpp/executor_options.hpp:20[m[K,
[4.881s]                  from [01m[K/opt/ros/humble/include/rclcpp/rclcpp/executor.hpp:37[m[K,
[4.881s]                  from [01m[K/opt/ros/humble/include/rclcpp/rclcpp/executors/multi_threaded_executor.hpp:25[m[K,
[4.881s]                  from [01m[K/opt/ros/humble/include/rclcpp/rclcpp/executors.hpp:21[m[K,
[4.881s]                  from [01m[K/opt/ros/humble/include/rclcpp/rclcpp/rclcpp.hpp:155[m[K,
[4.881s]                  from [01m[K/home/letizia/Documentos/ros2_ws/src/my_cpp_pkg/src/add_two_ints_client_no_oop.cpp:1[m[K:
[4.881s] [01m[K/home/letizia/Documentos/ros2_ws/src/my_cpp_pkg/src/add_two_ints_client_no_oop.cpp:28:41:[m[K [01;35m[Kwarning: [m[Kformat ‘[01m[K%d[m[K’ expects a matching ‘[01m[Kint[m[K’ argument [[01;35m[K]8;;https://gcc.gnu.org/onlinedocs/gcc/Warning-Options.html#index-Wformat=-Wformat=]8;;[m[K]
[4.881s]    28 |         RCLCPP_INFO(node->get_logger(), [01;35m[K"%d + %d = %d"[m[K, (request->a, request->b, (int)future.get()->sum));
[4.882s]       |                                         [01;35m[K^~~~~~~~~~~~~~[m[K
[4.882s] [01m[K/home/letizia/Documentos/ros2_ws/src/my_cpp_pkg/src/add_two_ints_client_no_oop.cpp:28:53:[m[K [01;36m[Knote: [m[Kformat string is defined here
[4.882s]    28 |         RCLCPP_INFO(node->get_logger(), "%d + %d = [01;36m[K%d[m[K", (request->a, request->b, (int)future.get()->sum));
[4.882s]       |                                                    [01;36m[K~^[m[K
[4.882s]       |                                                     [01;36m[K|[m[K
[4.883s]       |                                                     [01;36m[Kint[m[K
[6.855s] [100%] [32m[1mLinking CXX executable add_two_ints_client_no_oop[0m
[7.102s] [100%] Built target add_two_ints_client_no_oop
[7.120s] Invoked command in '/home/letizia/Documentos/ros2_ws/build/my_cpp_pkg' returned '0': CMAKE_PREFIX_PATH=${CMAKE_PREFIX_PATH}:/home/letizia/Documentos/ros2_ws/install/my_py_pkg:/opt/ros/humble /usr/bin/cmake --build /home/letizia/Documentos/ros2_ws/build/my_cpp_pkg -- -j4 -l4
[7.135s] Invoking command in '/home/letizia/Documentos/ros2_ws/build/my_cpp_pkg': CMAKE_PREFIX_PATH=${CMAKE_PREFIX_PATH}:/home/letizia/Documentos/ros2_ws/install/my_py_pkg:/opt/ros/humble /usr/bin/cmake --install /home/letizia/Documentos/ros2_ws/build/my_cpp_pkg
[7.147s] -- Install configuration: ""
[7.147s] -- Up-to-date: /home/letizia/Documentos/ros2_ws/install/my_cpp_pkg/lib/my_cpp_pkg/cpp_node
[7.148s] -- Up-to-date: /home/letizia/Documentos/ros2_ws/install/my_cpp_pkg/lib/my_cpp_pkg/robot_news_station
[7.149s] -- Up-to-date: /home/letizia/Documentos/ros2_ws/install/my_cpp_pkg/lib/my_cpp_pkg/smartphone
[7.149s] -- Up-to-date: /home/letizia/Documentos/ros2_ws/install/my_cpp_pkg/lib/my_cpp_pkg/add_two_ints_server
[7.150s] -- Installing: /home/letizia/Documentos/ros2_ws/install/my_cpp_pkg/lib/my_cpp_pkg/add_two_ints_client_no_oop
[7.152s] -- Set runtime path of "/home/letizia/Documentos/ros2_ws/install/my_cpp_pkg/lib/my_cpp_pkg/add_two_ints_client_no_oop" to ""
[7.152s] -- Up-to-date: /home/letizia/Documentos/ros2_ws/install/my_cpp_pkg/share/ament_index/resource_index/package_run_dependencies/my_cpp_pkg
[7.153s] -- Up-to-date: /home/letizia/Documentos/ros2_ws/install/my_cpp_pkg/share/ament_index/resource_index/parent_prefix_path/my_cpp_pkg
[7.153s] -- Up-to-date: /home/letizia/Documentos/ros2_ws/install/my_cpp_pkg/share/my_cpp_pkg/environment/ament_prefix_path.sh
[7.153s] -- Up-to-date: /home/letizia/Documentos/ros2_ws/install/my_cpp_pkg/share/my_cpp_pkg/environment/ament_prefix_path.dsv
[7.153s] -- Up-to-date: /home/letizia/Documentos/ros2_ws/install/my_cpp_pkg/share/my_cpp_pkg/environment/path.sh
[7.153s] -- Up-to-date: /home/letizia/Documentos/ros2_ws/install/my_cpp_pkg/share/my_cpp_pkg/environment/path.dsv
[7.154s] -- Up-to-date: /home/letizia/Documentos/ros2_ws/install/my_cpp_pkg/share/my_cpp_pkg/local_setup.bash
[7.154s] -- Up-to-date: /home/letizia/Documentos/ros2_ws/install/my_cpp_pkg/share/my_cpp_pkg/local_setup.sh
[7.154s] -- Up-to-date: /home/letizia/Documentos/ros2_ws/install/my_cpp_pkg/share/my_cpp_pkg/local_setup.zsh
[7.155s] -- Up-to-date: /home/letizia/Documentos/ros2_ws/install/my_cpp_pkg/share/my_cpp_pkg/local_setup.dsv
[7.155s] -- Installing: /home/letizia/Documentos/ros2_ws/install/my_cpp_pkg/share/my_cpp_pkg/package.dsv
[7.155s] -- Up-to-date: /home/letizia/Documentos/ros2_ws/install/my_cpp_pkg/share/ament_index/resource_index/packages/my_cpp_pkg
[7.156s] -- Up-to-date: /home/letizia/Documentos/ros2_ws/install/my_cpp_pkg/share/my_cpp_pkg/cmake/my_cpp_pkgConfig.cmake
[7.156s] -- Up-to-date: /home/letizia/Documentos/ros2_ws/install/my_cpp_pkg/share/my_cpp_pkg/cmake/my_cpp_pkgConfig-version.cmake
[7.156s] -- Up-to-date: /home/letizia/Documentos/ros2_ws/install/my_cpp_pkg/share/my_cpp_pkg/package.xml
[7.164s] Invoked command in '/home/letizia/Documentos/ros2_ws/build/my_cpp_pkg' returned '0': CMAKE_PREFIX_PATH=${CMAKE_PREFIX_PATH}:/home/letizia/Documentos/ros2_ws/install/my_py_pkg:/opt/ros/humble /usr/bin/cmake --install /home/letizia/Documentos/ros2_ws/build/my_cpp_pkg
