[35m[1mConsolidate compiler generated dependencies of target number_publisher[0m
[ 50%] Built target number_publisher
[35m[1mConsolidate compiler generated dependencies of target number_counter[0m
[100%] Built target number_counter
-- Install configuration: ""
-- Up-to-date: /home/letizia/Documentos/ros2_ws/install/my_counter/lib/my_counter/number_publisher
-- Up-to-date: /home/letizia/Documentos/ros2_ws/install/my_counter/lib/my_counter/number_counter
-- Up-to-date: /home/letizia/Documentos/ros2_ws/install/my_counter/share/ament_index/resource_index/package_run_dependencies/my_counter
-- Up-to-date: /home/letizia/Documentos/ros2_ws/install/my_counter/share/ament_index/resource_index/parent_prefix_path/my_counter
-- Up-to-date: /home/letizia/Documentos/ros2_ws/install/my_counter/share/my_counter/environment/ament_prefix_path.sh
-- Up-to-date: /home/letizia/Documentos/ros2_ws/install/my_counter/share/my_counter/environment/ament_prefix_path.dsv
-- Up-to-date: /home/letizia/Documentos/ros2_ws/install/my_counter/share/my_counter/environment/path.sh
-- Up-to-date: /home/letizia/Documentos/ros2_ws/install/my_counter/share/my_counter/environment/path.dsv
-- Up-to-date: /home/letizia/Documentos/ros2_ws/install/my_counter/share/my_counter/local_setup.bash
-- Up-to-date: /home/letizia/Documentos/ros2_ws/install/my_counter/share/my_counter/local_setup.sh
-- Up-to-date: /home/letizia/Documentos/ros2_ws/install/my_counter/share/my_counter/local_setup.zsh
-- Up-to-date: /home/letizia/Documentos/ros2_ws/install/my_counter/share/my_counter/local_setup.dsv
-- Installing: /home/letizia/Documentos/ros2_ws/install/my_counter/share/my_counter/package.dsv
-- Up-to-date: /home/letizia/Documentos/ros2_ws/install/my_counter/share/ament_index/resource_index/packages/my_counter
-- Up-to-date: /home/letizia/Documentos/ros2_ws/install/my_counter/share/my_counter/cmake/my_counterConfig.cmake
-- Up-to-date: /home/letizia/Documentos/ros2_ws/install/my_counter/share/my_counter/cmake/my_counterConfig-version.cmake
-- Up-to-date: /home/letizia/Documentos/ros2_ws/install/my_counter/share/my_counter/package.xml
