[0.028s] Invoking command in '/home/letizia/Documentos/ros2_ws/build/my_counter': BYOBU_DATE=%Y-%m-%d CMAKE_PREFIX_PATH=${CMAKE_PREFIX_PATH}:/home/letizia/Documentos/ros2_ws/install/my_py_pkg:/opt/ros/humble /usr/bin/cmake --build /home/letizia/Documentos/ros2_ws/build/my_counter -- -j4 -l4
[0.198s] [ 50%] Built target number_publisher
[0.228s] [100%] Built target number_counter
[0.293s] Invoked command in '/home/letizia/Documentos/ros2_ws/build/my_counter' returned '0': BYOBU_DATE=%Y-%m-%d CMAKE_PREFIX_PATH=${CMAKE_PREFIX_PATH}:/home/letizia/Documentos/ros2_ws/install/my_py_pkg:/opt/ros/humble /usr/bin/cmake --build /home/letizia/Documentos/ros2_ws/build/my_counter -- -j4 -l4
[0.329s] Invoking command in '/home/letizia/Documentos/ros2_ws/build/my_counter': BYOBU_DATE=%Y-%m-%d CMAKE_PREFIX_PATH=${CMAKE_PREFIX_PATH}:/home/letizia/Documentos/ros2_ws/install/my_py_pkg:/opt/ros/humble /usr/bin/cmake --install /home/letizia/Documentos/ros2_ws/build/my_counter
[0.352s] -- Install configuration: ""
[0.352s] -- Up-to-date: /home/letizia/Documentos/ros2_ws/install/my_counter/lib/my_counter/number_publisher
[0.353s] -- Up-to-date: /home/letizia/Documentos/ros2_ws/install/my_counter/lib/my_counter/number_counter
[0.353s] -- Up-to-date: /home/letizia/Documentos/ros2_ws/install/my_counter/share/ament_index/resource_index/package_run_dependencies/my_counter
[0.355s] -- Up-to-date: /home/letizia/Documentos/ros2_ws/install/my_counter/share/ament_index/resource_index/parent_prefix_path/my_counter
[0.355s] -- Up-to-date: /home/letizia/Documentos/ros2_ws/install/my_counter/share/my_counter/environment/ament_prefix_path.sh
[0.355s] -- Up-to-date: /home/letizia/Documentos/ros2_ws/install/my_counter/share/my_counter/environment/ament_prefix_path.dsv
[0.355s] -- Up-to-date: /home/letizia/Documentos/ros2_ws/install/my_counter/share/my_counter/environment/path.sh
[0.357s] -- Up-to-date: /home/letizia/Documentos/ros2_ws/install/my_counter/share/my_counter/environment/path.dsv
[0.358s] -- Up-to-date: /home/letizia/Documentos/ros2_ws/install/my_counter/share/my_counter/local_setup.bash
[0.358s] -- Up-to-date: /home/letizia/Documentos/ros2_ws/install/my_counter/share/my_counter/local_setup.sh
[0.358s] -- Up-to-date: /home/letizia/Documentos/ros2_ws/install/my_counter/share/my_counter/local_setup.zsh
[0.361s] -- Up-to-date: /home/letizia/Documentos/ros2_ws/install/my_counter/share/my_counter/local_setup.dsv
[0.361s] -- Installing: /home/letizia/Documentos/ros2_ws/install/my_counter/share/my_counter/package.dsv
[0.362s] -- Up-to-date: /home/letizia/Documentos/ros2_ws/install/my_counter/share/ament_index/resource_index/packages/my_counter
[0.362s] -- Up-to-date: /home/letizia/Documentos/ros2_ws/install/my_counter/share/my_counter/cmake/my_counterConfig.cmake
[0.362s] -- Up-to-date: /home/letizia/Documentos/ros2_ws/install/my_counter/share/my_counter/cmake/my_counterConfig-version.cmake
[0.362s] -- Up-to-date: /home/letizia/Documentos/ros2_ws/install/my_counter/share/my_counter/package.xml
[0.365s] Invoked command in '/home/letizia/Documentos/ros2_ws/build/my_counter' returned '0': BYOBU_DATE=%Y-%m-%d CMAKE_PREFIX_PATH=${CMAKE_PREFIX_PATH}:/home/letizia/Documentos/ros2_ws/install/my_py_pkg:/opt/ros/humble /usr/bin/cmake --install /home/letizia/Documentos/ros2_ws/build/my_counter
