[0.965s] Invoking command in '/home/letizia/Documentos/ros2_ws/src/my_py_pkg': PYTHONPATH=/home/letizia/Documentos/ros2_ws/build/my_py_pkg/prefix_override:/usr/lib/python3/dist-packages/colcon_core/task/python/colcon_distutils_commands:/home/letizia/Documentos/ros2_ws/install/my_py_pkg/lib/python3.10/site-packages:${PYTHONPATH} /usr/bin/python3 -W ignore:setup.py install is deprecated -W ignore:easy_install command is deprecated setup.py egg_info --egg-base ../../build/my_py_pkg build --build-base /home/letizia/Documentos/ros2_ws/build/my_py_pkg/build install --record /home/letizia/Documentos/ros2_ws/build/my_py_pkg/install.log --single-version-externally-managed install_data
[1.331s] running egg_info
[1.333s] writing ../../build/my_py_pkg/my_py_pkg.egg-info/PKG-INFO
[1.333s] writing dependency_links to ../../build/my_py_pkg/my_py_pkg.egg-info/dependency_links.txt
[1.334s] writing entry points to ../../build/my_py_pkg/my_py_pkg.egg-info/entry_points.txt
[1.334s] writing requirements to ../../build/my_py_pkg/my_py_pkg.egg-info/requires.txt
[1.334s] writing top-level names to ../../build/my_py_pkg/my_py_pkg.egg-info/top_level.txt
[1.337s] reading manifest file '../../build/my_py_pkg/my_py_pkg.egg-info/SOURCES.txt'
[1.339s] writing manifest file '../../build/my_py_pkg/my_py_pkg.egg-info/SOURCES.txt'
[1.339s] running build
[1.340s] running build_py
[1.340s] running install
[1.341s] running install_lib
[1.343s] running install_data
[1.344s] running install_egg_info
[1.347s] removing '/home/letizia/Documentos/ros2_ws/install/my_py_pkg/lib/python3.10/site-packages/my_py_pkg-0.0.0-py3.10.egg-info' (and everything under it)
[1.348s] Copying ../../build/my_py_pkg/my_py_pkg.egg-info to /home/letizia/Documentos/ros2_ws/install/my_py_pkg/lib/python3.10/site-packages/my_py_pkg-0.0.0-py3.10.egg-info
[1.351s] running install_scripts
[1.385s] Installing add_two_ints_client script to /home/letizia/Documentos/ros2_ws/install/my_py_pkg/lib/my_py_pkg
[1.386s] Installing add_two_ints_client_no_oop script to /home/letizia/Documentos/ros2_ws/install/my_py_pkg/lib/my_py_pkg
[1.386s] Installing add_two_ints_server script to /home/letizia/Documentos/ros2_ws/install/my_py_pkg/lib/my_py_pkg
[1.389s] Installing hw_status_publisher script to /home/letizia/Documentos/ros2_ws/install/my_py_pkg/lib/my_py_pkg
[1.389s] Installing py_node script to /home/letizia/Documentos/ros2_ws/install/my_py_pkg/lib/my_py_pkg
[1.389s] Installing robot_news_station script to /home/letizia/Documentos/ros2_ws/install/my_py_pkg/lib/my_py_pkg
[1.390s] Installing smartphone script to /home/letizia/Documentos/ros2_ws/install/my_py_pkg/lib/my_py_pkg
[1.390s] writing list of installed files to '/home/letizia/Documentos/ros2_ws/build/my_py_pkg/install.log'
[1.431s] Invoked command in '/home/letizia/Documentos/ros2_ws/src/my_py_pkg' returned '0': PYTHONPATH=/home/letizia/Documentos/ros2_ws/build/my_py_pkg/prefix_override:/usr/lib/python3/dist-packages/colcon_core/task/python/colcon_distutils_commands:/home/letizia/Documentos/ros2_ws/install/my_py_pkg/lib/python3.10/site-packages:${PYTHONPATH} /usr/bin/python3 -W ignore:setup.py install is deprecated -W ignore:easy_install command is deprecated setup.py egg_info --egg-base ../../build/my_py_pkg build --build-base /home/letizia/Documentos/ros2_ws/build/my_py_pkg/build install --record /home/letizia/Documentos/ros2_ws/build/my_py_pkg/install.log --single-version-externally-managed install_data
