[2.357s] Invoking command in '/home/letizia/Documentos/ros2_ws/src/my_py_pkg': PYTHONPATH=/home/letizia/Documentos/ros2_ws/build/my_py_pkg/prefix_override:/usr/lib/python3/dist-packages/colcon_core/task/python/colcon_distutils_commands:/home/letizia/Documentos/ros2_ws/install/my_py_pkg/lib/python3.10/site-packages:${PYTHONPATH} /usr/bin/python3 -W ignore:setup.py install is deprecated -W ignore:easy_install command is deprecated setup.py egg_info --egg-base ../../build/my_py_pkg build --build-base /home/letizia/Documentos/ros2_ws/build/my_py_pkg/build install --record /home/letizia/Documentos/ros2_ws/build/my_py_pkg/install.log --single-version-externally-managed install_data
[2.951s] running egg_info
[2.954s] writing ../../build/my_py_pkg/my_py_pkg.egg-info/PKG-INFO
[2.954s] writing dependency_links to ../../build/my_py_pkg/my_py_pkg.egg-info/dependency_links.txt
[2.957s] writing entry points to ../../build/my_py_pkg/my_py_pkg.egg-info/entry_points.txt
[2.957s] writing requirements to ../../build/my_py_pkg/my_py_pkg.egg-info/requires.txt
[2.957s] writing top-level names to ../../build/my_py_pkg/my_py_pkg.egg-info/top_level.txt
[2.961s] reading manifest file '../../build/my_py_pkg/my_py_pkg.egg-info/SOURCES.txt'
[2.976s] writing manifest file '../../build/my_py_pkg/my_py_pkg.egg-info/SOURCES.txt'
[2.976s] running build
[2.976s] running build_py
[2.976s] copying my_py_pkg/smartphone.py -> /home/letizia/Documentos/ros2_ws/build/my_py_pkg/build/lib/my_py_pkg
[2.977s] running install
[2.980s] running install_lib
[2.980s] copying /home/letizia/Documentos/ros2_ws/build/my_py_pkg/build/lib/my_py_pkg/smartphone.py -> /home/letizia/Documentos/ros2_ws/install/my_py_pkg/lib/python3.10/site-packages/my_py_pkg
[2.983s] byte-compiling /home/letizia/Documentos/ros2_ws/install/my_py_pkg/lib/python3.10/site-packages/my_py_pkg/smartphone.py to smartphone.cpython-310.pyc
[2.984s] running install_data
[2.985s] running install_egg_info
[2.990s] removing '/home/letizia/Documentos/ros2_ws/install/my_py_pkg/lib/python3.10/site-packages/my_py_pkg-0.0.0-py3.10.egg-info' (and everything under it)
[2.991s] Copying ../../build/my_py_pkg/my_py_pkg.egg-info to /home/letizia/Documentos/ros2_ws/install/my_py_pkg/lib/python3.10/site-packages/my_py_pkg-0.0.0-py3.10.egg-info
[2.997s] running install_scripts
[3.060s] Installing py_node script to /home/letizia/Documentos/ros2_ws/install/my_py_pkg/lib/my_py_pkg
[3.060s] Installing robot_news_station script to /home/letizia/Documentos/ros2_ws/install/my_py_pkg/lib/my_py_pkg
[3.060s] Installing smartphone script to /home/letizia/Documentos/ros2_ws/install/my_py_pkg/lib/my_py_pkg
[3.060s] writing list of installed files to '/home/letizia/Documentos/ros2_ws/build/my_py_pkg/install.log'
[3.119s] Invoked command in '/home/letizia/Documentos/ros2_ws/src/my_py_pkg' returned '0': PYTHONPATH=/home/letizia/Documentos/ros2_ws/build/my_py_pkg/prefix_override:/usr/lib/python3/dist-packages/colcon_core/task/python/colcon_distutils_commands:/home/letizia/Documentos/ros2_ws/install/my_py_pkg/lib/python3.10/site-packages:${PYTHONPATH} /usr/bin/python3 -W ignore:setup.py install is deprecated -W ignore:easy_install command is deprecated setup.py egg_info --egg-base ../../build/my_py_pkg build --build-base /home/letizia/Documentos/ros2_ws/build/my_py_pkg/build install --record /home/letizia/Documentos/ros2_ws/build/my_py_pkg/install.log --single-version-externally-managed install_data
