[1.800s] Invoking command in '/home/letizia/Documentos/ros2_ws/src/my_py_pkg': PYTHONPATH=/home/letizia/Documentos/ros2_ws/build/my_py_pkg/prefix_override:/usr/lib/python3/dist-packages/colcon_core/task/python/colcon_distutils_commands:/home/letizia/Documentos/ros2_ws/install/my_py_pkg/lib/python3.10/site-packages:${PYTHONPATH} /usr/bin/python3 -W ignore:setup.py install is deprecated -W ignore:easy_install command is deprecated setup.py egg_info --egg-base ../../build/my_py_pkg build --build-base /home/letizia/Documentos/ros2_ws/build/my_py_pkg/build install --record /home/letizia/Documentos/ros2_ws/build/my_py_pkg/install.log --single-version-externally-managed install_data
[2.571s] running egg_info
[2.573s] writing ../../build/my_py_pkg/my_py_pkg.egg-info/PKG-INFO
[2.573s] writing dependency_links to ../../build/my_py_pkg/my_py_pkg.egg-info/dependency_links.txt
[2.574s] writing entry points to ../../build/my_py_pkg/my_py_pkg.egg-info/entry_points.txt
[2.574s] writing requirements to ../../build/my_py_pkg/my_py_pkg.egg-info/requires.txt
[2.574s] writing top-level names to ../../build/my_py_pkg/my_py_pkg.egg-info/top_level.txt
[2.580s] reading manifest file '../../build/my_py_pkg/my_py_pkg.egg-info/SOURCES.txt'
[2.583s] writing manifest file '../../build/my_py_pkg/my_py_pkg.egg-info/SOURCES.txt'
[2.583s] running build
[2.584s] running build_py
[2.585s] running install
[2.586s] running install_lib
[2.589s] running install_data
[2.589s] running install_egg_info
[2.594s] removing '/home/letizia/Documentos/ros2_ws/install/my_py_pkg/lib/python3.10/site-packages/my_py_pkg-0.0.0-py3.10.egg-info' (and everything under it)
[2.597s] Copying ../../build/my_py_pkg/my_py_pkg.egg-info to /home/letizia/Documentos/ros2_ws/install/my_py_pkg/lib/python3.10/site-packages/my_py_pkg-0.0.0-py3.10.egg-info
[2.600s] running install_scripts
[2.658s] Installing add_two_ints_client script to /home/letizia/Documentos/ros2_ws/install/my_py_pkg/lib/my_py_pkg
[2.660s] Installing add_two_ints_client_no_oop script to /home/letizia/Documentos/ros2_ws/install/my_py_pkg/lib/my_py_pkg
[2.661s] Installing add_two_ints_server script to /home/letizia/Documentos/ros2_ws/install/my_py_pkg/lib/my_py_pkg
[2.661s] Installing py_node script to /home/letizia/Documentos/ros2_ws/install/my_py_pkg/lib/my_py_pkg
[2.664s] Installing robot_news_station script to /home/letizia/Documentos/ros2_ws/install/my_py_pkg/lib/my_py_pkg
[2.666s] Installing smartphone script to /home/letizia/Documentos/ros2_ws/install/my_py_pkg/lib/my_py_pkg
[2.667s] writing list of installed files to '/home/letizia/Documentos/ros2_ws/build/my_py_pkg/install.log'
[2.716s] Invoked command in '/home/letizia/Documentos/ros2_ws/src/my_py_pkg' returned '0': PYTHONPATH=/home/letizia/Documentos/ros2_ws/build/my_py_pkg/prefix_override:/usr/lib/python3/dist-packages/colcon_core/task/python/colcon_distutils_commands:/home/letizia/Documentos/ros2_ws/install/my_py_pkg/lib/python3.10/site-packages:${PYTHONPATH} /usr/bin/python3 -W ignore:setup.py install is deprecated -W ignore:easy_install command is deprecated setup.py egg_info --egg-base ../../build/my_py_pkg build --build-base /home/letizia/Documentos/ros2_ws/build/my_py_pkg/build install --record /home/letizia/Documentos/ros2_ws/build/my_py_pkg/install.log --single-version-externally-managed install_data
