[0.094s] Invoking command in '/home/letizia/Documentos/ros2_ws/build/my_cpp_pkg': BYOBU_DATE=%Y-%m-%d CMAKE_PREFIX_PATH=/home/letizia/Documentos/ros2_ws/install/my_robot_interfaces:/home/letizia/Documentos/ros2_ws/install/my_cpp_pkg:/home/letizia/Documentos/ros2_ws/install/battery_manager:/home/letizia/Documentos/ros2_ws/install/my_counter:/home/letizia/Documentos/ros2_ws/install/my_py_pkg:/opt/ros/humble /usr/bin/cmake /home/letizia/Documentos/ros2_ws/src/my_cpp_pkg -DCMAKE_INSTALL_PREFIX=/home/letizia/Documentos/ros2_ws/install/my_cpp_pkg
[0.595s] -- The C compiler identification is GNU 11.4.0
[1.065s] -- The CXX compiler identification is GNU 11.4.0
[1.129s] -- Detecting C compiler ABI info
[1.669s] -- Detecting C compiler ABI info - done
[1.760s] -- Check for working C compiler: /usr/bin/cc - skipped
[1.773s] -- Detecting C compile features
[1.773s] -- Detecting C compile features - done
[1.844s] -- Detecting CXX compiler ABI info
[2.714s] -- Detecting CXX compiler ABI info - done
[2.928s] -- Check for working CXX compiler: /usr/bin/c++ - skipped
[2.953s] -- Detecting CXX compile features
[2.953s] -- Detecting CXX compile features - done
[2.982s] -- Found ament_cmake: 1.3.10 (/opt/ros/humble/share/ament_cmake/cmake)
[4.761s] -- Found Python3: /usr/bin/python3 (found version "3.10.12") found components: Interpreter 
[5.078s] -- Found rclcpp: 16.0.10 (/opt/ros/humble/share/rclcpp/cmake)
[5.585s] -- Found rosidl_generator_c: 3.1.5 (/opt/ros/humble/share/rosidl_generator_c/cmake)
[5.620s] -- Found rosidl_adapter: 3.1.5 (/opt/ros/humble/share/rosidl_adapter/cmake)
[5.695s] -- Found rosidl_generator_cpp: 3.1.5 (/opt/ros/humble/share/rosidl_generator_cpp/cmake)
[5.935s] -- Using all available rosidl_typesupport_c: rosidl_typesupport_fastrtps_c;rosidl_typesupport_introspection_c
[6.244s] -- Using all available rosidl_typesupport_cpp: rosidl_typesupport_fastrtps_cpp;rosidl_typesupport_introspection_cpp
[7.059s] -- Found rmw_implementation_cmake: 6.1.2 (/opt/ros/humble/share/rmw_implementation_cmake/cmake)
[7.088s] -- Found rmw_fastrtps_cpp: 6.2.7 (/opt/ros/humble/share/rmw_fastrtps_cpp/cmake)
[7.850s] -- Found OpenSSL: /usr/lib/x86_64-linux-gnu/libcrypto.so (found version "3.0.2")  
[8.128s] -- Found FastRTPS: /opt/ros/humble/include  
[8.464s] -- Using RMW implementation 'rmw_fastrtps_cpp' as default
[8.479s] -- Looking for pthread.h
[8.857s] -- Looking for pthread.h - found
[8.861s] -- Performing Test CMAKE_HAVE_LIBC_PTHREAD
[9.411s] -- Performing Test CMAKE_HAVE_LIBC_PTHREAD - Success
[9.423s] -- Found Threads: TRUE  
[9.788s] -- Found example_interfaces: 0.9.3 (/opt/ros/humble/share/example_interfaces/cmake)
[10.175s] -- Found my_robot_interfaces: 0.0.0 (/home/letizia/Documentos/ros2_ws/install/my_robot_interfaces/share/my_robot_interfaces/cmake)
[10.239s] -- Found ament_lint_auto: 0.12.11 (/opt/ros/humble/share/ament_lint_auto/cmake)
[10.759s] -- Added test 'cppcheck' to perform static code analysis on C / C++ code
[10.764s] -- Configured cppcheck include dirs: 
[10.764s] -- Configured cppcheck exclude dirs and/or files: 
[10.766s] -- Added test 'lint_cmake' to check CMake code style
[10.776s] -- Added test 'uncrustify' to check C / C++ code style
[10.776s] -- Configured uncrustify additional arguments: 
[10.777s] -- Added test 'xmllint' to check XML markup files
[10.777s] -- Configuring done
[11.056s] -- Generating done
[11.186s] -- Build files have been written to: /home/letizia/Documentos/ros2_ws/build/my_cpp_pkg
[11.238s] Invoked command in '/home/letizia/Documentos/ros2_ws/build/my_cpp_pkg' returned '0': BYOBU_DATE=%Y-%m-%d CMAKE_PREFIX_PATH=/home/letizia/Documentos/ros2_ws/install/my_robot_interfaces:/home/letizia/Documentos/ros2_ws/install/my_cpp_pkg:/home/letizia/Documentos/ros2_ws/install/battery_manager:/home/letizia/Documentos/ros2_ws/install/my_counter:/home/letizia/Documentos/ros2_ws/install/my_py_pkg:/opt/ros/humble /usr/bin/cmake /home/letizia/Documentos/ros2_ws/src/my_cpp_pkg -DCMAKE_INSTALL_PREFIX=/home/letizia/Documentos/ros2_ws/install/my_cpp_pkg
[11.247s] Invoking command in '/home/letizia/Documentos/ros2_ws/build/my_cpp_pkg': BYOBU_DATE=%Y-%m-%d CMAKE_PREFIX_PATH=/home/letizia/Documentos/ros2_ws/install/my_robot_interfaces:/home/letizia/Documentos/ros2_ws/install/my_cpp_pkg:/home/letizia/Documentos/ros2_ws/install/battery_manager:/home/letizia/Documentos/ros2_ws/install/my_counter:/home/letizia/Documentos/ros2_ws/install/my_py_pkg:/opt/ros/humble /usr/bin/cmake --build /home/letizia/Documentos/ros2_ws/build/my_cpp_pkg -- -j4 -l4
[11.506s] [  7%] [32mBuilding CXX object CMakeFiles/cpp_node.dir/src/my_first_node.cpp.o[0m
[31.184s] [ 14%] [32m[1mLinking CXX executable cpp_node[0m
[32.237s] [ 14%] Built target cpp_node
[32.409s] [ 21%] [32mBuilding CXX object CMakeFiles/add_two_ints_server.dir/src/add_two_ints_server.cpp.o[0m
[41.771s] [ 28%] [32m[1mLinking CXX executable add_two_ints_server[0m
[42.089s] [ 28%] Built target add_two_ints_server
[42.142s] [ 35%] [32mBuilding CXX object CMakeFiles/add_two_ints_client_no_oop.dir/src/add_two_ints_client_no_oop.cpp.o[0m
[48.583s] [ 42%] [32m[1mLinking CXX executable add_two_ints_client_no_oop[0m
[48.927s] [ 42%] Built target add_two_ints_client_no_oop
[48.961s] [ 50%] [32mBuilding CXX object CMakeFiles/add_two_ints_client.dir/src/add_two_ints_client.cpp.o[0m
[58.287s] [ 57%] [32m[1mLinking CXX executable add_two_ints_client[0m
[58.680s] [ 57%] Built target add_two_ints_client
[58.732s] [ 64%] [32mBuilding CXX object CMakeFiles/hw_status_publisher.dir/src/hardware_status_publisher.cpp.o[0m
[72.583s] [ 71%] [32m[1mLinking CXX executable hw_status_publisher[0m
[73.039s] [ 71%] Built target hw_status_publisher
[73.102s] [ 78%] [32mBuilding CXX object CMakeFiles/smartphone.dir/src/smartphone.cpp.o[0m
[87.777s] [ 85%] [32m[1mLinking CXX executable smartphone[0m
[88.524s] [ 85%] Built target smartphone
[88.553s] [ 92%] [32mBuilding CXX object CMakeFiles/robot_news_station.dir/src/robot_news_station.cpp.o[0m
[95.921s] [100%] [32m[1mLinking CXX executable robot_news_station[0m
[96.367s] [100%] Built target robot_news_station
