[0.497s] DEBUG:colcon:Command line arguments: ['/usr/bin/colcon', 'build']
[0.497s] DEBUG:colcon:Parsed command line arguments: Namespace(log_base=None, log_level=None, verb_name='build', build_base='build', install_base='install', merge_install=False, symlink_install=False, test_result_base=None, continue_on_error=False, executor='parallel', parallel_workers=4, event_handlers=None, ignore_user_meta=False, metas=['./colcon.meta'], base_paths=['.'], packages_ignore=None, packages_ignore_regex=None, paths=None, packages_up_to=None, packages_up_to_regex=None, packages_above=None, packages_above_and_dependencies=None, packages_above_depth=None, packages_select_by_dep=None, packages_skip_by_dep=None, packages_skip_up_to=None, packages_select_build_failed=False, packages_skip_build_finished=False, packages_select_test_failures=False, packages_skip_test_passed=False, packages_select=None, packages_skip=None, packages_select_regex=None, packages_skip_regex=None, packages_start=None, packages_end=None, allow_overriding=[], cmake_args=None, cmake_target=None, cmake_target_skip_unavailable=False, cmake_clean_cache=False, cmake_clean_first=False, cmake_force_configure=False, ament_cmake_args=None, catkin_cmake_args=None, catkin_skip_building_tests=False, mixin_files=None, mixin=None, verb_parser=<colcon_mixin.mixin.mixin_argument.MixinArgumentDecorator object at 0x79e2b3342260>, verb_extension=<colcon_core.verb.build.BuildVerb object at 0x79e2b344f160>, main=<bound method BuildVerb.main of <colcon_core.verb.build.BuildVerb object at 0x79e2b344f160>>, mixin_verb=('build',))
[4.063s] Level 1:colcon.colcon_core.package_discovery:discover_packages(colcon_meta) check parameters
[4.064s] Level 1:colcon.colcon_core.package_discovery:discover_packages(recursive) check parameters
[4.065s] Level 1:colcon.colcon_core.package_discovery:discover_packages(ignore) check parameters
[4.065s] Level 1:colcon.colcon_core.package_discovery:discover_packages(path) check parameters
[4.065s] Level 1:colcon.colcon_core.package_discovery:discover_packages(colcon_meta) discover
[4.066s] Level 1:colcon.colcon_core.package_discovery:discover_packages(recursive) discover
[4.066s] INFO:colcon.colcon_core.package_discovery:Crawling recursively for packages in '/home/letizia/Documentos/ros2_ws'
[4.066s] Level 1:colcon.colcon_core.package_identification:_identify(.) by extensions ['ignore', 'ignore_ament_install']
[4.067s] Level 1:colcon.colcon_core.package_identification:_identify(.) by extension 'ignore'
[4.067s] Level 1:colcon.colcon_core.package_identification:_identify(.) by extension 'ignore_ament_install'
[4.068s] Level 1:colcon.colcon_core.package_identification:_identify(.) by extensions ['colcon_pkg']
[4.068s] Level 1:colcon.colcon_core.package_identification:_identify(.) by extension 'colcon_pkg'
[4.068s] Level 1:colcon.colcon_core.package_identification:_identify(.) by extensions ['colcon_meta']
[4.068s] Level 1:colcon.colcon_core.package_identification:_identify(.) by extension 'colcon_meta'
[4.068s] Level 1:colcon.colcon_core.package_identification:_identify(.) by extensions ['ros']
[4.069s] Level 1:colcon.colcon_core.package_identification:_identify(.) by extension 'ros'
[4.150s] Level 1:colcon.colcon_core.package_identification:_identify(.) by extensions ['cmake', 'python']
[4.150s] Level 1:colcon.colcon_core.package_identification:_identify(.) by extension 'cmake'
[4.150s] Level 1:colcon.colcon_core.package_identification:_identify(.) by extension 'python'
[4.150s] Level 1:colcon.colcon_core.package_identification:_identify(.) by extensions ['python_setup_py']
[4.150s] Level 1:colcon.colcon_core.package_identification:_identify(.) by extension 'python_setup_py'
[4.151s] Level 1:colcon.colcon_core.package_identification:_identify(build) by extensions ['ignore', 'ignore_ament_install']
[4.151s] Level 1:colcon.colcon_core.package_identification:_identify(build) by extension 'ignore'
[4.151s] Level 1:colcon.colcon_core.package_identification:_identify(build) ignored
[4.151s] Level 1:colcon.colcon_core.package_identification:_identify(install) by extensions ['ignore', 'ignore_ament_install']
[4.151s] Level 1:colcon.colcon_core.package_identification:_identify(install) by extension 'ignore'
[4.151s] Level 1:colcon.colcon_core.package_identification:_identify(install) ignored
[4.151s] Level 1:colcon.colcon_core.package_identification:_identify(log) by extensions ['ignore', 'ignore_ament_install']
[4.151s] Level 1:colcon.colcon_core.package_identification:_identify(log) by extension 'ignore'
[4.152s] Level 1:colcon.colcon_core.package_identification:_identify(log) ignored
[4.152s] Level 1:colcon.colcon_core.package_identification:_identify(src) by extensions ['ignore', 'ignore_ament_install']
[4.152s] Level 1:colcon.colcon_core.package_identification:_identify(src) by extension 'ignore'
[4.152s] Level 1:colcon.colcon_core.package_identification:_identify(src) by extension 'ignore_ament_install'
[4.152s] Level 1:colcon.colcon_core.package_identification:_identify(src) by extensions ['colcon_pkg']
[4.152s] Level 1:colcon.colcon_core.package_identification:_identify(src) by extension 'colcon_pkg'
[4.152s] Level 1:colcon.colcon_core.package_identification:_identify(src) by extensions ['colcon_meta']
[4.152s] Level 1:colcon.colcon_core.package_identification:_identify(src) by extension 'colcon_meta'
[4.152s] Level 1:colcon.colcon_core.package_identification:_identify(src) by extensions ['ros']
[4.152s] Level 1:colcon.colcon_core.package_identification:_identify(src) by extension 'ros'
[4.152s] Level 1:colcon.colcon_core.package_identification:_identify(src) by extensions ['cmake', 'python']
[4.152s] Level 1:colcon.colcon_core.package_identification:_identify(src) by extension 'cmake'
[4.152s] Level 1:colcon.colcon_core.package_identification:_identify(src) by extension 'python'
[4.153s] Level 1:colcon.colcon_core.package_identification:_identify(src) by extensions ['python_setup_py']
[4.153s] Level 1:colcon.colcon_core.package_identification:_identify(src) by extension 'python_setup_py'
[4.153s] Level 1:colcon.colcon_core.package_discovery:discover_packages(recursive) using defaults
[4.153s] Level 1:colcon.colcon_core.package_discovery:discover_packages(ignore) discover
[4.153s] Level 1:colcon.colcon_core.package_discovery:discover_packages(ignore) using defaults
[4.153s] Level 1:colcon.colcon_core.package_discovery:discover_packages(path) discover
[4.153s] Level 1:colcon.colcon_core.package_discovery:discover_packages(path) using defaults
[4.385s] Level 1:colcon.colcon_core.package_discovery:discover_packages(prefix_path) check parameters
[4.385s] Level 1:colcon.colcon_core.package_discovery:discover_packages(prefix_path) discover
[4.412s] DEBUG:colcon.colcon_installed_package_information.package_discovery:Found 270 installed packages in /opt/ros/humble
[4.433s] Level 1:colcon.colcon_core.package_discovery:discover_packages(prefix_path) using defaults
[4.535s] INFO:colcon.colcon_core.executor:Executing jobs using 'parallel' executor
[4.537s] DEBUG:colcon.colcon_parallel_executor.executor.parallel:run_until_complete
[4.537s] DEBUG:colcon.colcon_parallel_executor.executor.parallel:closing loop
[4.537s] DEBUG:colcon.colcon_parallel_executor.executor.parallel:loop closed
[4.537s] DEBUG:colcon.colcon_parallel_executor.executor.parallel:run_until_complete finished with '0'
[4.537s] DEBUG:colcon.colcon_core.event_reactor:joining thread
[4.589s] INFO:colcon.colcon_core.plugin_system:Skipping extension 'colcon_notification.desktop_notification.notify_send': Could not find 'notify-send'
[4.590s] INFO:colcon.colcon_core.plugin_system:Skipping extension 'colcon_notification.desktop_notification.terminal_notifier': Not used on non-Darwin systems
[4.590s] INFO:colcon.colcon_core.plugin_system:Skipping extension 'colcon_notification.desktop_notification.win32': Not used on non-Windows systems
[4.590s] INFO:colcon.colcon_notification.desktop_notification:Sending desktop notification using 'notify2'
[4.609s] DEBUG:colcon.colcon_core.event_reactor:joined thread
[4.784s] INFO:colcon.colcon_core.plugin_system:Skipping extension 'colcon_core.shell.bat': Not used on non-Windows systems
[4.785s] INFO:colcon.colcon_core.shell:Creating prefix script '/home/letizia/Documentos/ros2_ws/install/local_setup.ps1'
[4.806s] INFO:colcon.colcon_core.shell:Creating prefix util module '/home/letizia/Documentos/ros2_ws/install/_local_setup_util_ps1.py'
[4.818s] INFO:colcon.colcon_core.shell:Creating prefix chain script '/home/letizia/Documentos/ros2_ws/install/setup.ps1'
[4.823s] INFO:colcon.colcon_core.shell:Creating prefix script '/home/letizia/Documentos/ros2_ws/install/local_setup.sh'
[4.827s] INFO:colcon.colcon_core.shell:Creating prefix util module '/home/letizia/Documentos/ros2_ws/install/_local_setup_util_sh.py'
[4.830s] INFO:colcon.colcon_core.shell:Creating prefix chain script '/home/letizia/Documentos/ros2_ws/install/setup.sh'
[4.837s] INFO:colcon.colcon_core.shell:Creating prefix script '/home/letizia/Documentos/ros2_ws/install/local_setup.bash'
[4.841s] INFO:colcon.colcon_core.shell:Creating prefix chain script '/home/letizia/Documentos/ros2_ws/install/setup.bash'
[4.846s] INFO:colcon.colcon_core.shell:Creating prefix script '/home/letizia/Documentos/ros2_ws/install/local_setup.zsh'
[4.869s] INFO:colcon.colcon_core.shell:Creating prefix chain script '/home/letizia/Documentos/ros2_ws/install/setup.zsh'
