[0.086s] Invoking command in '/home/letizia/Documentos/ros2_ws/build/battery_manager': BYOBU_DATE=%Y-%m-%d CMAKE_PREFIX_PATH=/home/letizia/Documentos/ros2_ws/install/my_robot_interfaces:/home/letizia/Documentos/ros2_ws/install/my_cpp_pkg:/home/letizia/Documentos/ros2_ws/install/battery_manager:/home/letizia/Documentos/ros2_ws/install/my_counter:/home/letizia/Documentos/ros2_ws/install/my_py_pkg:/opt/ros/humble /usr/bin/cmake /home/letizia/Documentos/ros2_ws/src/battery_manager -DCMAKE_INSTALL_PREFIX=/home/letizia/Documentos/ros2_ws/install/battery_manager
[0.594s] -- The C compiler identification is GNU 11.4.0
[0.956s] -- The CXX compiler identification is GNU 11.4.0
[1.032s] -- Detecting C compiler ABI info
[1.469s] -- Detecting C compiler ABI info - done
[1.566s] -- Check for working C compiler: /usr/bin/cc - skipped
[1.566s] -- Detecting C compile features
[1.574s] -- Detecting C compile features - done
[1.606s] -- Detecting CXX compiler ABI info
[2.067s] -- Detecting CXX compiler ABI info - done
[2.115s] -- Check for working CXX compiler: /usr/bin/c++ - skipped
[2.126s] -- Detecting CXX compile features
[2.157s] -- Detecting CXX compile features - done
[2.180s] -- Found ament_cmake: 1.3.10 (/opt/ros/humble/share/ament_cmake/cmake)
[4.150s] -- Found Python3: /usr/bin/python3 (found version "3.10.12") found components: Interpreter 
[5.356s] -- Found rclcpp: 16.0.10 (/opt/ros/humble/share/rclcpp/cmake)
[5.789s] -- Found rosidl_generator_c: 3.1.5 (/opt/ros/humble/share/rosidl_generator_c/cmake)
[5.856s] -- Found rosidl_adapter: 3.1.5 (/opt/ros/humble/share/rosidl_adapter/cmake)
[6.007s] -- Found rosidl_generator_cpp: 3.1.5 (/opt/ros/humble/share/rosidl_generator_cpp/cmake)
[6.102s] -- Using all available rosidl_typesupport_c: rosidl_typesupport_fastrtps_c;rosidl_typesupport_introspection_c
[6.322s] -- Using all available rosidl_typesupport_cpp: rosidl_typesupport_fastrtps_cpp;rosidl_typesupport_introspection_cpp
[6.822s] -- Found rmw_implementation_cmake: 6.1.2 (/opt/ros/humble/share/rmw_implementation_cmake/cmake)
[6.825s] -- Found rmw_fastrtps_cpp: 6.2.7 (/opt/ros/humble/share/rmw_fastrtps_cpp/cmake)
[7.615s] -- Found OpenSSL: /usr/lib/x86_64-linux-gnu/libcrypto.so (found version "3.0.2")  
[7.756s] -- Found FastRTPS: /opt/ros/humble/include  
[7.921s] -- Using RMW implementation 'rmw_fastrtps_cpp' as default
[7.964s] -- Looking for pthread.h
[8.361s] -- Looking for pthread.h - found
[8.371s] -- Performing Test CMAKE_HAVE_LIBC_PTHREAD
[8.899s] -- Performing Test CMAKE_HAVE_LIBC_PTHREAD - Success
[8.913s] -- Found Threads: TRUE  
[9.165s] -- Found my_robot_interfaces: 0.0.0 (/home/letizia/Documentos/ros2_ws/install/my_robot_interfaces/share/my_robot_interfaces/cmake)
[10.062s] -- Configuring done
[10.251s] -- Generating done
[10.345s] -- Build files have been written to: /home/letizia/Documentos/ros2_ws/build/battery_manager
[10.430s] Invoked command in '/home/letizia/Documentos/ros2_ws/build/battery_manager' returned '0': BYOBU_DATE=%Y-%m-%d CMAKE_PREFIX_PATH=/home/letizia/Documentos/ros2_ws/install/my_robot_interfaces:/home/letizia/Documentos/ros2_ws/install/my_cpp_pkg:/home/letizia/Documentos/ros2_ws/install/battery_manager:/home/letizia/Documentos/ros2_ws/install/my_counter:/home/letizia/Documentos/ros2_ws/install/my_py_pkg:/opt/ros/humble /usr/bin/cmake /home/letizia/Documentos/ros2_ws/src/battery_manager -DCMAKE_INSTALL_PREFIX=/home/letizia/Documentos/ros2_ws/install/battery_manager
[10.438s] Invoking command in '/home/letizia/Documentos/ros2_ws/build/battery_manager': BYOBU_DATE=%Y-%m-%d CMAKE_PREFIX_PATH=/home/letizia/Documentos/ros2_ws/install/my_robot_interfaces:/home/letizia/Documentos/ros2_ws/install/my_cpp_pkg:/home/letizia/Documentos/ros2_ws/install/battery_manager:/home/letizia/Documentos/ros2_ws/install/my_counter:/home/letizia/Documentos/ros2_ws/install/my_py_pkg:/opt/ros/humble /usr/bin/cmake --build /home/letizia/Documentos/ros2_ws/build/battery_manager -- -j4 -l4
[10.731s] [ 25%] [32mBuilding CXX object CMakeFiles/led_panel.dir/src/LED_panel.cpp.o[0m
[37.765s] [ 50%] [32m[1mLinking CXX executable led_panel[0m
[38.461s] [ 50%] Built target led_panel
[38.494s] [ 75%] [32mBuilding CXX object CMakeFiles/battery_node.dir/src/battery.cpp.o[0m
[38.523s] [100%] [32m[1mLinking CXX executable battery_node[0m
[38.620s] /usr/bin/ld: /usr/lib/gcc/x86_64-linux-gnu/11/../../../x86_64-linux-gnu/Scrt1.o: na função "_start":
[38.620s] (.text+0x1b): referência não definida para "main"
[38.623s] collect2: error: ld returned 1 exit status
[38.627s] gmake[2]: *** [CMakeFiles/battery_node.dir/build.make:159: battery_node] Erro 1
[38.627s] gmake[1]: *** [CMakeFiles/Makefile2:165: CMakeFiles/battery_node.dir/all] Erro 2
[38.628s] gmake: *** [Makefile:146: all] Erro 2
[38.631s] Invoked command in '/home/letizia/Documentos/ros2_ws/build/battery_manager' returned '2': BYOBU_DATE=%Y-%m-%d CMAKE_PREFIX_PATH=/home/letizia/Documentos/ros2_ws/install/my_robot_interfaces:/home/letizia/Documentos/ros2_ws/install/my_cpp_pkg:/home/letizia/Documentos/ros2_ws/install/battery_manager:/home/letizia/Documentos/ros2_ws/install/my_counter:/home/letizia/Documentos/ros2_ws/install/my_py_pkg:/opt/ros/humble /usr/bin/cmake --build /home/letizia/Documentos/ros2_ws/build/battery_manager -- -j4 -l4
