[0.030s] Invoking command in '/home/letizia/Documentos/ros2_ws/build/my_robot_interfaces': BYOBU_DATE=%Y-%m-%d CMAKE_PREFIX_PATH=${CMAKE_PREFIX_PATH}:/home/letizia/Documentos/ros2_ws/install/my_py_pkg:/opt/ros/humble /usr/bin/cmake --build /home/letizia/Documentos/ros2_ws/build/my_robot_interfaces -- -j4 -l4
[0.177s] [  1%] Built target my_robot_interfaces__cpp
[0.188s] [ 12%] Built target my_robot_interfaces__rosidl_generator_c
[0.237s] [ 12%] Built target ament_cmake_python_copy_my_robot_interfaces
[0.240s] [ 23%] Built target my_robot_interfaces__rosidl_typesupport_cpp
[0.271s] [ 34%] Built target my_robot_interfaces__rosidl_typesupport_fastrtps_cpp
[0.284s] [ 45%] Built target my_robot_interfaces__rosidl_typesupport_introspection_cpp
[0.350s] [ 56%] Built target my_robot_interfaces__rosidl_typesupport_introspection_c
[0.351s] [ 67%] Built target my_robot_interfaces__rosidl_typesupport_fastrtps_c
[0.387s] [ 78%] Built target my_robot_interfaces__rosidl_typesupport_c
[0.422s] [ 78%] Built target my_robot_interfaces
[0.459s] [ 80%] Built target my_robot_interfaces__py
[0.501s] [ 89%] Built target my_robot_interfaces__rosidl_generator_py
[0.568s] [ 92%] Built target my_robot_interfaces__rosidl_typesupport_fastrtps_c__pyext
[0.582s] [ 96%] Built target my_robot_interfaces__rosidl_typesupport_introspection_c__pyext
[0.585s] [100%] Built target my_robot_interfaces__rosidl_typesupport_c__pyext
[0.872s] running egg_info
[0.875s] writing my_robot_interfaces.egg-info/PKG-INFO
[0.875s] writing dependency_links to my_robot_interfaces.egg-info/dependency_links.txt
[0.875s] writing top-level names to my_robot_interfaces.egg-info/top_level.txt
[0.879s] reading manifest file 'my_robot_interfaces.egg-info/SOURCES.txt'
[0.880s] writing manifest file 'my_robot_interfaces.egg-info/SOURCES.txt'
[0.935s] [100%] Built target ament_cmake_python_build_my_robot_interfaces_egg
[0.960s] Invoked command in '/home/letizia/Documentos/ros2_ws/build/my_robot_interfaces' returned '0': BYOBU_DATE=%Y-%m-%d CMAKE_PREFIX_PATH=${CMAKE_PREFIX_PATH}:/home/letizia/Documentos/ros2_ws/install/my_py_pkg:/opt/ros/humble /usr/bin/cmake --build /home/letizia/Documentos/ros2_ws/build/my_robot_interfaces -- -j4 -l4
[0.964s] Invoking command in '/home/letizia/Documentos/ros2_ws/build/my_robot_interfaces': BYOBU_DATE=%Y-%m-%d CMAKE_PREFIX_PATH=${CMAKE_PREFIX_PATH}:/home/letizia/Documentos/ros2_ws/install/my_py_pkg:/opt/ros/humble /usr/bin/cmake --install /home/letizia/Documentos/ros2_ws/build/my_robot_interfaces
[0.978s] -- Install configuration: ""
[0.978s] -- Up-to-date: /home/letizia/Documentos/ros2_ws/install/my_robot_interfaces/share/ament_index/resource_index/rosidl_interfaces/my_robot_interfaces
[0.978s] -- Up-to-date: /home/letizia/Documentos/ros2_ws/install/my_robot_interfaces/include/my_robot_interfaces/my_robot_interfaces
[0.978s] -- Up-to-date: /home/letizia/Documentos/ros2_ws/install/my_robot_interfaces/include/my_robot_interfaces/my_robot_interfaces/msg
[0.983s] -- Up-to-date: /home/letizia/Documentos/ros2_ws/install/my_robot_interfaces/include/my_robot_interfaces/my_robot_interfaces/msg/rosidl_generator_c__visibility_control.h
[0.984s] -- Up-to-date: /home/letizia/Documentos/ros2_ws/install/my_robot_interfaces/include/my_robot_interfaces/my_robot_interfaces/msg/detail
[0.984s] -- Up-to-date: /home/letizia/Documentos/ros2_ws/install/my_robot_interfaces/include/my_robot_interfaces/my_robot_interfaces/msg/detail/hardware_status__functions.h
[0.984s] -- Up-to-date: /home/letizia/Documentos/ros2_ws/install/my_robot_interfaces/include/my_robot_interfaces/my_robot_interfaces/msg/detail/hardware_status__functions.c
[0.984s] -- Up-to-date: /home/letizia/Documentos/ros2_ws/install/my_robot_interfaces/include/my_robot_interfaces/my_robot_interfaces/msg/detail/led_panel_state__struct.h
[0.985s] -- Up-to-date: /home/letizia/Documentos/ros2_ws/install/my_robot_interfaces/include/my_robot_interfaces/my_robot_interfaces/msg/detail/led_panel_state__type_support.h
[0.985s] -- Up-to-date: /home/letizia/Documentos/ros2_ws/install/my_robot_interfaces/include/my_robot_interfaces/my_robot_interfaces/msg/detail/led_panel_state__functions.c
[0.985s] -- Up-to-date: /home/letizia/Documentos/ros2_ws/install/my_robot_interfaces/include/my_robot_interfaces/my_robot_interfaces/msg/detail/hardware_status__type_support.h
[0.986s] -- Up-to-date: /home/letizia/Documentos/ros2_ws/install/my_robot_interfaces/include/my_robot_interfaces/my_robot_interfaces/msg/detail/led_panel_state__functions.h
[0.986s] -- Up-to-date: /home/letizia/Documentos/ros2_ws/install/my_robot_interfaces/include/my_robot_interfaces/my_robot_interfaces/msg/detail/hardware_status__struct.h
[0.986s] -- Up-to-date: /home/letizia/Documentos/ros2_ws/install/my_robot_interfaces/include/my_robot_interfaces/my_robot_interfaces/msg/led_panel_state.h
[0.986s] -- Up-to-date: /home/letizia/Documentos/ros2_ws/install/my_robot_interfaces/include/my_robot_interfaces/my_robot_interfaces/msg/hardware_status.h
[0.986s] -- Up-to-date: /home/letizia/Documentos/ros2_ws/install/my_robot_interfaces/include/my_robot_interfaces/my_robot_interfaces/srv
[0.986s] -- Up-to-date: /home/letizia/Documentos/ros2_ws/install/my_robot_interfaces/include/my_robot_interfaces/my_robot_interfaces/srv/compute_rectangle_area.h
[0.986s] -- Up-to-date: /home/letizia/Documentos/ros2_ws/install/my_robot_interfaces/include/my_robot_interfaces/my_robot_interfaces/srv/detail
[0.991s] -- Up-to-date: /home/letizia/Documentos/ros2_ws/install/my_robot_interfaces/include/my_robot_interfaces/my_robot_interfaces/srv/detail/compute_rectangle_area__struct.h
[0.992s] -- Up-to-date: /home/letizia/Documentos/ros2_ws/install/my_robot_interfaces/include/my_robot_interfaces/my_robot_interfaces/srv/detail/compute_rectangle_area__type_support.h
[0.992s] -- Up-to-date: /home/letizia/Documentos/ros2_ws/install/my_robot_interfaces/include/my_robot_interfaces/my_robot_interfaces/srv/detail/set_led__functions.c
[0.992s] -- Up-to-date: /home/letizia/Documentos/ros2_ws/install/my_robot_interfaces/include/my_robot_interfaces/my_robot_interfaces/srv/detail/set_led__struct.h
[0.992s] -- Up-to-date: /home/letizia/Documentos/ros2_ws/install/my_robot_interfaces/include/my_robot_interfaces/my_robot_interfaces/srv/detail/set_led__functions.h
[0.992s] -- Up-to-date: /home/letizia/Documentos/ros2_ws/install/my_robot_interfaces/include/my_robot_interfaces/my_robot_interfaces/srv/detail/set_led__type_support.h
[0.992s] -- Up-to-date: /home/letizia/Documentos/ros2_ws/install/my_robot_interfaces/include/my_robot_interfaces/my_robot_interfaces/srv/detail/compute_rectangle_area__functions.c
[0.993s] -- Up-to-date: /home/letizia/Documentos/ros2_ws/install/my_robot_interfaces/include/my_robot_interfaces/my_robot_interfaces/srv/detail/compute_rectangle_area__functions.h
[0.993s] -- Up-to-date: /home/letizia/Documentos/ros2_ws/install/my_robot_interfaces/include/my_robot_interfaces/my_robot_interfaces/srv/set_led.h
[0.993s] -- Up-to-date: /home/letizia/Documentos/ros2_ws/install/my_robot_interfaces/share/my_robot_interfaces/environment/library_path.sh
[0.993s] -- Up-to-date: /home/letizia/Documentos/ros2_ws/install/my_robot_interfaces/share/my_robot_interfaces/environment/library_path.dsv
[0.993s] -- Up-to-date: /home/letizia/Documentos/ros2_ws/install/my_robot_interfaces/lib/libmy_robot_interfaces__rosidl_generator_c.so
[0.998s] -- Up-to-date: /home/letizia/Documentos/ros2_ws/install/my_robot_interfaces/include/my_robot_interfaces/my_robot_interfaces
[0.998s] -- Up-to-date: /home/letizia/Documentos/ros2_ws/install/my_robot_interfaces/include/my_robot_interfaces/my_robot_interfaces/msg
[0.998s] -- Up-to-date: /home/letizia/Documentos/ros2_ws/install/my_robot_interfaces/include/my_robot_interfaces/my_robot_interfaces/msg/detail
[0.999s] -- Up-to-date: /home/letizia/Documentos/ros2_ws/install/my_robot_interfaces/include/my_robot_interfaces/my_robot_interfaces/msg/detail/hardware_status__rosidl_typesupport_fastrtps_c.h
[0.999s] -- Up-to-date: /home/letizia/Documentos/ros2_ws/install/my_robot_interfaces/include/my_robot_interfaces/my_robot_interfaces/msg/detail/led_panel_state__rosidl_typesupport_fastrtps_c.h
[0.999s] -- Up-to-date: /home/letizia/Documentos/ros2_ws/install/my_robot_interfaces/include/my_robot_interfaces/my_robot_interfaces/msg/rosidl_typesupport_fastrtps_c__visibility_control.h
[0.999s] -- Up-to-date: /home/letizia/Documentos/ros2_ws/install/my_robot_interfaces/include/my_robot_interfaces/my_robot_interfaces/srv
[0.999s] -- Up-to-date: /home/letizia/Documentos/ros2_ws/install/my_robot_interfaces/include/my_robot_interfaces/my_robot_interfaces/srv/detail
[0.999s] -- Up-to-date: /home/letizia/Documentos/ros2_ws/install/my_robot_interfaces/include/my_robot_interfaces/my_robot_interfaces/srv/detail/set_led__rosidl_typesupport_fastrtps_c.h
[1.000s] -- Up-to-date: /home/letizia/Documentos/ros2_ws/install/my_robot_interfaces/include/my_robot_interfaces/my_robot_interfaces/srv/detail/compute_rectangle_area__rosidl_typesupport_fastrtps_c.h
[1.005s] -- Up-to-date: /home/letizia/Documentos/ros2_ws/install/my_robot_interfaces/lib/libmy_robot_interfaces__rosidl_typesupport_fastrtps_c.so
[1.008s] -- Up-to-date: /home/letizia/Documentos/ros2_ws/install/my_robot_interfaces/include/my_robot_interfaces/my_robot_interfaces
[1.009s] -- Up-to-date: /home/letizia/Documentos/ros2_ws/install/my_robot_interfaces/include/my_robot_interfaces/my_robot_interfaces/msg
[1.009s] -- Up-to-date: /home/letizia/Documentos/ros2_ws/install/my_robot_interfaces/include/my_robot_interfaces/my_robot_interfaces/msg/detail
[1.009s] -- Up-to-date: /home/letizia/Documentos/ros2_ws/install/my_robot_interfaces/include/my_robot_interfaces/my_robot_interfaces/msg/detail/hardware_status__rosidl_typesupport_introspection_c.h
[1.009s] -- Up-to-date: /home/letizia/Documentos/ros2_ws/install/my_robot_interfaces/include/my_robot_interfaces/my_robot_interfaces/msg/detail/hardware_status__type_support.c
[1.009s] -- Up-to-date: /home/letizia/Documentos/ros2_ws/install/my_robot_interfaces/include/my_robot_interfaces/my_robot_interfaces/msg/detail/led_panel_state__type_support.c
[1.017s] -- Up-to-date: /home/letizia/Documentos/ros2_ws/install/my_robot_interfaces/include/my_robot_interfaces/my_robot_interfaces/msg/detail/led_panel_state__rosidl_typesupport_introspection_c.h
[1.017s] -- Up-to-date: /home/letizia/Documentos/ros2_ws/install/my_robot_interfaces/include/my_robot_interfaces/my_robot_interfaces/msg/rosidl_typesupport_introspection_c__visibility_control.h
[1.017s] -- Up-to-date: /home/letizia/Documentos/ros2_ws/install/my_robot_interfaces/include/my_robot_interfaces/my_robot_interfaces/srv
[1.017s] -- Up-to-date: /home/letizia/Documentos/ros2_ws/install/my_robot_interfaces/include/my_robot_interfaces/my_robot_interfaces/srv/detail
[1.017s] -- Up-to-date: /home/letizia/Documentos/ros2_ws/install/my_robot_interfaces/include/my_robot_interfaces/my_robot_interfaces/srv/detail/set_led__rosidl_typesupport_introspection_c.h
[1.023s] -- Up-to-date: /home/letizia/Documentos/ros2_ws/install/my_robot_interfaces/include/my_robot_interfaces/my_robot_interfaces/srv/detail/set_led__type_support.c
[1.023s] -- Up-to-date: /home/letizia/Documentos/ros2_ws/install/my_robot_interfaces/include/my_robot_interfaces/my_robot_interfaces/srv/detail/compute_rectangle_area__type_support.c
[1.023s] -- Up-to-date: /home/letizia/Documentos/ros2_ws/install/my_robot_interfaces/include/my_robot_interfaces/my_robot_interfaces/srv/detail/compute_rectangle_area__rosidl_typesupport_introspection_c.h
[1.023s] -- Up-to-date: /home/letizia/Documentos/ros2_ws/install/my_robot_interfaces/lib/libmy_robot_interfaces__rosidl_typesupport_introspection_c.so
[1.023s] -- Up-to-date: /home/letizia/Documentos/ros2_ws/install/my_robot_interfaces/lib/libmy_robot_interfaces__rosidl_typesupport_c.so
[1.023s] -- Up-to-date: /home/letizia/Documentos/ros2_ws/install/my_robot_interfaces/include/my_robot_interfaces/my_robot_interfaces
[1.024s] -- Up-to-date: /home/letizia/Documentos/ros2_ws/install/my_robot_interfaces/include/my_robot_interfaces/my_robot_interfaces/msg
[1.024s] -- Up-to-date: /home/letizia/Documentos/ros2_ws/install/my_robot_interfaces/include/my_robot_interfaces/my_robot_interfaces/msg/detail
[1.024s] -- Up-to-date: /home/letizia/Documentos/ros2_ws/install/my_robot_interfaces/include/my_robot_interfaces/my_robot_interfaces/msg/detail/hardware_status__struct.hpp
[1.024s] -- Up-to-date: /home/letizia/Documentos/ros2_ws/install/my_robot_interfaces/include/my_robot_interfaces/my_robot_interfaces/msg/detail/led_panel_state__struct.hpp
[1.024s] -- Up-to-date: /home/letizia/Documentos/ros2_ws/install/my_robot_interfaces/include/my_robot_interfaces/my_robot_interfaces/msg/detail/hardware_status__traits.hpp
[1.024s] -- Up-to-date: /home/letizia/Documentos/ros2_ws/install/my_robot_interfaces/include/my_robot_interfaces/my_robot_interfaces/msg/detail/led_panel_state__builder.hpp
[1.024s] -- Up-to-date: /home/letizia/Documentos/ros2_ws/install/my_robot_interfaces/include/my_robot_interfaces/my_robot_interfaces/msg/detail/hardware_status__builder.hpp
[1.025s] -- Up-to-date: /home/letizia/Documentos/ros2_ws/install/my_robot_interfaces/include/my_robot_interfaces/my_robot_interfaces/msg/detail/led_panel_state__traits.hpp
[1.025s] -- Up-to-date: /home/letizia/Documentos/ros2_ws/install/my_robot_interfaces/include/my_robot_interfaces/my_robot_interfaces/msg/led_panel_state.hpp
[1.025s] -- Up-to-date: /home/letizia/Documentos/ros2_ws/install/my_robot_interfaces/include/my_robot_interfaces/my_robot_interfaces/msg/hardware_status.hpp
[1.025s] -- Up-to-date: /home/letizia/Documentos/ros2_ws/install/my_robot_interfaces/include/my_robot_interfaces/my_robot_interfaces/srv
[1.025s] -- Up-to-date: /home/letizia/Documentos/ros2_ws/install/my_robot_interfaces/include/my_robot_interfaces/my_robot_interfaces/srv/compute_rectangle_area.hpp
[1.032s] -- Up-to-date: /home/letizia/Documentos/ros2_ws/install/my_robot_interfaces/include/my_robot_interfaces/my_robot_interfaces/srv/set_led.hpp
[1.032s] -- Up-to-date: /home/letizia/Documentos/ros2_ws/install/my_robot_interfaces/include/my_robot_interfaces/my_robot_interfaces/srv/detail
[1.033s] -- Up-to-date: /home/letizia/Documentos/ros2_ws/install/my_robot_interfaces/include/my_robot_interfaces/my_robot_interfaces/srv/detail/set_led__struct.hpp
[1.033s] -- Up-to-date: /home/letizia/Documentos/ros2_ws/install/my_robot_interfaces/include/my_robot_interfaces/my_robot_interfaces/srv/detail/compute_rectangle_area__builder.hpp
[1.033s] -- Up-to-date: /home/letizia/Documentos/ros2_ws/install/my_robot_interfaces/include/my_robot_interfaces/my_robot_interfaces/srv/detail/set_led__builder.hpp
[1.033s] -- Up-to-date: /home/letizia/Documentos/ros2_ws/install/my_robot_interfaces/include/my_robot_interfaces/my_robot_interfaces/srv/detail/compute_rectangle_area__traits.hpp
[1.033s] -- Up-to-date: /home/letizia/Documentos/ros2_ws/install/my_robot_interfaces/include/my_robot_interfaces/my_robot_interfaces/srv/detail/compute_rectangle_area__struct.hpp
[1.033s] -- Up-to-date: /home/letizia/Documentos/ros2_ws/install/my_robot_interfaces/include/my_robot_interfaces/my_robot_interfaces/srv/detail/set_led__traits.hpp
[1.033s] -- Up-to-date: /home/letizia/Documentos/ros2_ws/install/my_robot_interfaces/include/my_robot_interfaces/my_robot_interfaces
[1.034s] -- Up-to-date: /home/letizia/Documentos/ros2_ws/install/my_robot_interfaces/include/my_robot_interfaces/my_robot_interfaces/msg
[1.034s] -- Up-to-date: /home/letizia/Documentos/ros2_ws/install/my_robot_interfaces/include/my_robot_interfaces/my_robot_interfaces/msg/detail
[1.034s] -- Up-to-date: /home/letizia/Documentos/ros2_ws/install/my_robot_interfaces/include/my_robot_interfaces/my_robot_interfaces/msg/detail/dds_fastrtps
[1.034s] -- Up-to-date: /home/letizia/Documentos/ros2_ws/install/my_robot_interfaces/include/my_robot_interfaces/my_robot_interfaces/msg/detail/led_panel_state__rosidl_typesupport_fastrtps_cpp.hpp
[1.034s] -- Up-to-date: /home/letizia/Documentos/ros2_ws/install/my_robot_interfaces/include/my_robot_interfaces/my_robot_interfaces/msg/detail/hardware_status__rosidl_typesupport_fastrtps_cpp.hpp
[1.034s] -- Up-to-date: /home/letizia/Documentos/ros2_ws/install/my_robot_interfaces/include/my_robot_interfaces/my_robot_interfaces/msg/rosidl_typesupport_fastrtps_cpp__visibility_control.h
[1.034s] -- Up-to-date: /home/letizia/Documentos/ros2_ws/install/my_robot_interfaces/include/my_robot_interfaces/my_robot_interfaces/srv
[1.044s] -- Up-to-date: /home/letizia/Documentos/ros2_ws/install/my_robot_interfaces/include/my_robot_interfaces/my_robot_interfaces/srv/detail
[1.044s] -- Up-to-date: /home/letizia/Documentos/ros2_ws/install/my_robot_interfaces/include/my_robot_interfaces/my_robot_interfaces/srv/detail/dds_fastrtps
[1.044s] -- Up-to-date: /home/letizia/Documentos/ros2_ws/install/my_robot_interfaces/include/my_robot_interfaces/my_robot_interfaces/srv/detail/compute_rectangle_area__rosidl_typesupport_fastrtps_cpp.hpp
[1.044s] -- Up-to-date: /home/letizia/Documentos/ros2_ws/install/my_robot_interfaces/include/my_robot_interfaces/my_robot_interfaces/srv/detail/set_led__rosidl_typesupport_fastrtps_cpp.hpp
[1.044s] -- Up-to-date: /home/letizia/Documentos/ros2_ws/install/my_robot_interfaces/lib/libmy_robot_interfaces__rosidl_typesupport_fastrtps_cpp.so
[1.045s] -- Up-to-date: /home/letizia/Documentos/ros2_ws/install/my_robot_interfaces/include/my_robot_interfaces/my_robot_interfaces
[1.045s] -- Up-to-date: /home/letizia/Documentos/ros2_ws/install/my_robot_interfaces/include/my_robot_interfaces/my_robot_interfaces/msg
[1.045s] -- Up-to-date: /home/letizia/Documentos/ros2_ws/install/my_robot_interfaces/include/my_robot_interfaces/my_robot_interfaces/msg/detail
[1.045s] -- Up-to-date: /home/letizia/Documentos/ros2_ws/install/my_robot_interfaces/include/my_robot_interfaces/my_robot_interfaces/msg/detail/hardware_status__rosidl_typesupport_introspection_cpp.hpp
[1.045s] -- Up-to-date: /home/letizia/Documentos/ros2_ws/install/my_robot_interfaces/include/my_robot_interfaces/my_robot_interfaces/msg/detail/led_panel_state__rosidl_typesupport_introspection_cpp.hpp
[1.045s] -- Up-to-date: /home/letizia/Documentos/ros2_ws/install/my_robot_interfaces/include/my_robot_interfaces/my_robot_interfaces/msg/detail/led_panel_state__type_support.cpp
[1.045s] -- Up-to-date: /home/letizia/Documentos/ros2_ws/install/my_robot_interfaces/include/my_robot_interfaces/my_robot_interfaces/msg/detail/hardware_status__type_support.cpp
[1.046s] -- Up-to-date: /home/letizia/Documentos/ros2_ws/install/my_robot_interfaces/include/my_robot_interfaces/my_robot_interfaces/srv
[1.046s] -- Up-to-date: /home/letizia/Documentos/ros2_ws/install/my_robot_interfaces/include/my_robot_interfaces/my_robot_interfaces/srv/detail
[1.048s] -- Up-to-date: /home/letizia/Documentos/ros2_ws/install/my_robot_interfaces/include/my_robot_interfaces/my_robot_interfaces/srv/detail/set_led__rosidl_typesupport_introspection_cpp.hpp
[1.048s] -- Up-to-date: /home/letizia/Documentos/ros2_ws/install/my_robot_interfaces/include/my_robot_interfaces/my_robot_interfaces/srv/detail/set_led__type_support.cpp
[1.048s] -- Up-to-date: /home/letizia/Documentos/ros2_ws/install/my_robot_interfaces/include/my_robot_interfaces/my_robot_interfaces/srv/detail/compute_rectangle_area__rosidl_typesupport_introspection_cpp.hpp
[1.049s] -- Up-to-date: /home/letizia/Documentos/ros2_ws/install/my_robot_interfaces/include/my_robot_interfaces/my_robot_interfaces/srv/detail/compute_rectangle_area__type_support.cpp
[1.049s] -- Up-to-date: /home/letizia/Documentos/ros2_ws/install/my_robot_interfaces/lib/libmy_robot_interfaces__rosidl_typesupport_introspection_cpp.so
[1.049s] -- Up-to-date: /home/letizia/Documentos/ros2_ws/install/my_robot_interfaces/lib/libmy_robot_interfaces__rosidl_typesupport_cpp.so
[1.049s] -- Up-to-date: /home/letizia/Documentos/ros2_ws/install/my_robot_interfaces/share/my_robot_interfaces/environment/pythonpath.sh
[1.049s] -- Up-to-date: /home/letizia/Documentos/ros2_ws/install/my_robot_interfaces/share/my_robot_interfaces/environment/pythonpath.dsv
[1.050s] -- Up-to-date: /home/letizia/Documentos/ros2_ws/install/my_robot_interfaces/local/lib/python3.10/dist-packages/my_robot_interfaces-0.0.0-py3.10.egg-info
[1.054s] -- Installing: /home/letizia/Documentos/ros2_ws/install/my_robot_interfaces/local/lib/python3.10/dist-packages/my_robot_interfaces-0.0.0-py3.10.egg-info/PKG-INFO
[1.061s] -- Installing: /home/letizia/Documentos/ros2_ws/install/my_robot_interfaces/local/lib/python3.10/dist-packages/my_robot_interfaces-0.0.0-py3.10.egg-info/top_level.txt
[1.061s] -- Installing: /home/letizia/Documentos/ros2_ws/install/my_robot_interfaces/local/lib/python3.10/dist-packages/my_robot_interfaces-0.0.0-py3.10.egg-info/dependency_links.txt
[1.062s] -- Installing: /home/letizia/Documentos/ros2_ws/install/my_robot_interfaces/local/lib/python3.10/dist-packages/my_robot_interfaces-0.0.0-py3.10.egg-info/SOURCES.txt
[1.062s] -- Up-to-date: /home/letizia/Documentos/ros2_ws/install/my_robot_interfaces/local/lib/python3.10/dist-packages/my_robot_interfaces
[1.062s] -- Up-to-date: /home/letizia/Documentos/ros2_ws/install/my_robot_interfaces/local/lib/python3.10/dist-packages/my_robot_interfaces/_my_robot_interfaces_s.ep.rosidl_typesupport_c.c
[1.062s] -- Up-to-date: /home/letizia/Documentos/ros2_ws/install/my_robot_interfaces/local/lib/python3.10/dist-packages/my_robot_interfaces/__init__.py
[1.062s] -- Up-to-date: /home/letizia/Documentos/ros2_ws/install/my_robot_interfaces/local/lib/python3.10/dist-packages/my_robot_interfaces/my_robot_interfaces_s__rosidl_typesupport_fastrtps_c.cpython-310-x86_64-linux-gnu.so
[1.062s] -- Up-to-date: /home/letizia/Documentos/ros2_ws/install/my_robot_interfaces/local/lib/python3.10/dist-packages/my_robot_interfaces/my_robot_interfaces_s__rosidl_typesupport_introspection_c.cpython-310-x86_64-linux-gnu.so
[1.062s] -- Up-to-date: /home/letizia/Documentos/ros2_ws/install/my_robot_interfaces/local/lib/python3.10/dist-packages/my_robot_interfaces/libmy_robot_interfaces__rosidl_generator_py.so
[1.063s] -- Up-to-date: /home/letizia/Documentos/ros2_ws/install/my_robot_interfaces/local/lib/python3.10/dist-packages/my_robot_interfaces/my_robot_interfaces_s__rosidl_typesupport_c.cpython-310-x86_64-linux-gnu.so
[1.063s] -- Up-to-date: /home/letizia/Documentos/ros2_ws/install/my_robot_interfaces/local/lib/python3.10/dist-packages/my_robot_interfaces/msg
[1.063s] -- Up-to-date: /home/letizia/Documentos/ros2_ws/install/my_robot_interfaces/local/lib/python3.10/dist-packages/my_robot_interfaces/msg/__init__.py
[1.063s] -- Up-to-date: /home/letizia/Documentos/ros2_ws/install/my_robot_interfaces/local/lib/python3.10/dist-packages/my_robot_interfaces/msg/_led_panel_state_s.c
[1.063s] -- Up-to-date: /home/letizia/Documentos/ros2_ws/install/my_robot_interfaces/local/lib/python3.10/dist-packages/my_robot_interfaces/msg/_led_panel_state.py
[1.063s] -- Up-to-date: /home/letizia/Documentos/ros2_ws/install/my_robot_interfaces/local/lib/python3.10/dist-packages/my_robot_interfaces/msg/_hardware_status.py
[1.064s] -- Up-to-date: /home/letizia/Documentos/ros2_ws/install/my_robot_interfaces/local/lib/python3.10/dist-packages/my_robot_interfaces/msg/_hardware_status_s.c
[1.064s] -- Up-to-date: /home/letizia/Documentos/ros2_ws/install/my_robot_interfaces/local/lib/python3.10/dist-packages/my_robot_interfaces/_my_robot_interfaces_s.ep.rosidl_typesupport_introspection_c.c
[1.064s] -- Up-to-date: /home/letizia/Documentos/ros2_ws/install/my_robot_interfaces/local/lib/python3.10/dist-packages/my_robot_interfaces/_my_robot_interfaces_s.ep.rosidl_typesupport_fastrtps_c.c
[1.064s] -- Up-to-date: /home/letizia/Documentos/ros2_ws/install/my_robot_interfaces/local/lib/python3.10/dist-packages/my_robot_interfaces/srv
[1.064s] -- Up-to-date: /home/letizia/Documentos/ros2_ws/install/my_robot_interfaces/local/lib/python3.10/dist-packages/my_robot_interfaces/srv/__init__.py
[1.064s] -- Up-to-date: /home/letizia/Documentos/ros2_ws/install/my_robot_interfaces/local/lib/python3.10/dist-packages/my_robot_interfaces/srv/_compute_rectangle_area.py
[1.065s] -- Up-to-date: /home/letizia/Documentos/ros2_ws/install/my_robot_interfaces/local/lib/python3.10/dist-packages/my_robot_interfaces/srv/_set_led_s.c
[1.065s] -- Up-to-date: /home/letizia/Documentos/ros2_ws/install/my_robot_interfaces/local/lib/python3.10/dist-packages/my_robot_interfaces/srv/_compute_rectangle_area_s.c
[1.065s] -- Up-to-date: /home/letizia/Documentos/ros2_ws/install/my_robot_interfaces/local/lib/python3.10/dist-packages/my_robot_interfaces/srv/_set_led.py
[1.134s] Listing '/home/letizia/Documentos/ros2_ws/install/my_robot_interfaces/local/lib/python3.10/dist-packages/my_robot_interfaces'...
[1.137s] Listing '/home/letizia/Documentos/ros2_ws/install/my_robot_interfaces/local/lib/python3.10/dist-packages/my_robot_interfaces/msg'...
[1.137s] Listing '/home/letizia/Documentos/ros2_ws/install/my_robot_interfaces/local/lib/python3.10/dist-packages/my_robot_interfaces/srv'...
[1.150s] -- Up-to-date: /home/letizia/Documentos/ros2_ws/install/my_robot_interfaces/local/lib/python3.10/dist-packages/my_robot_interfaces/my_robot_interfaces_s__rosidl_typesupport_fastrtps_c.cpython-310-x86_64-linux-gnu.so
[1.152s] -- Up-to-date: /home/letizia/Documentos/ros2_ws/install/my_robot_interfaces/local/lib/python3.10/dist-packages/my_robot_interfaces/my_robot_interfaces_s__rosidl_typesupport_introspection_c.cpython-310-x86_64-linux-gnu.so
[1.153s] -- Up-to-date: /home/letizia/Documentos/ros2_ws/install/my_robot_interfaces/local/lib/python3.10/dist-packages/my_robot_interfaces/my_robot_interfaces_s__rosidl_typesupport_c.cpython-310-x86_64-linux-gnu.so
[1.155s] -- Up-to-date: /home/letizia/Documentos/ros2_ws/install/my_robot_interfaces/lib/libmy_robot_interfaces__rosidl_generator_py.so
[1.155s] -- Up-to-date: /home/letizia/Documentos/ros2_ws/install/my_robot_interfaces/share/my_robot_interfaces/msg/HardwareStatus.idl
[1.156s] -- Up-to-date: /home/letizia/Documentos/ros2_ws/install/my_robot_interfaces/share/my_robot_interfaces/srv/ComputeRectangleArea.idl
[1.156s] -- Up-to-date: /home/letizia/Documentos/ros2_ws/install/my_robot_interfaces/share/my_robot_interfaces/msg/LedPanelState.idl
[1.160s] -- Up-to-date: /home/letizia/Documentos/ros2_ws/install/my_robot_interfaces/share/my_robot_interfaces/srv/SetLed.idl
[1.160s] -- Up-to-date: /home/letizia/Documentos/ros2_ws/install/my_robot_interfaces/share/my_robot_interfaces/msg/HardwareStatus.msg
[1.161s] -- Up-to-date: /home/letizia/Documentos/ros2_ws/install/my_robot_interfaces/share/my_robot_interfaces/srv/ComputeRectangleArea.srv
[1.161s] -- Up-to-date: /home/letizia/Documentos/ros2_ws/install/my_robot_interfaces/share/my_robot_interfaces/srv/ComputeRectangleArea_Request.msg
[1.161s] -- Up-to-date: /home/letizia/Documentos/ros2_ws/install/my_robot_interfaces/share/my_robot_interfaces/srv/ComputeRectangleArea_Response.msg
[1.161s] -- Up-to-date: /home/letizia/Documentos/ros2_ws/install/my_robot_interfaces/share/my_robot_interfaces/msg/LedPanelState.msg
[1.162s] -- Up-to-date: /home/letizia/Documentos/ros2_ws/install/my_robot_interfaces/share/my_robot_interfaces/srv/SetLed.srv
[1.162s] -- Up-to-date: /home/letizia/Documentos/ros2_ws/install/my_robot_interfaces/share/my_robot_interfaces/srv/SetLed_Request.msg
[1.162s] -- Up-to-date: /home/letizia/Documentos/ros2_ws/install/my_robot_interfaces/share/my_robot_interfaces/srv/SetLed_Response.msg
[1.162s] -- Up-to-date: /home/letizia/Documentos/ros2_ws/install/my_robot_interfaces/share/ament_index/resource_index/package_run_dependencies/my_robot_interfaces
[1.163s] -- Up-to-date: /home/letizia/Documentos/ros2_ws/install/my_robot_interfaces/share/ament_index/resource_index/parent_prefix_path/my_robot_interfaces
[1.164s] -- Up-to-date: /home/letizia/Documentos/ros2_ws/install/my_robot_interfaces/share/my_robot_interfaces/environment/ament_prefix_path.sh
[1.164s] -- Up-to-date: /home/letizia/Documentos/ros2_ws/install/my_robot_interfaces/share/my_robot_interfaces/environment/ament_prefix_path.dsv
[1.165s] -- Up-to-date: /home/letizia/Documentos/ros2_ws/install/my_robot_interfaces/share/my_robot_interfaces/environment/path.sh
[1.165s] -- Up-to-date: /home/letizia/Documentos/ros2_ws/install/my_robot_interfaces/share/my_robot_interfaces/environment/path.dsv
[1.165s] -- Up-to-date: /home/letizia/Documentos/ros2_ws/install/my_robot_interfaces/share/my_robot_interfaces/local_setup.bash
[1.165s] -- Up-to-date: /home/letizia/Documentos/ros2_ws/install/my_robot_interfaces/share/my_robot_interfaces/local_setup.sh
[1.165s] -- Up-to-date: /home/letizia/Documentos/ros2_ws/install/my_robot_interfaces/share/my_robot_interfaces/local_setup.zsh
[1.165s] -- Up-to-date: /home/letizia/Documentos/ros2_ws/install/my_robot_interfaces/share/my_robot_interfaces/local_setup.dsv
[1.166s] -- Installing: /home/letizia/Documentos/ros2_ws/install/my_robot_interfaces/share/my_robot_interfaces/package.dsv
[1.166s] -- Up-to-date: /home/letizia/Documentos/ros2_ws/install/my_robot_interfaces/share/ament_index/resource_index/packages/my_robot_interfaces
[1.166s] -- Up-to-date: /home/letizia/Documentos/ros2_ws/install/my_robot_interfaces/share/my_robot_interfaces/cmake/export_my_robot_interfaces__rosidl_generator_cExport.cmake
[1.166s] -- Up-to-date: /home/letizia/Documentos/ros2_ws/install/my_robot_interfaces/share/my_robot_interfaces/cmake/export_my_robot_interfaces__rosidl_generator_cExport-noconfig.cmake
[1.166s] -- Up-to-date: /home/letizia/Documentos/ros2_ws/install/my_robot_interfaces/share/my_robot_interfaces/cmake/export_my_robot_interfaces__rosidl_typesupport_fastrtps_cExport.cmake
[1.167s] -- Up-to-date: /home/letizia/Documentos/ros2_ws/install/my_robot_interfaces/share/my_robot_interfaces/cmake/export_my_robot_interfaces__rosidl_typesupport_fastrtps_cExport-noconfig.cmake
[1.167s] -- Up-to-date: /home/letizia/Documentos/ros2_ws/install/my_robot_interfaces/share/my_robot_interfaces/cmake/my_robot_interfaces__rosidl_typesupport_introspection_cExport.cmake
[1.167s] -- Up-to-date: /home/letizia/Documentos/ros2_ws/install/my_robot_interfaces/share/my_robot_interfaces/cmake/my_robot_interfaces__rosidl_typesupport_introspection_cExport-noconfig.cmake
[1.167s] -- Up-to-date: /home/letizia/Documentos/ros2_ws/install/my_robot_interfaces/share/my_robot_interfaces/cmake/my_robot_interfaces__rosidl_typesupport_cExport.cmake
[1.167s] -- Up-to-date: /home/letizia/Documentos/ros2_ws/install/my_robot_interfaces/share/my_robot_interfaces/cmake/my_robot_interfaces__rosidl_typesupport_cExport-noconfig.cmake
[1.168s] -- Up-to-date: /home/letizia/Documentos/ros2_ws/install/my_robot_interfaces/share/my_robot_interfaces/cmake/export_my_robot_interfaces__rosidl_generator_cppExport.cmake
[1.168s] -- Up-to-date: /home/letizia/Documentos/ros2_ws/install/my_robot_interfaces/share/my_robot_interfaces/cmake/export_my_robot_interfaces__rosidl_typesupport_fastrtps_cppExport.cmake
[1.168s] -- Up-to-date: /home/letizia/Documentos/ros2_ws/install/my_robot_interfaces/share/my_robot_interfaces/cmake/export_my_robot_interfaces__rosidl_typesupport_fastrtps_cppExport-noconfig.cmake
[1.168s] -- Up-to-date: /home/letizia/Documentos/ros2_ws/install/my_robot_interfaces/share/my_robot_interfaces/cmake/my_robot_interfaces__rosidl_typesupport_introspection_cppExport.cmake
[1.168s] -- Up-to-date: /home/letizia/Documentos/ros2_ws/install/my_robot_interfaces/share/my_robot_interfaces/cmake/my_robot_interfaces__rosidl_typesupport_introspection_cppExport-noconfig.cmake
[1.169s] -- Up-to-date: /home/letizia/Documentos/ros2_ws/install/my_robot_interfaces/share/my_robot_interfaces/cmake/my_robot_interfaces__rosidl_typesupport_cppExport.cmake
[1.169s] -- Up-to-date: /home/letizia/Documentos/ros2_ws/install/my_robot_interfaces/share/my_robot_interfaces/cmake/my_robot_interfaces__rosidl_typesupport_cppExport-noconfig.cmake
[1.169s] -- Up-to-date: /home/letizia/Documentos/ros2_ws/install/my_robot_interfaces/share/my_robot_interfaces/cmake/export_my_robot_interfaces__rosidl_generator_pyExport.cmake
[1.169s] -- Up-to-date: /home/letizia/Documentos/ros2_ws/install/my_robot_interfaces/share/my_robot_interfaces/cmake/export_my_robot_interfaces__rosidl_generator_pyExport-noconfig.cmake
[1.169s] -- Up-to-date: /home/letizia/Documentos/ros2_ws/install/my_robot_interfaces/share/my_robot_interfaces/cmake/rosidl_cmake-extras.cmake
[1.169s] -- Up-to-date: /home/letizia/Documentos/ros2_ws/install/my_robot_interfaces/share/my_robot_interfaces/cmake/ament_cmake_export_include_directories-extras.cmake
[1.169s] -- Up-to-date: /home/letizia/Documentos/ros2_ws/install/my_robot_interfaces/share/my_robot_interfaces/cmake/ament_cmake_export_libraries-extras.cmake
[1.170s] -- Up-to-date: /home/letizia/Documentos/ros2_ws/install/my_robot_interfaces/share/my_robot_interfaces/cmake/ament_cmake_export_targets-extras.cmake
[1.170s] -- Up-to-date: /home/letizia/Documentos/ros2_ws/install/my_robot_interfaces/share/my_robot_interfaces/cmake/rosidl_cmake_export_typesupport_targets-extras.cmake
[1.170s] -- Up-to-date: /home/letizia/Documentos/ros2_ws/install/my_robot_interfaces/share/my_robot_interfaces/cmake/ament_cmake_export_dependencies-extras.cmake
[1.170s] -- Up-to-date: /home/letizia/Documentos/ros2_ws/install/my_robot_interfaces/share/my_robot_interfaces/cmake/rosidl_cmake_export_typesupport_libraries-extras.cmake
[1.170s] -- Up-to-date: /home/letizia/Documentos/ros2_ws/install/my_robot_interfaces/share/my_robot_interfaces/cmake/my_robot_interfacesConfig.cmake
[1.170s] -- Up-to-date: /home/letizia/Documentos/ros2_ws/install/my_robot_interfaces/share/my_robot_interfaces/cmake/my_robot_interfacesConfig-version.cmake
[1.171s] -- Up-to-date: /home/letizia/Documentos/ros2_ws/install/my_robot_interfaces/share/my_robot_interfaces/package.xml
[1.179s] Invoked command in '/home/letizia/Documentos/ros2_ws/build/my_robot_interfaces' returned '0': BYOBU_DATE=%Y-%m-%d CMAKE_PREFIX_PATH=${CMAKE_PREFIX_PATH}:/home/letizia/Documentos/ros2_ws/install/my_py_pkg:/opt/ros/humble /usr/bin/cmake --install /home/letizia/Documentos/ros2_ws/build/my_robot_interfaces
