[1.832s] Invoking command in '/home/letizia/Documentos/ros2_ws/build/my_py_pkg': PYTHONPATH=/home/letizia/Documentos/ros2_ws/build/my_py_pkg/prefix_override:/usr/lib/python3/dist-packages/colcon_core/task/python/colcon_distutils_commands:/home/letizia/Documentos/ros2_ws/install/my_py_pkg/lib/python3.10/site-packages:${PYTHONPATH} /usr/bin/python3 -W ignore:setup.py install is deprecated -W ignore:easy_install command is deprecated setup.py develop --editable --build-directory /home/letizia/Documentos/ros2_ws/build/my_py_pkg/build --no-deps symlink_data --force
[2.614s] running develop
[2.943s] running egg_info
[2.944s] writing my_py_pkg.egg-info/PKG-INFO
[2.944s] writing dependency_links to my_py_pkg.egg-info/dependency_links.txt
[2.945s] writing entry points to my_py_pkg.egg-info/entry_points.txt
[2.945s] writing requirements to my_py_pkg.egg-info/requires.txt
[2.946s] writing top-level names to my_py_pkg.egg-info/top_level.txt
[2.949s] reading manifest file 'my_py_pkg.egg-info/SOURCES.txt'
[2.950s] writing manifest file 'my_py_pkg.egg-info/SOURCES.txt'
[2.952s] running build_ext
[2.952s] Creating /home/letizia/Documentos/ros2_ws/install/my_py_pkg/lib/python3.10/site-packages/my-py-pkg.egg-link (link to .)
[2.954s] Installing py_node script to /home/letizia/Documentos/ros2_ws/install/my_py_pkg/lib/my_py_pkg
[2.954s] Installing robot_news_station script to /home/letizia/Documentos/ros2_ws/install/my_py_pkg/lib/my_py_pkg
[2.955s] 
[2.955s] Installed /home/letizia/Documentos/ros2_ws/build/my_py_pkg
[2.955s] running symlink_data
[2.955s] symbolically linking /home/letizia/Documentos/ros2_ws/build/my_py_pkg/resource/my_py_pkg -> /home/letizia/Documentos/ros2_ws/install/my_py_pkg/share/ament_index/resource_index/packages
[2.956s] symbolically linking /home/letizia/Documentos/ros2_ws/build/my_py_pkg/package.xml -> /home/letizia/Documentos/ros2_ws/install/my_py_pkg/share/my_py_pkg
[3.016s] Invoked command in '/home/letizia/Documentos/ros2_ws/build/my_py_pkg' returned '0': PYTHONPATH=/home/letizia/Documentos/ros2_ws/build/my_py_pkg/prefix_override:/usr/lib/python3/dist-packages/colcon_core/task/python/colcon_distutils_commands:/home/letizia/Documentos/ros2_ws/install/my_py_pkg/lib/python3.10/site-packages:${PYTHONPATH} /usr/bin/python3 -W ignore:setup.py install is deprecated -W ignore:easy_install command is deprecated setup.py develop --editable --build-directory /home/letizia/Documentos/ros2_ws/build/my_py_pkg/build --no-deps symlink_data --force
