[0.159s] DEBUG:colcon:Command line arguments: ['/usr/bin/colcon', 'build']
[0.159s] DEBUG:colcon:Parsed command line arguments: Namespace(log_base=None, log_level=None, verb_name='build', build_base='build', install_base='install', merge_install=False, symlink_install=False, test_result_base=None, continue_on_error=False, executor='parallel', parallel_workers=4, event_handlers=None, ignore_user_meta=False, metas=['./colcon.meta'], base_paths=['.'], packages_ignore=None, packages_ignore_regex=None, paths=None, packages_up_to=None, packages_up_to_regex=None, packages_above=None, packages_above_and_dependencies=None, packages_above_depth=None, packages_select_by_dep=None, packages_skip_by_dep=None, packages_skip_up_to=None, packages_select_build_failed=False, packages_skip_build_finished=False, packages_select_test_failures=False, packages_skip_test_passed=False, packages_select=None, packages_skip=None, packages_select_regex=None, packages_skip_regex=None, packages_start=None, packages_end=None, allow_overriding=[], cmake_args=None, cmake_target=None, cmake_target_skip_unavailable=False, cmake_clean_cache=False, cmake_clean_first=False, cmake_force_configure=False, ament_cmake_args=None, catkin_cmake_args=None, catkin_skip_building_tests=False, mixin_files=None, mixin=None, verb_parser=<colcon_mixin.mixin.mixin_argument.MixinArgumentDecorator object at 0x72bb5963e5c0>, verb_extension=<colcon_core.verb.build.BuildVerb object at 0x72bb5974b4c0>, main=<bound method BuildVerb.main of <colcon_core.verb.build.BuildVerb object at 0x72bb5974b4c0>>, mixin_verb=('build',))
[0.455s] Level 1:colcon.colcon_core.package_discovery:discover_packages(colcon_meta) check parameters
[0.455s] Level 1:colcon.colcon_core.package_discovery:discover_packages(recursive) check parameters
[0.456s] Level 1:colcon.colcon_core.package_discovery:discover_packages(ignore) check parameters
[0.456s] Level 1:colcon.colcon_core.package_discovery:discover_packages(path) check parameters
[0.456s] Level 1:colcon.colcon_core.package_discovery:discover_packages(colcon_meta) discover
[0.456s] Level 1:colcon.colcon_core.package_discovery:discover_packages(recursive) discover
[0.456s] INFO:colcon.colcon_core.package_discovery:Crawling recursively for packages in '/home/letizia/Documentos/ros2_ws'
[0.456s] Level 1:colcon.colcon_core.package_identification:_identify(.) by extensions ['ignore', 'ignore_ament_install']
[0.456s] Level 1:colcon.colcon_core.package_identification:_identify(.) by extension 'ignore'
[0.456s] Level 1:colcon.colcon_core.package_identification:_identify(.) by extension 'ignore_ament_install'
[0.456s] Level 1:colcon.colcon_core.package_identification:_identify(.) by extensions ['colcon_pkg']
[0.456s] Level 1:colcon.colcon_core.package_identification:_identify(.) by extension 'colcon_pkg'
[0.456s] Level 1:colcon.colcon_core.package_identification:_identify(.) by extensions ['colcon_meta']
[0.456s] Level 1:colcon.colcon_core.package_identification:_identify(.) by extension 'colcon_meta'
[0.457s] Level 1:colcon.colcon_core.package_identification:_identify(.) by extensions ['ros']
[0.457s] Level 1:colcon.colcon_core.package_identification:_identify(.) by extension 'ros'
[0.476s] Level 1:colcon.colcon_core.package_identification:_identify(.) by extensions ['cmake', 'python']
[0.476s] Level 1:colcon.colcon_core.package_identification:_identify(.) by extension 'cmake'
[0.476s] Level 1:colcon.colcon_core.package_identification:_identify(.) by extension 'python'
[0.476s] Level 1:colcon.colcon_core.package_identification:_identify(.) by extensions ['python_setup_py']
[0.476s] Level 1:colcon.colcon_core.package_identification:_identify(.) by extension 'python_setup_py'
[0.477s] Level 1:colcon.colcon_core.package_identification:_identify(build) by extensions ['ignore', 'ignore_ament_install']
[0.477s] Level 1:colcon.colcon_core.package_identification:_identify(build) by extension 'ignore'
[0.477s] Level 1:colcon.colcon_core.package_identification:_identify(build) ignored
[0.477s] Level 1:colcon.colcon_core.package_identification:_identify(install) by extensions ['ignore', 'ignore_ament_install']
[0.477s] Level 1:colcon.colcon_core.package_identification:_identify(install) by extension 'ignore'
[0.477s] Level 1:colcon.colcon_core.package_identification:_identify(install) ignored
[0.477s] Level 1:colcon.colcon_core.package_identification:_identify(log) by extensions ['ignore', 'ignore_ament_install']
[0.478s] Level 1:colcon.colcon_core.package_identification:_identify(log) by extension 'ignore'
[0.478s] Level 1:colcon.colcon_core.package_identification:_identify(log) ignored
[0.478s] Level 1:colcon.colcon_core.package_identification:_identify(src) by extensions ['ignore', 'ignore_ament_install']
[0.478s] Level 1:colcon.colcon_core.package_identification:_identify(src) by extension 'ignore'
[0.478s] Level 1:colcon.colcon_core.package_identification:_identify(src) by extension 'ignore_ament_install'
[0.478s] Level 1:colcon.colcon_core.package_identification:_identify(src) by extensions ['colcon_pkg']
[0.478s] Level 1:colcon.colcon_core.package_identification:_identify(src) by extension 'colcon_pkg'
[0.478s] Level 1:colcon.colcon_core.package_identification:_identify(src) by extensions ['colcon_meta']
[0.478s] Level 1:colcon.colcon_core.package_identification:_identify(src) by extension 'colcon_meta'
[0.478s] Level 1:colcon.colcon_core.package_identification:_identify(src) by extensions ['ros']
[0.478s] Level 1:colcon.colcon_core.package_identification:_identify(src) by extension 'ros'
[0.478s] Level 1:colcon.colcon_core.package_identification:_identify(src) by extensions ['cmake', 'python']
[0.479s] Level 1:colcon.colcon_core.package_identification:_identify(src) by extension 'cmake'
[0.479s] Level 1:colcon.colcon_core.package_identification:_identify(src) by extension 'python'
[0.479s] Level 1:colcon.colcon_core.package_identification:_identify(src) by extensions ['python_setup_py']
[0.479s] Level 1:colcon.colcon_core.package_identification:_identify(src) by extension 'python_setup_py'
[0.479s] Level 1:colcon.colcon_core.package_identification:_identify(src/my_cpp_pkg) by extensions ['ignore', 'ignore_ament_install']
[0.479s] Level 1:colcon.colcon_core.package_identification:_identify(src/my_cpp_pkg) by extension 'ignore'
[0.479s] Level 1:colcon.colcon_core.package_identification:_identify(src/my_cpp_pkg) by extension 'ignore_ament_install'
[0.479s] Level 1:colcon.colcon_core.package_identification:_identify(src/my_cpp_pkg) by extensions ['colcon_pkg']
[0.479s] Level 1:colcon.colcon_core.package_identification:_identify(src/my_cpp_pkg) by extension 'colcon_pkg'
[0.479s] Level 1:colcon.colcon_core.package_identification:_identify(src/my_cpp_pkg) by extensions ['colcon_meta']
[0.479s] Level 1:colcon.colcon_core.package_identification:_identify(src/my_cpp_pkg) by extension 'colcon_meta'
[0.479s] Level 1:colcon.colcon_core.package_identification:_identify(src/my_cpp_pkg) by extensions ['ros']
[0.479s] Level 1:colcon.colcon_core.package_identification:_identify(src/my_cpp_pkg) by extension 'ros'
[0.484s] DEBUG:colcon.colcon_core.package_identification:Package 'src/my_cpp_pkg' with type 'ros.ament_cmake' and name 'my_cpp_pkg'
[0.484s] Level 1:colcon.colcon_core.package_identification:_identify(src/my_py_pkg) by extensions ['ignore', 'ignore_ament_install']
[0.484s] Level 1:colcon.colcon_core.package_identification:_identify(src/my_py_pkg) by extension 'ignore'
[0.485s] Level 1:colcon.colcon_core.package_identification:_identify(src/my_py_pkg) by extension 'ignore_ament_install'
[0.485s] Level 1:colcon.colcon_core.package_identification:_identify(src/my_py_pkg) by extensions ['colcon_pkg']
[0.485s] Level 1:colcon.colcon_core.package_identification:_identify(src/my_py_pkg) by extension 'colcon_pkg'
[0.485s] Level 1:colcon.colcon_core.package_identification:_identify(src/my_py_pkg) by extensions ['colcon_meta']
[0.485s] Level 1:colcon.colcon_core.package_identification:_identify(src/my_py_pkg) by extension 'colcon_meta'
[0.485s] Level 1:colcon.colcon_core.package_identification:_identify(src/my_py_pkg) by extensions ['ros']
[0.485s] Level 1:colcon.colcon_core.package_identification:_identify(src/my_py_pkg) by extension 'ros'
[0.487s] DEBUG:colcon.colcon_core.package_identification:Package 'src/my_py_pkg' with type 'ros.ament_python' and name 'my_py_pkg'
[0.487s] Level 1:colcon.colcon_core.package_discovery:discover_packages(recursive) using defaults
[0.487s] Level 1:colcon.colcon_core.package_discovery:discover_packages(ignore) discover
[0.488s] Level 1:colcon.colcon_core.package_discovery:discover_packages(ignore) using defaults
[0.488s] Level 1:colcon.colcon_core.package_discovery:discover_packages(path) discover
[0.488s] Level 1:colcon.colcon_core.package_discovery:discover_packages(path) using defaults
[0.538s] Level 1:colcon.colcon_core.package_discovery:discover_packages(prefix_path) check parameters
[0.538s] Level 1:colcon.colcon_core.package_discovery:discover_packages(prefix_path) discover
[0.541s] DEBUG:colcon.colcon_installed_package_information.package_discovery:Found 2 installed packages in /home/letizia/Documentos/ros2_ws/install
[0.543s] DEBUG:colcon.colcon_installed_package_information.package_discovery:Found 270 installed packages in /opt/ros/humble
[0.545s] Level 1:colcon.colcon_core.package_discovery:discover_packages(prefix_path) using defaults
[0.609s] Level 5:colcon.colcon_core.verb:set package 'my_cpp_pkg' build argument 'cmake_args' from command line to 'None'
[0.609s] Level 5:colcon.colcon_core.verb:set package 'my_cpp_pkg' build argument 'cmake_target' from command line to 'None'
[0.609s] Level 5:colcon.colcon_core.verb:set package 'my_cpp_pkg' build argument 'cmake_target_skip_unavailable' from command line to 'False'
[0.609s] Level 5:colcon.colcon_core.verb:set package 'my_cpp_pkg' build argument 'cmake_clean_cache' from command line to 'False'
[0.609s] Level 5:colcon.colcon_core.verb:set package 'my_cpp_pkg' build argument 'cmake_clean_first' from command line to 'False'
[0.609s] Level 5:colcon.colcon_core.verb:set package 'my_cpp_pkg' build argument 'cmake_force_configure' from command line to 'False'
[0.609s] Level 5:colcon.colcon_core.verb:set package 'my_cpp_pkg' build argument 'ament_cmake_args' from command line to 'None'
[0.609s] Level 5:colcon.colcon_core.verb:set package 'my_cpp_pkg' build argument 'catkin_cmake_args' from command line to 'None'
[0.609s] Level 5:colcon.colcon_core.verb:set package 'my_cpp_pkg' build argument 'catkin_skip_building_tests' from command line to 'False'
[0.609s] DEBUG:colcon.colcon_core.verb:Building package 'my_cpp_pkg' with the following arguments: {'ament_cmake_args': None, 'build_base': '/home/letizia/Documentos/ros2_ws/build/my_cpp_pkg', 'catkin_cmake_args': None, 'catkin_skip_building_tests': False, 'cmake_args': None, 'cmake_clean_cache': False, 'cmake_clean_first': False, 'cmake_force_configure': False, 'cmake_target': None, 'cmake_target_skip_unavailable': False, 'install_base': '/home/letizia/Documentos/ros2_ws/install/my_cpp_pkg', 'merge_install': False, 'path': '/home/letizia/Documentos/ros2_ws/src/my_cpp_pkg', 'symlink_install': False, 'test_result_base': None}
[0.610s] Level 5:colcon.colcon_core.verb:set package 'my_py_pkg' build argument 'cmake_args' from command line to 'None'
[0.610s] Level 5:colcon.colcon_core.verb:set package 'my_py_pkg' build argument 'cmake_target' from command line to 'None'
[0.610s] Level 5:colcon.colcon_core.verb:set package 'my_py_pkg' build argument 'cmake_target_skip_unavailable' from command line to 'False'
[0.610s] Level 5:colcon.colcon_core.verb:set package 'my_py_pkg' build argument 'cmake_clean_cache' from command line to 'False'
[0.610s] Level 5:colcon.colcon_core.verb:set package 'my_py_pkg' build argument 'cmake_clean_first' from command line to 'False'
[0.610s] Level 5:colcon.colcon_core.verb:set package 'my_py_pkg' build argument 'cmake_force_configure' from command line to 'False'
[0.610s] Level 5:colcon.colcon_core.verb:set package 'my_py_pkg' build argument 'ament_cmake_args' from command line to 'None'
[0.610s] Level 5:colcon.colcon_core.verb:set package 'my_py_pkg' build argument 'catkin_cmake_args' from command line to 'None'
[0.610s] Level 5:colcon.colcon_core.verb:set package 'my_py_pkg' build argument 'catkin_skip_building_tests' from command line to 'False'
[0.610s] DEBUG:colcon.colcon_core.verb:Building package 'my_py_pkg' with the following arguments: {'ament_cmake_args': None, 'build_base': '/home/letizia/Documentos/ros2_ws/build/my_py_pkg', 'catkin_cmake_args': None, 'catkin_skip_building_tests': False, 'cmake_args': None, 'cmake_clean_cache': False, 'cmake_clean_first': False, 'cmake_force_configure': False, 'cmake_target': None, 'cmake_target_skip_unavailable': False, 'install_base': '/home/letizia/Documentos/ros2_ws/install/my_py_pkg', 'merge_install': False, 'path': '/home/letizia/Documentos/ros2_ws/src/my_py_pkg', 'symlink_install': False, 'test_result_base': None}
[0.610s] INFO:colcon.colcon_core.executor:Executing jobs using 'parallel' executor
[0.612s] DEBUG:colcon.colcon_parallel_executor.executor.parallel:run_until_complete
[0.612s] INFO:colcon.colcon_ros.task.ament_cmake.build:Building ROS package in '/home/letizia/Documentos/ros2_ws/src/my_cpp_pkg' with build type 'ament_cmake'
[0.612s] INFO:colcon.colcon_cmake.task.cmake.build:Building CMake package in '/home/letizia/Documentos/ros2_ws/src/my_cpp_pkg'
[0.617s] INFO:colcon.colcon_core.plugin_system:Skipping extension 'colcon_core.shell.bat': Not used on non-Windows systems
[0.618s] INFO:colcon.colcon_core.shell:Skip shell extension 'powershell' for command environment: Not usable outside of PowerShell
[0.618s] DEBUG:colcon.colcon_core.shell:Skip shell extension 'dsv' for command environment
[0.624s] INFO:colcon.colcon_ros.task.ament_python.build:Building ROS package in '/home/letizia/Documentos/ros2_ws/src/my_py_pkg' with build type 'ament_python'
[0.625s] Level 1:colcon.colcon_core.shell:create_environment_hook('my_py_pkg', 'ament_prefix_path')
[0.625s] INFO:colcon.colcon_core.shell:Creating environment hook '/home/letizia/Documentos/ros2_ws/install/my_py_pkg/share/my_py_pkg/hook/ament_prefix_path.ps1'
[0.627s] INFO:colcon.colcon_core.shell:Creating environment descriptor '/home/letizia/Documentos/ros2_ws/install/my_py_pkg/share/my_py_pkg/hook/ament_prefix_path.dsv'
[0.628s] INFO:colcon.colcon_core.shell:Creating environment hook '/home/letizia/Documentos/ros2_ws/install/my_py_pkg/share/my_py_pkg/hook/ament_prefix_path.sh'
[0.630s] INFO:colcon.colcon_core.shell:Skip shell extension 'powershell' for command environment: Not usable outside of PowerShell
[0.630s] DEBUG:colcon.colcon_core.shell:Skip shell extension 'dsv' for command environment
[0.665s] DEBUG:colcon.colcon_core.event_handler.log_command:Invoking command in '/home/letizia/Documentos/ros2_ws/build/my_cpp_pkg': CMAKE_PREFIX_PATH=${CMAKE_PREFIX_PATH}:/home/letizia/Documentos/ros2_ws/install/my_py_pkg:/opt/ros/humble /usr/bin/cmake --build /home/letizia/Documentos/ros2_ws/build/my_cpp_pkg -- -j4 -l4
[1.219s] INFO:colcon.colcon_core.task.python.build:Building Python package in '/home/letizia/Documentos/ros2_ws/src/my_py_pkg'
[1.220s] INFO:colcon.colcon_core.shell:Skip shell extension 'powershell' for command environment: Not usable outside of PowerShell
[1.220s] DEBUG:colcon.colcon_core.shell:Skip shell extension 'dsv' for command environment
[1.227s] DEBUG:colcon.colcon_core.event_handler.log_command:Invoked command in '/home/letizia/Documentos/ros2_ws/build/my_cpp_pkg' returned '0': CMAKE_PREFIX_PATH=${CMAKE_PREFIX_PATH}:/home/letizia/Documentos/ros2_ws/install/my_py_pkg:/opt/ros/humble /usr/bin/cmake --build /home/letizia/Documentos/ros2_ws/build/my_cpp_pkg -- -j4 -l4
[1.244s] DEBUG:colcon.colcon_core.event_handler.log_command:Invoking command in '/home/letizia/Documentos/ros2_ws/build/my_cpp_pkg': CMAKE_PREFIX_PATH=${CMAKE_PREFIX_PATH}:/home/letizia/Documentos/ros2_ws/install/my_py_pkg:/opt/ros/humble /usr/bin/cmake --install /home/letizia/Documentos/ros2_ws/build/my_cpp_pkg
[1.264s] Level 1:colcon.colcon_core.environment:create_environment_scripts_only(my_cpp_pkg)
[1.265s] DEBUG:colcon.colcon_core.event_handler.log_command:Invoked command in '/home/letizia/Documentos/ros2_ws/build/my_cpp_pkg' returned '0': CMAKE_PREFIX_PATH=${CMAKE_PREFIX_PATH}:/home/letizia/Documentos/ros2_ws/install/my_py_pkg:/opt/ros/humble /usr/bin/cmake --install /home/letizia/Documentos/ros2_ws/build/my_cpp_pkg
[1.271s] Level 1:colcon.colcon_core.environment:checking '/home/letizia/Documentos/ros2_ws/install/my_cpp_pkg' for CMake module files
[1.272s] Level 1:colcon.colcon_core.environment:checking '/home/letizia/Documentos/ros2_ws/install/my_cpp_pkg' for CMake config files
[1.273s] Level 1:colcon.colcon_core.shell:create_environment_hook('my_cpp_pkg', 'cmake_prefix_path')
[1.273s] INFO:colcon.colcon_core.shell:Creating environment hook '/home/letizia/Documentos/ros2_ws/install/my_cpp_pkg/share/my_cpp_pkg/hook/cmake_prefix_path.ps1'
[1.274s] INFO:colcon.colcon_core.shell:Creating environment descriptor '/home/letizia/Documentos/ros2_ws/install/my_cpp_pkg/share/my_cpp_pkg/hook/cmake_prefix_path.dsv'
[1.274s] INFO:colcon.colcon_core.shell:Creating environment hook '/home/letizia/Documentos/ros2_ws/install/my_cpp_pkg/share/my_cpp_pkg/hook/cmake_prefix_path.sh'
[1.276s] Level 1:colcon.colcon_core.environment:checking '/home/letizia/Documentos/ros2_ws/install/my_cpp_pkg/lib'
[1.276s] Level 1:colcon.colcon_core.environment:checking '/home/letizia/Documentos/ros2_ws/install/my_cpp_pkg/bin'
[1.276s] Level 1:colcon.colcon_core.environment:checking '/home/letizia/Documentos/ros2_ws/install/my_cpp_pkg/lib/pkgconfig/my_cpp_pkg.pc'
[1.276s] Level 1:colcon.colcon_core.environment:checking '/home/letizia/Documentos/ros2_ws/install/my_cpp_pkg/lib/python3.10/site-packages'
[1.277s] Level 1:colcon.colcon_core.environment:checking '/home/letizia/Documentos/ros2_ws/install/my_cpp_pkg/bin'
[1.277s] INFO:colcon.colcon_core.shell:Creating package script '/home/letizia/Documentos/ros2_ws/install/my_cpp_pkg/share/my_cpp_pkg/package.ps1'
[1.278s] INFO:colcon.colcon_core.shell:Creating package descriptor '/home/letizia/Documentos/ros2_ws/install/my_cpp_pkg/share/my_cpp_pkg/package.dsv'
[1.279s] INFO:colcon.colcon_core.shell:Creating package script '/home/letizia/Documentos/ros2_ws/install/my_cpp_pkg/share/my_cpp_pkg/package.sh'
[1.281s] INFO:colcon.colcon_core.shell:Creating package script '/home/letizia/Documentos/ros2_ws/install/my_cpp_pkg/share/my_cpp_pkg/package.bash'
[1.282s] INFO:colcon.colcon_core.shell:Creating package script '/home/letizia/Documentos/ros2_ws/install/my_cpp_pkg/share/my_cpp_pkg/package.zsh'
[1.284s] Level 1:colcon.colcon_core.environment:create_file_with_runtime_dependencies(/home/letizia/Documentos/ros2_ws/install/my_cpp_pkg/share/colcon-core/packages/my_cpp_pkg)
[1.286s] Level 1:colcon.colcon_core.environment:create_environment_scripts_only(my_cpp_pkg)
[1.287s] Level 1:colcon.colcon_core.environment:checking '/home/letizia/Documentos/ros2_ws/install/my_cpp_pkg' for CMake module files
[1.288s] Level 1:colcon.colcon_core.environment:checking '/home/letizia/Documentos/ros2_ws/install/my_cpp_pkg' for CMake config files
[1.289s] Level 1:colcon.colcon_core.shell:create_environment_hook('my_cpp_pkg', 'cmake_prefix_path')
[1.289s] INFO:colcon.colcon_core.shell:Creating environment hook '/home/letizia/Documentos/ros2_ws/install/my_cpp_pkg/share/my_cpp_pkg/hook/cmake_prefix_path.ps1'
[1.290s] INFO:colcon.colcon_core.shell:Creating environment descriptor '/home/letizia/Documentos/ros2_ws/install/my_cpp_pkg/share/my_cpp_pkg/hook/cmake_prefix_path.dsv'
[1.291s] INFO:colcon.colcon_core.shell:Creating environment hook '/home/letizia/Documentos/ros2_ws/install/my_cpp_pkg/share/my_cpp_pkg/hook/cmake_prefix_path.sh'
[1.292s] Level 1:colcon.colcon_core.environment:checking '/home/letizia/Documentos/ros2_ws/install/my_cpp_pkg/lib'
[1.292s] Level 1:colcon.colcon_core.environment:checking '/home/letizia/Documentos/ros2_ws/install/my_cpp_pkg/bin'
[1.292s] Level 1:colcon.colcon_core.environment:checking '/home/letizia/Documentos/ros2_ws/install/my_cpp_pkg/lib/pkgconfig/my_cpp_pkg.pc'
[1.292s] Level 1:colcon.colcon_core.environment:checking '/home/letizia/Documentos/ros2_ws/install/my_cpp_pkg/lib/python3.10/site-packages'
[1.293s] Level 1:colcon.colcon_core.environment:checking '/home/letizia/Documentos/ros2_ws/install/my_cpp_pkg/bin'
[1.293s] INFO:colcon.colcon_core.shell:Creating package script '/home/letizia/Documentos/ros2_ws/install/my_cpp_pkg/share/my_cpp_pkg/package.ps1'
[1.294s] INFO:colcon.colcon_core.shell:Creating package descriptor '/home/letizia/Documentos/ros2_ws/install/my_cpp_pkg/share/my_cpp_pkg/package.dsv'
[1.295s] INFO:colcon.colcon_core.shell:Creating package script '/home/letizia/Documentos/ros2_ws/install/my_cpp_pkg/share/my_cpp_pkg/package.sh'
[1.295s] INFO:colcon.colcon_core.shell:Creating package script '/home/letizia/Documentos/ros2_ws/install/my_cpp_pkg/share/my_cpp_pkg/package.bash'
[1.296s] INFO:colcon.colcon_core.shell:Creating package script '/home/letizia/Documentos/ros2_ws/install/my_cpp_pkg/share/my_cpp_pkg/package.zsh'
[1.297s] Level 1:colcon.colcon_core.environment:create_file_with_runtime_dependencies(/home/letizia/Documentos/ros2_ws/install/my_cpp_pkg/share/colcon-core/packages/my_cpp_pkg)
[1.899s] DEBUG:colcon.colcon_core.event_handler.log_command:Invoking command in '/home/letizia/Documentos/ros2_ws/src/my_py_pkg': PYTHONPATH=/home/letizia/Documentos/ros2_ws/build/my_py_pkg/prefix_override:/usr/lib/python3/dist-packages/colcon_core/task/python/colcon_distutils_commands:/home/letizia/Documentos/ros2_ws/install/my_py_pkg/lib/python3.10/site-packages:${PYTHONPATH} /usr/bin/python3 -W ignore:setup.py install is deprecated -W ignore:easy_install command is deprecated setup.py egg_info --egg-base ../../build/my_py_pkg build --build-base /home/letizia/Documentos/ros2_ws/build/my_py_pkg/build install --record /home/letizia/Documentos/ros2_ws/build/my_py_pkg/install.log --single-version-externally-managed install_data
[2.533s] Level 1:colcon.colcon_core.environment:checking '/home/letizia/Documentos/ros2_ws/install/my_py_pkg' for CMake module files
[2.534s] DEBUG:colcon.colcon_core.event_handler.log_command:Invoked command in '/home/letizia/Documentos/ros2_ws/src/my_py_pkg' returned '0': PYTHONPATH=/home/letizia/Documentos/ros2_ws/build/my_py_pkg/prefix_override:/usr/lib/python3/dist-packages/colcon_core/task/python/colcon_distutils_commands:/home/letizia/Documentos/ros2_ws/install/my_py_pkg/lib/python3.10/site-packages:${PYTHONPATH} /usr/bin/python3 -W ignore:setup.py install is deprecated -W ignore:easy_install command is deprecated setup.py egg_info --egg-base ../../build/my_py_pkg build --build-base /home/letizia/Documentos/ros2_ws/build/my_py_pkg/build install --record /home/letizia/Documentos/ros2_ws/build/my_py_pkg/install.log --single-version-externally-managed install_data
[2.536s] Level 1:colcon.colcon_core.environment:checking '/home/letizia/Documentos/ros2_ws/install/my_py_pkg' for CMake config files
[2.537s] Level 1:colcon.colcon_core.environment:checking '/home/letizia/Documentos/ros2_ws/install/my_py_pkg/lib'
[2.538s] Level 1:colcon.colcon_core.environment:checking '/home/letizia/Documentos/ros2_ws/install/my_py_pkg/bin'
[2.538s] Level 1:colcon.colcon_core.environment:checking '/home/letizia/Documentos/ros2_ws/install/my_py_pkg/lib/pkgconfig/my_py_pkg.pc'
[2.539s] Level 1:colcon.colcon_core.environment:checking '/home/letizia/Documentos/ros2_ws/install/my_py_pkg/lib/python3.10/site-packages'
[2.539s] Level 1:colcon.colcon_core.shell:create_environment_hook('my_py_pkg', 'pythonpath')
[2.539s] INFO:colcon.colcon_core.shell:Creating environment hook '/home/letizia/Documentos/ros2_ws/install/my_py_pkg/share/my_py_pkg/hook/pythonpath.ps1'
[2.541s] INFO:colcon.colcon_core.shell:Creating environment descriptor '/home/letizia/Documentos/ros2_ws/install/my_py_pkg/share/my_py_pkg/hook/pythonpath.dsv'
[2.542s] INFO:colcon.colcon_core.shell:Creating environment hook '/home/letizia/Documentos/ros2_ws/install/my_py_pkg/share/my_py_pkg/hook/pythonpath.sh'
[2.544s] Level 1:colcon.colcon_core.environment:checking '/home/letizia/Documentos/ros2_ws/install/my_py_pkg/bin'
[2.545s] Level 1:colcon.colcon_core.environment:create_environment_scripts_only(my_py_pkg)
[2.546s] INFO:colcon.colcon_core.shell:Creating package script '/home/letizia/Documentos/ros2_ws/install/my_py_pkg/share/my_py_pkg/package.ps1'
[2.547s] INFO:colcon.colcon_core.shell:Creating package descriptor '/home/letizia/Documentos/ros2_ws/install/my_py_pkg/share/my_py_pkg/package.dsv'
[2.550s] INFO:colcon.colcon_core.shell:Creating package script '/home/letizia/Documentos/ros2_ws/install/my_py_pkg/share/my_py_pkg/package.sh'
[2.553s] INFO:colcon.colcon_core.shell:Creating package script '/home/letizia/Documentos/ros2_ws/install/my_py_pkg/share/my_py_pkg/package.bash'
[2.555s] INFO:colcon.colcon_core.shell:Creating package script '/home/letizia/Documentos/ros2_ws/install/my_py_pkg/share/my_py_pkg/package.zsh'
[2.557s] Level 1:colcon.colcon_core.environment:create_file_with_runtime_dependencies(/home/letizia/Documentos/ros2_ws/install/my_py_pkg/share/colcon-core/packages/my_py_pkg)
[2.560s] DEBUG:colcon.colcon_parallel_executor.executor.parallel:closing loop
[2.561s] DEBUG:colcon.colcon_parallel_executor.executor.parallel:loop closed
[2.562s] DEBUG:colcon.colcon_parallel_executor.executor.parallel:run_until_complete finished with '0'
[2.562s] DEBUG:colcon.colcon_core.event_reactor:joining thread
[2.576s] INFO:colcon.colcon_core.plugin_system:Skipping extension 'colcon_notification.desktop_notification.notify_send': Could not find 'notify-send'
[2.576s] INFO:colcon.colcon_core.plugin_system:Skipping extension 'colcon_notification.desktop_notification.terminal_notifier': Not used on non-Darwin systems
[2.577s] INFO:colcon.colcon_core.plugin_system:Skipping extension 'colcon_notification.desktop_notification.win32': Not used on non-Windows systems
[2.577s] INFO:colcon.colcon_notification.desktop_notification:Sending desktop notification using 'notify2'
[2.646s] DEBUG:colcon.colcon_core.event_reactor:joined thread
[2.647s] INFO:colcon.colcon_core.shell:Creating prefix script '/home/letizia/Documentos/ros2_ws/install/local_setup.ps1'
[2.651s] INFO:colcon.colcon_core.shell:Creating prefix util module '/home/letizia/Documentos/ros2_ws/install/_local_setup_util_ps1.py'
[2.660s] INFO:colcon.colcon_core.shell:Creating prefix chain script '/home/letizia/Documentos/ros2_ws/install/setup.ps1'
[2.664s] INFO:colcon.colcon_core.shell:Creating prefix script '/home/letizia/Documentos/ros2_ws/install/local_setup.sh'
[2.672s] INFO:colcon.colcon_core.shell:Creating prefix util module '/home/letizia/Documentos/ros2_ws/install/_local_setup_util_sh.py'
[2.677s] INFO:colcon.colcon_core.shell:Creating prefix chain script '/home/letizia/Documentos/ros2_ws/install/setup.sh'
[2.681s] INFO:colcon.colcon_core.shell:Creating prefix script '/home/letizia/Documentos/ros2_ws/install/local_setup.bash'
[2.684s] INFO:colcon.colcon_core.shell:Creating prefix chain script '/home/letizia/Documentos/ros2_ws/install/setup.bash'
[2.688s] INFO:colcon.colcon_core.shell:Creating prefix script '/home/letizia/Documentos/ros2_ws/install/local_setup.zsh'
[2.690s] INFO:colcon.colcon_core.shell:Creating prefix chain script '/home/letizia/Documentos/ros2_ws/install/setup.zsh'
