[35m[1mConsolidate compiler generated dependencies of target battery_node[0m
[ 50%] Built target led_panel
[ 75%] [32mBuilding CXX object CMakeFiles/battery_node.dir/src/battery.cpp.o[0m
In file included from [01m[K/opt/ros/humble/include/rclcpp/rclcpp/logging.hpp:24[m[K,
                 from [01m[K/opt/ros/humble/include/rclcpp/rclcpp/client.hpp:40[m[K,
                 from [01m[K/opt/ros/humble/include/rclcpp/rclcpp/callback_group.hpp:24[m[K,
                 from [01m[K/opt/ros/humble/include/rclcpp/rclcpp/any_executable.hpp:20[m[K,
                 from [01m[K/opt/ros/humble/include/rclcpp/rclcpp/memory_strategy.hpp:25[m[K,
                 from [01m[K/opt/ros/humble/include/rclcpp/rclcpp/memory_strategies.hpp:18[m[K,
                 from [01m[K/opt/ros/humble/include/rclcpp/rclcpp/executor_options.hpp:20[m[K,
                 from [01m[K/opt/ros/humble/include/rclcpp/rclcpp/executor.hpp:37[m[K,
                 from [01m[K/opt/ros/humble/include/rclcpp/rclcpp/executors/multi_threaded_executor.hpp:25[m[K,
                 from [01m[K/opt/ros/humble/include/rclcpp/rclcpp/executors.hpp:21[m[K,
                 from [01m[K/opt/ros/humble/include/rclcpp/rclcpp/rclcpp.hpp:155[m[K,
                 from [01m[K/home/letizia/Documentos/ros2_ws/src/battery_manager/src/battery.cpp:1[m[K:
[01m[K/home/letizia/Documentos/ros2_ws/src/battery_manager/src/battery.cpp:[m[K In member function ‘[01m[Kvoid BatteryNode::callSetLedService()[m[K’:
[01m[K/home/letizia/Documentos/ros2_ws/src/battery_manager/src/battery.cpp:44:49:[m[K [01;35m[Kwarning: [m[Ktoo many arguments for format [[01;35m[K]8;;https://gcc.gnu.org/onlinedocs/gcc/Warning-Options.html#index-Wformat-extra-args-Wformat-extra-args]8;;[m[K]
   44 |                 RCLCPP_INFO(this->get_logger(), [01;35m[K"LED Panel acendeu outro LED"[m[K, response->led_on);
      |                                                 [01;35m[K^~~~~~~~~~~~~~~~~~~~~~~~~~~~~[m[K
[01m[K/home/letizia/Documentos/ros2_ws/src/battery_manager/src/battery.cpp:61:49:[m[K [01;35m[Kwarning: [m[Ktoo many arguments for format [[01;35m[K]8;;https://gcc.gnu.org/onlinedocs/gcc/Warning-Options.html#index-Wformat-extra-args-Wformat-extra-args]8;;[m[K]
   61 |                 RCLCPP_INFO(this->get_logger(), [01;35m[K"LED Panel acendeu outro LED"[m[K, response->led_on);
      |                                                 [01;35m[K^~~~~~~~~~~~~~~~~~~~~~~~~~~~~[m[K
[100%] [32m[1mLinking CXX executable battery_node[0m
[100%] Built target battery_node
-- Install configuration: ""
-- Up-to-date: /home/letizia/Documentos/ros2_ws/install/battery_manager/lib/battery_manager/led_panel
-- Installing: /home/letizia/Documentos/ros2_ws/install/battery_manager/lib/battery_manager/battery_node
-- Set runtime path of "/home/letizia/Documentos/ros2_ws/install/battery_manager/lib/battery_manager/battery_node" to ""
-- Up-to-date: /home/letizia/Documentos/ros2_ws/install/battery_manager/share/ament_index/resource_index/package_run_dependencies/battery_manager
-- Up-to-date: /home/letizia/Documentos/ros2_ws/install/battery_manager/share/ament_index/resource_index/parent_prefix_path/battery_manager
-- Up-to-date: /home/letizia/Documentos/ros2_ws/install/battery_manager/share/battery_manager/environment/ament_prefix_path.sh
-- Up-to-date: /home/letizia/Documentos/ros2_ws/install/battery_manager/share/battery_manager/environment/ament_prefix_path.dsv
-- Up-to-date: /home/letizia/Documentos/ros2_ws/install/battery_manager/share/battery_manager/environment/path.sh
-- Up-to-date: /home/letizia/Documentos/ros2_ws/install/battery_manager/share/battery_manager/environment/path.dsv
-- Up-to-date: /home/letizia/Documentos/ros2_ws/install/battery_manager/share/battery_manager/local_setup.bash
-- Up-to-date: /home/letizia/Documentos/ros2_ws/install/battery_manager/share/battery_manager/local_setup.sh
-- Up-to-date: /home/letizia/Documentos/ros2_ws/install/battery_manager/share/battery_manager/local_setup.zsh
-- Up-to-date: /home/letizia/Documentos/ros2_ws/install/battery_manager/share/battery_manager/local_setup.dsv
-- Installing: /home/letizia/Documentos/ros2_ws/install/battery_manager/share/battery_manager/package.dsv
-- Up-to-date: /home/letizia/Documentos/ros2_ws/install/battery_manager/share/ament_index/resource_index/packages/battery_manager
-- Up-to-date: /home/letizia/Documentos/ros2_ws/install/battery_manager/share/battery_manager/cmake/battery_managerConfig.cmake
-- Up-to-date: /home/letizia/Documentos/ros2_ws/install/battery_manager/share/battery_manager/cmake/battery_managerConfig-version.cmake
-- Up-to-date: /home/letizia/Documentos/ros2_ws/install/battery_manager/share/battery_manager/package.xml
