[0.152s] DEBUG:colcon:Command line arguments: ['/usr/bin/colcon', 'build']
[0.153s] DEBUG:colcon:Parsed command line arguments: Namespace(log_base=None, log_level=None, verb_name='build', build_base='build', install_base='install', merge_install=False, symlink_install=False, test_result_base=None, continue_on_error=False, executor='parallel', parallel_workers=4, event_handlers=None, ignore_user_meta=False, metas=['./colcon.meta'], base_paths=['.'], packages_ignore=None, packages_ignore_regex=None, paths=None, packages_up_to=None, packages_up_to_regex=None, packages_above=None, packages_above_and_dependencies=None, packages_above_depth=None, packages_select_by_dep=None, packages_skip_by_dep=None, packages_skip_up_to=None, packages_select_build_failed=False, packages_skip_build_finished=False, packages_select_test_failures=False, packages_skip_test_passed=False, packages_select=None, packages_skip=None, packages_select_regex=None, packages_skip_regex=None, packages_start=None, packages_end=None, allow_overriding=[], cmake_args=None, cmake_target=None, cmake_target_skip_unavailable=False, cmake_clean_cache=False, cmake_clean_first=False, cmake_force_configure=False, ament_cmake_args=None, catkin_cmake_args=None, catkin_skip_building_tests=False, mixin_files=None, mixin=None, verb_parser=<colcon_mixin.mixin.mixin_argument.MixinArgumentDecorator object at 0x78ef97706770>, verb_extension=<colcon_core.verb.build.BuildVerb object at 0x78ef97853670>, main=<bound method BuildVerb.main of <colcon_core.verb.build.BuildVerb object at 0x78ef97853670>>, mixin_verb=('build',))
[0.439s] Level 1:colcon.colcon_core.package_discovery:discover_packages(colcon_meta) check parameters
[0.439s] Level 1:colcon.colcon_core.package_discovery:discover_packages(recursive) check parameters
[0.439s] Level 1:colcon.colcon_core.package_discovery:discover_packages(ignore) check parameters
[0.439s] Level 1:colcon.colcon_core.package_discovery:discover_packages(path) check parameters
[0.439s] Level 1:colcon.colcon_core.package_discovery:discover_packages(colcon_meta) discover
[0.439s] Level 1:colcon.colcon_core.package_discovery:discover_packages(recursive) discover
[0.439s] INFO:colcon.colcon_core.package_discovery:Crawling recursively for packages in '/home/letizia/Documentos/ros2_ws'
[0.440s] Level 1:colcon.colcon_core.package_identification:_identify(.) by extensions ['ignore', 'ignore_ament_install']
[0.440s] Level 1:colcon.colcon_core.package_identification:_identify(.) by extension 'ignore'
[0.440s] Level 1:colcon.colcon_core.package_identification:_identify(.) by extension 'ignore_ament_install'
[0.440s] Level 1:colcon.colcon_core.package_identification:_identify(.) by extensions ['colcon_pkg']
[0.440s] Level 1:colcon.colcon_core.package_identification:_identify(.) by extension 'colcon_pkg'
[0.441s] Level 1:colcon.colcon_core.package_identification:_identify(.) by extensions ['colcon_meta']
[0.441s] Level 1:colcon.colcon_core.package_identification:_identify(.) by extension 'colcon_meta'
[0.441s] Level 1:colcon.colcon_core.package_identification:_identify(.) by extensions ['ros']
[0.441s] Level 1:colcon.colcon_core.package_identification:_identify(.) by extension 'ros'
[0.463s] Level 1:colcon.colcon_core.package_identification:_identify(.) by extensions ['cmake', 'python']
[0.463s] Level 1:colcon.colcon_core.package_identification:_identify(.) by extension 'cmake'
[0.463s] Level 1:colcon.colcon_core.package_identification:_identify(.) by extension 'python'
[0.463s] Level 1:colcon.colcon_core.package_identification:_identify(.) by extensions ['python_setup_py']
[0.463s] Level 1:colcon.colcon_core.package_identification:_identify(.) by extension 'python_setup_py'
[0.464s] Level 1:colcon.colcon_core.package_identification:_identify(build) by extensions ['ignore', 'ignore_ament_install']
[0.464s] Level 1:colcon.colcon_core.package_identification:_identify(build) by extension 'ignore'
[0.464s] Level 1:colcon.colcon_core.package_identification:_identify(build) ignored
[0.464s] Level 1:colcon.colcon_core.package_identification:_identify(install) by extensions ['ignore', 'ignore_ament_install']
[0.464s] Level 1:colcon.colcon_core.package_identification:_identify(install) by extension 'ignore'
[0.465s] Level 1:colcon.colcon_core.package_identification:_identify(install) ignored
[0.465s] Level 1:colcon.colcon_core.package_identification:_identify(log) by extensions ['ignore', 'ignore_ament_install']
[0.465s] Level 1:colcon.colcon_core.package_identification:_identify(log) by extension 'ignore'
[0.465s] Level 1:colcon.colcon_core.package_identification:_identify(log) ignored
[0.465s] Level 1:colcon.colcon_core.package_identification:_identify(src) by extensions ['ignore', 'ignore_ament_install']
[0.466s] Level 1:colcon.colcon_core.package_identification:_identify(src) by extension 'ignore'
[0.466s] Level 1:colcon.colcon_core.package_identification:_identify(src) by extension 'ignore_ament_install'
[0.466s] Level 1:colcon.colcon_core.package_identification:_identify(src) by extensions ['colcon_pkg']
[0.466s] Level 1:colcon.colcon_core.package_identification:_identify(src) by extension 'colcon_pkg'
[0.466s] Level 1:colcon.colcon_core.package_identification:_identify(src) by extensions ['colcon_meta']
[0.466s] Level 1:colcon.colcon_core.package_identification:_identify(src) by extension 'colcon_meta'
[0.466s] Level 1:colcon.colcon_core.package_identification:_identify(src) by extensions ['ros']
[0.466s] Level 1:colcon.colcon_core.package_identification:_identify(src) by extension 'ros'
[0.466s] Level 1:colcon.colcon_core.package_identification:_identify(src) by extensions ['cmake', 'python']
[0.466s] Level 1:colcon.colcon_core.package_identification:_identify(src) by extension 'cmake'
[0.467s] Level 1:colcon.colcon_core.package_identification:_identify(src) by extension 'python'
[0.467s] Level 1:colcon.colcon_core.package_identification:_identify(src) by extensions ['python_setup_py']
[0.467s] Level 1:colcon.colcon_core.package_identification:_identify(src) by extension 'python_setup_py'
[0.467s] Level 1:colcon.colcon_core.package_identification:_identify(src/my_cpp_pkg) by extensions ['ignore', 'ignore_ament_install']
[0.467s] Level 1:colcon.colcon_core.package_identification:_identify(src/my_cpp_pkg) by extension 'ignore'
[0.467s] Level 1:colcon.colcon_core.package_identification:_identify(src/my_cpp_pkg) by extension 'ignore_ament_install'
[0.467s] Level 1:colcon.colcon_core.package_identification:_identify(src/my_cpp_pkg) by extensions ['colcon_pkg']
[0.467s] Level 1:colcon.colcon_core.package_identification:_identify(src/my_cpp_pkg) by extension 'colcon_pkg'
[0.468s] Level 1:colcon.colcon_core.package_identification:_identify(src/my_cpp_pkg) by extensions ['colcon_meta']
[0.468s] Level 1:colcon.colcon_core.package_identification:_identify(src/my_cpp_pkg) by extension 'colcon_meta'
[0.468s] Level 1:colcon.colcon_core.package_identification:_identify(src/my_cpp_pkg) by extensions ['ros']
[0.468s] Level 1:colcon.colcon_core.package_identification:_identify(src/my_cpp_pkg) by extension 'ros'
[0.472s] DEBUG:colcon.colcon_core.package_identification:Package 'src/my_cpp_pkg' with type 'ros.ament_cmake' and name 'my_cpp_pkg'
[0.472s] Level 1:colcon.colcon_core.package_identification:_identify(src/my_py_pkg) by extensions ['ignore', 'ignore_ament_install']
[0.472s] Level 1:colcon.colcon_core.package_identification:_identify(src/my_py_pkg) by extension 'ignore'
[0.472s] Level 1:colcon.colcon_core.package_identification:_identify(src/my_py_pkg) by extension 'ignore_ament_install'
[0.472s] Level 1:colcon.colcon_core.package_identification:_identify(src/my_py_pkg) by extensions ['colcon_pkg']
[0.472s] Level 1:colcon.colcon_core.package_identification:_identify(src/my_py_pkg) by extension 'colcon_pkg'
[0.472s] Level 1:colcon.colcon_core.package_identification:_identify(src/my_py_pkg) by extensions ['colcon_meta']
[0.473s] Level 1:colcon.colcon_core.package_identification:_identify(src/my_py_pkg) by extension 'colcon_meta'
[0.473s] Level 1:colcon.colcon_core.package_identification:_identify(src/my_py_pkg) by extensions ['ros']
[0.473s] Level 1:colcon.colcon_core.package_identification:_identify(src/my_py_pkg) by extension 'ros'
[0.475s] DEBUG:colcon.colcon_core.package_identification:Package 'src/my_py_pkg' with type 'ros.ament_python' and name 'my_py_pkg'
[0.475s] Level 1:colcon.colcon_core.package_discovery:discover_packages(recursive) using defaults
[0.476s] Level 1:colcon.colcon_core.package_discovery:discover_packages(ignore) discover
[0.476s] Level 1:colcon.colcon_core.package_discovery:discover_packages(ignore) using defaults
[0.476s] Level 1:colcon.colcon_core.package_discovery:discover_packages(path) discover
[0.476s] Level 1:colcon.colcon_core.package_discovery:discover_packages(path) using defaults
[0.536s] Level 1:colcon.colcon_core.package_discovery:discover_packages(prefix_path) check parameters
[0.536s] Level 1:colcon.colcon_core.package_discovery:discover_packages(prefix_path) discover
[0.539s] DEBUG:colcon.colcon_installed_package_information.package_discovery:Found 1 installed packages in /home/letizia/Documentos/number_counter/install
[0.539s] DEBUG:colcon.colcon_installed_package_information.package_discovery:Found 2 installed packages in /home/letizia/Documentos/ros2_ws/install
[0.543s] DEBUG:colcon.colcon_installed_package_information.package_discovery:Found 270 installed packages in /opt/ros/humble
[0.546s] Level 1:colcon.colcon_core.package_discovery:discover_packages(prefix_path) using defaults
[0.625s] Level 5:colcon.colcon_core.verb:set package 'my_cpp_pkg' build argument 'cmake_args' from command line to 'None'
[0.625s] Level 5:colcon.colcon_core.verb:set package 'my_cpp_pkg' build argument 'cmake_target' from command line to 'None'
[0.626s] Level 5:colcon.colcon_core.verb:set package 'my_cpp_pkg' build argument 'cmake_target_skip_unavailable' from command line to 'False'
[0.626s] Level 5:colcon.colcon_core.verb:set package 'my_cpp_pkg' build argument 'cmake_clean_cache' from command line to 'False'
[0.626s] Level 5:colcon.colcon_core.verb:set package 'my_cpp_pkg' build argument 'cmake_clean_first' from command line to 'False'
[0.626s] Level 5:colcon.colcon_core.verb:set package 'my_cpp_pkg' build argument 'cmake_force_configure' from command line to 'False'
[0.626s] Level 5:colcon.colcon_core.verb:set package 'my_cpp_pkg' build argument 'ament_cmake_args' from command line to 'None'
[0.626s] Level 5:colcon.colcon_core.verb:set package 'my_cpp_pkg' build argument 'catkin_cmake_args' from command line to 'None'
[0.627s] Level 5:colcon.colcon_core.verb:set package 'my_cpp_pkg' build argument 'catkin_skip_building_tests' from command line to 'False'
[0.627s] DEBUG:colcon.colcon_core.verb:Building package 'my_cpp_pkg' with the following arguments: {'ament_cmake_args': None, 'build_base': '/home/letizia/Documentos/ros2_ws/build/my_cpp_pkg', 'catkin_cmake_args': None, 'catkin_skip_building_tests': False, 'cmake_args': None, 'cmake_clean_cache': False, 'cmake_clean_first': False, 'cmake_force_configure': False, 'cmake_target': None, 'cmake_target_skip_unavailable': False, 'install_base': '/home/letizia/Documentos/ros2_ws/install/my_cpp_pkg', 'merge_install': False, 'path': '/home/letizia/Documentos/ros2_ws/src/my_cpp_pkg', 'symlink_install': False, 'test_result_base': None}
[0.628s] Level 5:colcon.colcon_core.verb:set package 'my_py_pkg' build argument 'cmake_args' from command line to 'None'
[0.629s] Level 5:colcon.colcon_core.verb:set package 'my_py_pkg' build argument 'cmake_target' from command line to 'None'
[0.629s] Level 5:colcon.colcon_core.verb:set package 'my_py_pkg' build argument 'cmake_target_skip_unavailable' from command line to 'False'
[0.629s] Level 5:colcon.colcon_core.verb:set package 'my_py_pkg' build argument 'cmake_clean_cache' from command line to 'False'
[0.629s] Level 5:colcon.colcon_core.verb:set package 'my_py_pkg' build argument 'cmake_clean_first' from command line to 'False'
[0.629s] Level 5:colcon.colcon_core.verb:set package 'my_py_pkg' build argument 'cmake_force_configure' from command line to 'False'
[0.629s] Level 5:colcon.colcon_core.verb:set package 'my_py_pkg' build argument 'ament_cmake_args' from command line to 'None'
[0.629s] Level 5:colcon.colcon_core.verb:set package 'my_py_pkg' build argument 'catkin_cmake_args' from command line to 'None'
[0.629s] Level 5:colcon.colcon_core.verb:set package 'my_py_pkg' build argument 'catkin_skip_building_tests' from command line to 'False'
[0.629s] DEBUG:colcon.colcon_core.verb:Building package 'my_py_pkg' with the following arguments: {'ament_cmake_args': None, 'build_base': '/home/letizia/Documentos/ros2_ws/build/my_py_pkg', 'catkin_cmake_args': None, 'catkin_skip_building_tests': False, 'cmake_args': None, 'cmake_clean_cache': False, 'cmake_clean_first': False, 'cmake_force_configure': False, 'cmake_target': None, 'cmake_target_skip_unavailable': False, 'install_base': '/home/letizia/Documentos/ros2_ws/install/my_py_pkg', 'merge_install': False, 'path': '/home/letizia/Documentos/ros2_ws/src/my_py_pkg', 'symlink_install': False, 'test_result_base': None}
[0.630s] INFO:colcon.colcon_core.executor:Executing jobs using 'parallel' executor
[0.633s] DEBUG:colcon.colcon_parallel_executor.executor.parallel:run_until_complete
[0.634s] INFO:colcon.colcon_ros.task.ament_cmake.build:Building ROS package in '/home/letizia/Documentos/ros2_ws/src/my_cpp_pkg' with build type 'ament_cmake'
[0.634s] INFO:colcon.colcon_cmake.task.cmake.build:Building CMake package in '/home/letizia/Documentos/ros2_ws/src/my_cpp_pkg'
[0.637s] INFO:colcon.colcon_core.plugin_system:Skipping extension 'colcon_core.shell.bat': Not used on non-Windows systems
[0.638s] INFO:colcon.colcon_core.shell:Skip shell extension 'powershell' for command environment: Not usable outside of PowerShell
[0.638s] DEBUG:colcon.colcon_core.shell:Skip shell extension 'dsv' for command environment
[0.645s] INFO:colcon.colcon_ros.task.ament_python.build:Building ROS package in '/home/letizia/Documentos/ros2_ws/src/my_py_pkg' with build type 'ament_python'
[0.645s] Level 1:colcon.colcon_core.shell:create_environment_hook('my_py_pkg', 'ament_prefix_path')
[0.647s] INFO:colcon.colcon_core.shell:Creating environment hook '/home/letizia/Documentos/ros2_ws/install/my_py_pkg/share/my_py_pkg/hook/ament_prefix_path.ps1'
[0.649s] INFO:colcon.colcon_core.shell:Creating environment descriptor '/home/letizia/Documentos/ros2_ws/install/my_py_pkg/share/my_py_pkg/hook/ament_prefix_path.dsv'
[0.650s] INFO:colcon.colcon_core.shell:Creating environment hook '/home/letizia/Documentos/ros2_ws/install/my_py_pkg/share/my_py_pkg/hook/ament_prefix_path.sh'
[0.652s] INFO:colcon.colcon_core.shell:Skip shell extension 'powershell' for command environment: Not usable outside of PowerShell
[0.652s] DEBUG:colcon.colcon_core.shell:Skip shell extension 'dsv' for command environment
[0.667s] DEBUG:colcon.colcon_core.event_handler.log_command:Invoking command in '/home/letizia/Documentos/ros2_ws/build/my_cpp_pkg': CMAKE_PREFIX_PATH=${CMAKE_PREFIX_PATH}:/home/letizia/Documentos/ros2_ws/install/my_py_pkg:/opt/ros/humble /usr/bin/cmake --build /home/letizia/Documentos/ros2_ws/build/my_cpp_pkg -- -j4 -l4
[1.406s] INFO:colcon.colcon_core.task.python.build:Building Python package in '/home/letizia/Documentos/ros2_ws/src/my_py_pkg'
[1.408s] INFO:colcon.colcon_core.shell:Skip shell extension 'powershell' for command environment: Not usable outside of PowerShell
[1.408s] DEBUG:colcon.colcon_core.shell:Skip shell extension 'dsv' for command environment
[2.325s] DEBUG:colcon.colcon_core.event_handler.log_command:Invoking command in '/home/letizia/Documentos/ros2_ws/src/my_py_pkg': PYTHONPATH=/home/letizia/Documentos/ros2_ws/build/my_py_pkg/prefix_override:/usr/lib/python3/dist-packages/colcon_core/task/python/colcon_distutils_commands:/home/letizia/Documentos/ros2_ws/install/my_py_pkg/lib/python3.10/site-packages:${PYTHONPATH} /usr/bin/python3 -W ignore:setup.py install is deprecated -W ignore:easy_install command is deprecated setup.py egg_info --egg-base ../../build/my_py_pkg build --build-base /home/letizia/Documentos/ros2_ws/build/my_py_pkg/build install --record /home/letizia/Documentos/ros2_ws/build/my_py_pkg/install.log --single-version-externally-managed install_data
[3.272s] DEBUG:colcon.colcon_core.event_handler.log_command:Invoked command in '/home/letizia/Documentos/ros2_ws/src/my_py_pkg' returned '0': PYTHONPATH=/home/letizia/Documentos/ros2_ws/build/my_py_pkg/prefix_override:/usr/lib/python3/dist-packages/colcon_core/task/python/colcon_distutils_commands:/home/letizia/Documentos/ros2_ws/install/my_py_pkg/lib/python3.10/site-packages:${PYTHONPATH} /usr/bin/python3 -W ignore:setup.py install is deprecated -W ignore:easy_install command is deprecated setup.py egg_info --egg-base ../../build/my_py_pkg build --build-base /home/letizia/Documentos/ros2_ws/build/my_py_pkg/build install --record /home/letizia/Documentos/ros2_ws/build/my_py_pkg/install.log --single-version-externally-managed install_data
[3.281s] Level 1:colcon.colcon_core.environment:checking '/home/letizia/Documentos/ros2_ws/install/my_py_pkg' for CMake module files
[3.283s] Level 1:colcon.colcon_core.environment:checking '/home/letizia/Documentos/ros2_ws/install/my_py_pkg' for CMake config files
[3.285s] Level 1:colcon.colcon_core.environment:checking '/home/letizia/Documentos/ros2_ws/install/my_py_pkg/lib'
[3.285s] Level 1:colcon.colcon_core.environment:checking '/home/letizia/Documentos/ros2_ws/install/my_py_pkg/bin'
[3.285s] Level 1:colcon.colcon_core.environment:checking '/home/letizia/Documentos/ros2_ws/install/my_py_pkg/lib/pkgconfig/my_py_pkg.pc'
[3.286s] Level 1:colcon.colcon_core.environment:checking '/home/letizia/Documentos/ros2_ws/install/my_py_pkg/lib/python3.10/site-packages'
[3.286s] Level 1:colcon.colcon_core.shell:create_environment_hook('my_py_pkg', 'pythonpath')
[3.286s] INFO:colcon.colcon_core.shell:Creating environment hook '/home/letizia/Documentos/ros2_ws/install/my_py_pkg/share/my_py_pkg/hook/pythonpath.ps1'
[3.287s] INFO:colcon.colcon_core.shell:Creating environment descriptor '/home/letizia/Documentos/ros2_ws/install/my_py_pkg/share/my_py_pkg/hook/pythonpath.dsv'
[3.288s] INFO:colcon.colcon_core.shell:Creating environment hook '/home/letizia/Documentos/ros2_ws/install/my_py_pkg/share/my_py_pkg/hook/pythonpath.sh'
[3.289s] Level 1:colcon.colcon_core.environment:checking '/home/letizia/Documentos/ros2_ws/install/my_py_pkg/bin'
[3.289s] Level 1:colcon.colcon_core.environment:create_environment_scripts_only(my_py_pkg)
[3.289s] INFO:colcon.colcon_core.shell:Creating package script '/home/letizia/Documentos/ros2_ws/install/my_py_pkg/share/my_py_pkg/package.ps1'
[3.292s] INFO:colcon.colcon_core.shell:Creating package descriptor '/home/letizia/Documentos/ros2_ws/install/my_py_pkg/share/my_py_pkg/package.dsv'
[3.294s] INFO:colcon.colcon_core.shell:Creating package script '/home/letizia/Documentos/ros2_ws/install/my_py_pkg/share/my_py_pkg/package.sh'
[3.297s] INFO:colcon.colcon_core.shell:Creating package script '/home/letizia/Documentos/ros2_ws/install/my_py_pkg/share/my_py_pkg/package.bash'
[3.298s] INFO:colcon.colcon_core.shell:Creating package script '/home/letizia/Documentos/ros2_ws/install/my_py_pkg/share/my_py_pkg/package.zsh'
[3.300s] Level 1:colcon.colcon_core.environment:create_file_with_runtime_dependencies(/home/letizia/Documentos/ros2_ws/install/my_py_pkg/share/colcon-core/packages/my_py_pkg)
[7.905s] DEBUG:colcon.colcon_core.event_handler.log_command:Invoked command in '/home/letizia/Documentos/ros2_ws/build/my_cpp_pkg' returned '0': CMAKE_PREFIX_PATH=${CMAKE_PREFIX_PATH}:/home/letizia/Documentos/ros2_ws/install/my_py_pkg:/opt/ros/humble /usr/bin/cmake --build /home/letizia/Documentos/ros2_ws/build/my_cpp_pkg -- -j4 -l4
[7.925s] DEBUG:colcon.colcon_core.event_handler.log_command:Invoking command in '/home/letizia/Documentos/ros2_ws/build/my_cpp_pkg': CMAKE_PREFIX_PATH=${CMAKE_PREFIX_PATH}:/home/letizia/Documentos/ros2_ws/install/my_py_pkg:/opt/ros/humble /usr/bin/cmake --install /home/letizia/Documentos/ros2_ws/build/my_cpp_pkg
[7.947s] Level 1:colcon.colcon_core.environment:create_environment_scripts_only(my_cpp_pkg)
[7.947s] Level 1:colcon.colcon_core.environment:checking '/home/letizia/Documentos/ros2_ws/install/my_cpp_pkg' for CMake module files
[7.949s] DEBUG:colcon.colcon_core.event_handler.log_command:Invoked command in '/home/letizia/Documentos/ros2_ws/build/my_cpp_pkg' returned '0': CMAKE_PREFIX_PATH=${CMAKE_PREFIX_PATH}:/home/letizia/Documentos/ros2_ws/install/my_py_pkg:/opt/ros/humble /usr/bin/cmake --install /home/letizia/Documentos/ros2_ws/build/my_cpp_pkg
[7.949s] Level 1:colcon.colcon_core.environment:checking '/home/letizia/Documentos/ros2_ws/install/my_cpp_pkg' for CMake config files
[7.950s] Level 1:colcon.colcon_core.shell:create_environment_hook('my_cpp_pkg', 'cmake_prefix_path')
[7.950s] INFO:colcon.colcon_core.shell:Creating environment hook '/home/letizia/Documentos/ros2_ws/install/my_cpp_pkg/share/my_cpp_pkg/hook/cmake_prefix_path.ps1'
[7.951s] INFO:colcon.colcon_core.shell:Creating environment descriptor '/home/letizia/Documentos/ros2_ws/install/my_cpp_pkg/share/my_cpp_pkg/hook/cmake_prefix_path.dsv'
[7.951s] INFO:colcon.colcon_core.shell:Creating environment hook '/home/letizia/Documentos/ros2_ws/install/my_cpp_pkg/share/my_cpp_pkg/hook/cmake_prefix_path.sh'
[7.952s] Level 1:colcon.colcon_core.environment:checking '/home/letizia/Documentos/ros2_ws/install/my_cpp_pkg/lib'
[7.952s] Level 1:colcon.colcon_core.environment:checking '/home/letizia/Documentos/ros2_ws/install/my_cpp_pkg/bin'
[7.952s] Level 1:colcon.colcon_core.environment:checking '/home/letizia/Documentos/ros2_ws/install/my_cpp_pkg/lib/pkgconfig/my_cpp_pkg.pc'
[7.953s] Level 1:colcon.colcon_core.environment:checking '/home/letizia/Documentos/ros2_ws/install/my_cpp_pkg/lib/python3.10/site-packages'
[7.953s] Level 1:colcon.colcon_core.environment:checking '/home/letizia/Documentos/ros2_ws/install/my_cpp_pkg/bin'
[7.953s] INFO:colcon.colcon_core.shell:Creating package script '/home/letizia/Documentos/ros2_ws/install/my_cpp_pkg/share/my_cpp_pkg/package.ps1'
[7.954s] INFO:colcon.colcon_core.shell:Creating package descriptor '/home/letizia/Documentos/ros2_ws/install/my_cpp_pkg/share/my_cpp_pkg/package.dsv'
[7.955s] INFO:colcon.colcon_core.shell:Creating package script '/home/letizia/Documentos/ros2_ws/install/my_cpp_pkg/share/my_cpp_pkg/package.sh'
[7.955s] INFO:colcon.colcon_core.shell:Creating package script '/home/letizia/Documentos/ros2_ws/install/my_cpp_pkg/share/my_cpp_pkg/package.bash'
[7.956s] INFO:colcon.colcon_core.shell:Creating package script '/home/letizia/Documentos/ros2_ws/install/my_cpp_pkg/share/my_cpp_pkg/package.zsh'
[7.958s] Level 1:colcon.colcon_core.environment:create_file_with_runtime_dependencies(/home/letizia/Documentos/ros2_ws/install/my_cpp_pkg/share/colcon-core/packages/my_cpp_pkg)
[7.959s] Level 1:colcon.colcon_core.environment:create_environment_scripts_only(my_cpp_pkg)
[7.960s] Level 1:colcon.colcon_core.environment:checking '/home/letizia/Documentos/ros2_ws/install/my_cpp_pkg' for CMake module files
[7.961s] Level 1:colcon.colcon_core.environment:checking '/home/letizia/Documentos/ros2_ws/install/my_cpp_pkg' for CMake config files
[7.962s] Level 1:colcon.colcon_core.shell:create_environment_hook('my_cpp_pkg', 'cmake_prefix_path')
[7.962s] INFO:colcon.colcon_core.shell:Creating environment hook '/home/letizia/Documentos/ros2_ws/install/my_cpp_pkg/share/my_cpp_pkg/hook/cmake_prefix_path.ps1'
[7.963s] INFO:colcon.colcon_core.shell:Creating environment descriptor '/home/letizia/Documentos/ros2_ws/install/my_cpp_pkg/share/my_cpp_pkg/hook/cmake_prefix_path.dsv'
[7.964s] INFO:colcon.colcon_core.shell:Creating environment hook '/home/letizia/Documentos/ros2_ws/install/my_cpp_pkg/share/my_cpp_pkg/hook/cmake_prefix_path.sh'
[7.965s] Level 1:colcon.colcon_core.environment:checking '/home/letizia/Documentos/ros2_ws/install/my_cpp_pkg/lib'
[7.965s] Level 1:colcon.colcon_core.environment:checking '/home/letizia/Documentos/ros2_ws/install/my_cpp_pkg/bin'
[7.965s] Level 1:colcon.colcon_core.environment:checking '/home/letizia/Documentos/ros2_ws/install/my_cpp_pkg/lib/pkgconfig/my_cpp_pkg.pc'
[7.966s] Level 1:colcon.colcon_core.environment:checking '/home/letizia/Documentos/ros2_ws/install/my_cpp_pkg/lib/python3.10/site-packages'
[7.966s] Level 1:colcon.colcon_core.environment:checking '/home/letizia/Documentos/ros2_ws/install/my_cpp_pkg/bin'
[7.966s] INFO:colcon.colcon_core.shell:Creating package script '/home/letizia/Documentos/ros2_ws/install/my_cpp_pkg/share/my_cpp_pkg/package.ps1'
[7.967s] INFO:colcon.colcon_core.shell:Creating package descriptor '/home/letizia/Documentos/ros2_ws/install/my_cpp_pkg/share/my_cpp_pkg/package.dsv'
[7.969s] INFO:colcon.colcon_core.shell:Creating package script '/home/letizia/Documentos/ros2_ws/install/my_cpp_pkg/share/my_cpp_pkg/package.sh'
[7.969s] INFO:colcon.colcon_core.shell:Creating package script '/home/letizia/Documentos/ros2_ws/install/my_cpp_pkg/share/my_cpp_pkg/package.bash'
[7.970s] INFO:colcon.colcon_core.shell:Creating package script '/home/letizia/Documentos/ros2_ws/install/my_cpp_pkg/share/my_cpp_pkg/package.zsh'
[7.971s] Level 1:colcon.colcon_core.environment:create_file_with_runtime_dependencies(/home/letizia/Documentos/ros2_ws/install/my_cpp_pkg/share/colcon-core/packages/my_cpp_pkg)
[7.971s] DEBUG:colcon.colcon_parallel_executor.executor.parallel:closing loop
[7.972s] DEBUG:colcon.colcon_parallel_executor.executor.parallel:loop closed
[7.972s] DEBUG:colcon.colcon_parallel_executor.executor.parallel:run_until_complete finished with '0'
[7.972s] DEBUG:colcon.colcon_core.event_reactor:joining thread
[7.982s] INFO:colcon.colcon_core.plugin_system:Skipping extension 'colcon_notification.desktop_notification.notify_send': Could not find 'notify-send'
[7.982s] INFO:colcon.colcon_core.plugin_system:Skipping extension 'colcon_notification.desktop_notification.terminal_notifier': Not used on non-Darwin systems
[7.983s] INFO:colcon.colcon_core.plugin_system:Skipping extension 'colcon_notification.desktop_notification.win32': Not used on non-Windows systems
[7.983s] INFO:colcon.colcon_notification.desktop_notification:Sending desktop notification using 'notify2'
[8.002s] DEBUG:colcon.colcon_core.event_reactor:joined thread
[8.003s] INFO:colcon.colcon_core.shell:Creating prefix script '/home/letizia/Documentos/ros2_ws/install/local_setup.ps1'
[8.006s] INFO:colcon.colcon_core.shell:Creating prefix util module '/home/letizia/Documentos/ros2_ws/install/_local_setup_util_ps1.py'
[8.011s] INFO:colcon.colcon_core.shell:Creating prefix chain script '/home/letizia/Documentos/ros2_ws/install/setup.ps1'
[8.015s] INFO:colcon.colcon_core.shell:Creating prefix script '/home/letizia/Documentos/ros2_ws/install/local_setup.sh'
[8.016s] INFO:colcon.colcon_core.shell:Creating prefix util module '/home/letizia/Documentos/ros2_ws/install/_local_setup_util_sh.py'
[8.018s] INFO:colcon.colcon_core.shell:Creating prefix chain script '/home/letizia/Documentos/ros2_ws/install/setup.sh'
[8.021s] INFO:colcon.colcon_core.shell:Creating prefix script '/home/letizia/Documentos/ros2_ws/install/local_setup.bash'
[8.023s] INFO:colcon.colcon_core.shell:Creating prefix chain script '/home/letizia/Documentos/ros2_ws/install/setup.bash'
[8.027s] INFO:colcon.colcon_core.shell:Creating prefix script '/home/letizia/Documentos/ros2_ws/install/local_setup.zsh'
[8.029s] INFO:colcon.colcon_core.shell:Creating prefix chain script '/home/letizia/Documentos/ros2_ws/install/setup.zsh'
