[0.190s] DEBUG:colcon:Command line arguments: ['/usr/bin/colcon', 'build']
[0.190s] DEBUG:colcon:Parsed command line arguments: Namespace(log_base=None, log_level=None, verb_name='build', build_base='build', install_base='install', merge_install=False, symlink_install=False, test_result_base=None, continue_on_error=False, executor='parallel', parallel_workers=4, event_handlers=None, ignore_user_meta=False, metas=['./colcon.meta'], base_paths=['.'], packages_ignore=None, packages_ignore_regex=None, paths=None, packages_up_to=None, packages_up_to_regex=None, packages_above=None, packages_above_and_dependencies=None, packages_above_depth=None, packages_select_by_dep=None, packages_skip_by_dep=None, packages_skip_up_to=None, packages_select_build_failed=False, packages_skip_build_finished=False, packages_select_test_failures=False, packages_skip_test_passed=False, packages_select=None, packages_skip=None, packages_select_regex=None, packages_skip_regex=None, packages_start=None, packages_end=None, allow_overriding=[], cmake_args=None, cmake_target=None, cmake_target_skip_unavailable=False, cmake_clean_cache=False, cmake_clean_first=False, cmake_force_configure=False, ament_cmake_args=None, catkin_cmake_args=None, catkin_skip_building_tests=False, mixin_files=None, mixin=None, verb_parser=<colcon_mixin.mixin.mixin_argument.MixinArgumentDecorator object at 0x765efc706560>, verb_extension=<colcon_core.verb.build.BuildVerb object at 0x765efc857460>, main=<bound method BuildVerb.main of <colcon_core.verb.build.BuildVerb object at 0x765efc857460>>, mixin_verb=('build',))
[0.520s] Level 1:colcon.colcon_core.package_discovery:discover_packages(colcon_meta) check parameters
[0.520s] Level 1:colcon.colcon_core.package_discovery:discover_packages(recursive) check parameters
[0.520s] Level 1:colcon.colcon_core.package_discovery:discover_packages(ignore) check parameters
[0.520s] Level 1:colcon.colcon_core.package_discovery:discover_packages(path) check parameters
[0.520s] Level 1:colcon.colcon_core.package_discovery:discover_packages(colcon_meta) discover
[0.521s] Level 1:colcon.colcon_core.package_discovery:discover_packages(recursive) discover
[0.521s] INFO:colcon.colcon_core.package_discovery:Crawling recursively for packages in '/home/letizia/Documentos/ros2_ws'
[0.522s] Level 1:colcon.colcon_core.package_identification:_identify(.) by extensions ['ignore', 'ignore_ament_install']
[0.522s] Level 1:colcon.colcon_core.package_identification:_identify(.) by extension 'ignore'
[0.522s] Level 1:colcon.colcon_core.package_identification:_identify(.) by extension 'ignore_ament_install'
[0.522s] Level 1:colcon.colcon_core.package_identification:_identify(.) by extensions ['colcon_pkg']
[0.523s] Level 1:colcon.colcon_core.package_identification:_identify(.) by extension 'colcon_pkg'
[0.523s] Level 1:colcon.colcon_core.package_identification:_identify(.) by extensions ['colcon_meta']
[0.523s] Level 1:colcon.colcon_core.package_identification:_identify(.) by extension 'colcon_meta'
[0.523s] Level 1:colcon.colcon_core.package_identification:_identify(.) by extensions ['ros']
[0.523s] Level 1:colcon.colcon_core.package_identification:_identify(.) by extension 'ros'
[0.540s] Level 1:colcon.colcon_core.package_identification:_identify(.) by extensions ['cmake', 'python']
[0.540s] Level 1:colcon.colcon_core.package_identification:_identify(.) by extension 'cmake'
[0.540s] Level 1:colcon.colcon_core.package_identification:_identify(.) by extension 'python'
[0.540s] Level 1:colcon.colcon_core.package_identification:_identify(.) by extensions ['python_setup_py']
[0.540s] Level 1:colcon.colcon_core.package_identification:_identify(.) by extension 'python_setup_py'
[0.540s] Level 1:colcon.colcon_core.package_identification:_identify(build) by extensions ['ignore', 'ignore_ament_install']
[0.540s] Level 1:colcon.colcon_core.package_identification:_identify(build) by extension 'ignore'
[0.540s] Level 1:colcon.colcon_core.package_identification:_identify(build) ignored
[0.541s] Level 1:colcon.colcon_core.package_identification:_identify(install) by extensions ['ignore', 'ignore_ament_install']
[0.541s] Level 1:colcon.colcon_core.package_identification:_identify(install) by extension 'ignore'
[0.541s] Level 1:colcon.colcon_core.package_identification:_identify(install) ignored
[0.541s] Level 1:colcon.colcon_core.package_identification:_identify(log) by extensions ['ignore', 'ignore_ament_install']
[0.541s] Level 1:colcon.colcon_core.package_identification:_identify(log) by extension 'ignore'
[0.541s] Level 1:colcon.colcon_core.package_identification:_identify(log) ignored
[0.541s] Level 1:colcon.colcon_core.package_identification:_identify(src) by extensions ['ignore', 'ignore_ament_install']
[0.541s] Level 1:colcon.colcon_core.package_identification:_identify(src) by extension 'ignore'
[0.542s] Level 1:colcon.colcon_core.package_identification:_identify(src) by extension 'ignore_ament_install'
[0.542s] Level 1:colcon.colcon_core.package_identification:_identify(src) by extensions ['colcon_pkg']
[0.542s] Level 1:colcon.colcon_core.package_identification:_identify(src) by extension 'colcon_pkg'
[0.542s] Level 1:colcon.colcon_core.package_identification:_identify(src) by extensions ['colcon_meta']
[0.542s] Level 1:colcon.colcon_core.package_identification:_identify(src) by extension 'colcon_meta'
[0.542s] Level 1:colcon.colcon_core.package_identification:_identify(src) by extensions ['ros']
[0.542s] Level 1:colcon.colcon_core.package_identification:_identify(src) by extension 'ros'
[0.542s] Level 1:colcon.colcon_core.package_identification:_identify(src) by extensions ['cmake', 'python']
[0.542s] Level 1:colcon.colcon_core.package_identification:_identify(src) by extension 'cmake'
[0.542s] Level 1:colcon.colcon_core.package_identification:_identify(src) by extension 'python'
[0.542s] Level 1:colcon.colcon_core.package_identification:_identify(src) by extensions ['python_setup_py']
[0.542s] Level 1:colcon.colcon_core.package_identification:_identify(src) by extension 'python_setup_py'
[0.542s] Level 1:colcon.colcon_core.package_identification:_identify(src/my_cpp_pkg) by extensions ['ignore', 'ignore_ament_install']
[0.542s] Level 1:colcon.colcon_core.package_identification:_identify(src/my_cpp_pkg) by extension 'ignore'
[0.543s] Level 1:colcon.colcon_core.package_identification:_identify(src/my_cpp_pkg) by extension 'ignore_ament_install'
[0.543s] Level 1:colcon.colcon_core.package_identification:_identify(src/my_cpp_pkg) by extensions ['colcon_pkg']
[0.543s] Level 1:colcon.colcon_core.package_identification:_identify(src/my_cpp_pkg) by extension 'colcon_pkg'
[0.543s] Level 1:colcon.colcon_core.package_identification:_identify(src/my_cpp_pkg) by extensions ['colcon_meta']
[0.543s] Level 1:colcon.colcon_core.package_identification:_identify(src/my_cpp_pkg) by extension 'colcon_meta'
[0.543s] Level 1:colcon.colcon_core.package_identification:_identify(src/my_cpp_pkg) by extensions ['ros']
[0.543s] Level 1:colcon.colcon_core.package_identification:_identify(src/my_cpp_pkg) by extension 'ros'
[0.547s] DEBUG:colcon.colcon_core.package_identification:Package 'src/my_cpp_pkg' with type 'ros.ament_cmake' and name 'my_cpp_pkg'
[0.547s] Level 1:colcon.colcon_core.package_identification:_identify(src/my_py_pkg) by extensions ['ignore', 'ignore_ament_install']
[0.547s] Level 1:colcon.colcon_core.package_identification:_identify(src/my_py_pkg) by extension 'ignore'
[0.548s] Level 1:colcon.colcon_core.package_identification:_identify(src/my_py_pkg) by extension 'ignore_ament_install'
[0.548s] Level 1:colcon.colcon_core.package_identification:_identify(src/my_py_pkg) by extensions ['colcon_pkg']
[0.548s] Level 1:colcon.colcon_core.package_identification:_identify(src/my_py_pkg) by extension 'colcon_pkg'
[0.548s] Level 1:colcon.colcon_core.package_identification:_identify(src/my_py_pkg) by extensions ['colcon_meta']
[0.548s] Level 1:colcon.colcon_core.package_identification:_identify(src/my_py_pkg) by extension 'colcon_meta'
[0.548s] Level 1:colcon.colcon_core.package_identification:_identify(src/my_py_pkg) by extensions ['ros']
[0.548s] Level 1:colcon.colcon_core.package_identification:_identify(src/my_py_pkg) by extension 'ros'
[0.549s] DEBUG:colcon.colcon_core.package_identification:Package 'src/my_py_pkg' with type 'ros.ament_python' and name 'my_py_pkg'
[0.549s] Level 1:colcon.colcon_core.package_discovery:discover_packages(recursive) using defaults
[0.549s] Level 1:colcon.colcon_core.package_discovery:discover_packages(ignore) discover
[0.549s] Level 1:colcon.colcon_core.package_discovery:discover_packages(ignore) using defaults
[0.549s] Level 1:colcon.colcon_core.package_discovery:discover_packages(path) discover
[0.549s] Level 1:colcon.colcon_core.package_discovery:discover_packages(path) using defaults
[0.598s] Level 1:colcon.colcon_core.package_discovery:discover_packages(prefix_path) check parameters
[0.598s] Level 1:colcon.colcon_core.package_discovery:discover_packages(prefix_path) discover
[0.601s] DEBUG:colcon.colcon_installed_package_information.package_discovery:Found 2 installed packages in /home/letizia/Documentos/ros2_ws/install
[0.603s] DEBUG:colcon.colcon_installed_package_information.package_discovery:Found 270 installed packages in /opt/ros/humble
[0.607s] Level 1:colcon.colcon_core.package_discovery:discover_packages(prefix_path) using defaults
[0.791s] Level 5:colcon.colcon_core.verb:set package 'my_cpp_pkg' build argument 'cmake_args' from command line to 'None'
[0.791s] Level 5:colcon.colcon_core.verb:set package 'my_cpp_pkg' build argument 'cmake_target' from command line to 'None'
[0.791s] Level 5:colcon.colcon_core.verb:set package 'my_cpp_pkg' build argument 'cmake_target_skip_unavailable' from command line to 'False'
[0.792s] Level 5:colcon.colcon_core.verb:set package 'my_cpp_pkg' build argument 'cmake_clean_cache' from command line to 'False'
[0.792s] Level 5:colcon.colcon_core.verb:set package 'my_cpp_pkg' build argument 'cmake_clean_first' from command line to 'False'
[0.792s] Level 5:colcon.colcon_core.verb:set package 'my_cpp_pkg' build argument 'cmake_force_configure' from command line to 'False'
[0.792s] Level 5:colcon.colcon_core.verb:set package 'my_cpp_pkg' build argument 'ament_cmake_args' from command line to 'None'
[0.792s] Level 5:colcon.colcon_core.verb:set package 'my_cpp_pkg' build argument 'catkin_cmake_args' from command line to 'None'
[0.792s] Level 5:colcon.colcon_core.verb:set package 'my_cpp_pkg' build argument 'catkin_skip_building_tests' from command line to 'False'
[0.792s] DEBUG:colcon.colcon_core.verb:Building package 'my_cpp_pkg' with the following arguments: {'ament_cmake_args': None, 'build_base': '/home/letizia/Documentos/ros2_ws/build/my_cpp_pkg', 'catkin_cmake_args': None, 'catkin_skip_building_tests': False, 'cmake_args': None, 'cmake_clean_cache': False, 'cmake_clean_first': False, 'cmake_force_configure': False, 'cmake_target': None, 'cmake_target_skip_unavailable': False, 'install_base': '/home/letizia/Documentos/ros2_ws/install/my_cpp_pkg', 'merge_install': False, 'path': '/home/letizia/Documentos/ros2_ws/src/my_cpp_pkg', 'symlink_install': False, 'test_result_base': None}
[0.792s] Level 5:colcon.colcon_core.verb:set package 'my_py_pkg' build argument 'cmake_args' from command line to 'None'
[0.792s] Level 5:colcon.colcon_core.verb:set package 'my_py_pkg' build argument 'cmake_target' from command line to 'None'
[0.792s] Level 5:colcon.colcon_core.verb:set package 'my_py_pkg' build argument 'cmake_target_skip_unavailable' from command line to 'False'
[0.792s] Level 5:colcon.colcon_core.verb:set package 'my_py_pkg' build argument 'cmake_clean_cache' from command line to 'False'
[0.793s] Level 5:colcon.colcon_core.verb:set package 'my_py_pkg' build argument 'cmake_clean_first' from command line to 'False'
[0.793s] Level 5:colcon.colcon_core.verb:set package 'my_py_pkg' build argument 'cmake_force_configure' from command line to 'False'
[0.793s] Level 5:colcon.colcon_core.verb:set package 'my_py_pkg' build argument 'ament_cmake_args' from command line to 'None'
[0.793s] Level 5:colcon.colcon_core.verb:set package 'my_py_pkg' build argument 'catkin_cmake_args' from command line to 'None'
[0.793s] Level 5:colcon.colcon_core.verb:set package 'my_py_pkg' build argument 'catkin_skip_building_tests' from command line to 'False'
[0.793s] DEBUG:colcon.colcon_core.verb:Building package 'my_py_pkg' with the following arguments: {'ament_cmake_args': None, 'build_base': '/home/letizia/Documentos/ros2_ws/build/my_py_pkg', 'catkin_cmake_args': None, 'catkin_skip_building_tests': False, 'cmake_args': None, 'cmake_clean_cache': False, 'cmake_clean_first': False, 'cmake_force_configure': False, 'cmake_target': None, 'cmake_target_skip_unavailable': False, 'install_base': '/home/letizia/Documentos/ros2_ws/install/my_py_pkg', 'merge_install': False, 'path': '/home/letizia/Documentos/ros2_ws/src/my_py_pkg', 'symlink_install': False, 'test_result_base': None}
[0.793s] INFO:colcon.colcon_core.executor:Executing jobs using 'parallel' executor
[0.794s] DEBUG:colcon.colcon_parallel_executor.executor.parallel:run_until_complete
[0.795s] INFO:colcon.colcon_ros.task.ament_cmake.build:Building ROS package in '/home/letizia/Documentos/ros2_ws/src/my_cpp_pkg' with build type 'ament_cmake'
[0.795s] INFO:colcon.colcon_cmake.task.cmake.build:Building CMake package in '/home/letizia/Documentos/ros2_ws/src/my_cpp_pkg'
[0.798s] INFO:colcon.colcon_core.plugin_system:Skipping extension 'colcon_core.shell.bat': Not used on non-Windows systems
[0.798s] INFO:colcon.colcon_core.shell:Skip shell extension 'powershell' for command environment: Not usable outside of PowerShell
[0.798s] DEBUG:colcon.colcon_core.shell:Skip shell extension 'dsv' for command environment
[0.803s] INFO:colcon.colcon_ros.task.ament_python.build:Building ROS package in '/home/letizia/Documentos/ros2_ws/src/my_py_pkg' with build type 'ament_python'
[0.803s] Level 1:colcon.colcon_core.shell:create_environment_hook('my_py_pkg', 'ament_prefix_path')
[0.803s] INFO:colcon.colcon_core.shell:Creating environment hook '/home/letizia/Documentos/ros2_ws/install/my_py_pkg/share/my_py_pkg/hook/ament_prefix_path.ps1'
[0.805s] INFO:colcon.colcon_core.shell:Creating environment descriptor '/home/letizia/Documentos/ros2_ws/install/my_py_pkg/share/my_py_pkg/hook/ament_prefix_path.dsv'
[0.806s] INFO:colcon.colcon_core.shell:Creating environment hook '/home/letizia/Documentos/ros2_ws/install/my_py_pkg/share/my_py_pkg/hook/ament_prefix_path.sh'
[0.809s] INFO:colcon.colcon_core.shell:Skip shell extension 'powershell' for command environment: Not usable outside of PowerShell
[0.809s] DEBUG:colcon.colcon_core.shell:Skip shell extension 'dsv' for command environment
[0.830s] DEBUG:colcon.colcon_core.event_handler.log_command:Invoking command in '/home/letizia/Documentos/ros2_ws/build/my_cpp_pkg': CMAKE_PREFIX_PATH=${CMAKE_PREFIX_PATH}:/home/letizia/Documentos/ros2_ws/install/my_py_pkg:/opt/ros/humble /usr/bin/cmake --build /home/letizia/Documentos/ros2_ws/build/my_cpp_pkg -- -j4 -l4
[1.460s] INFO:colcon.colcon_core.task.python.build:Building Python package in '/home/letizia/Documentos/ros2_ws/src/my_py_pkg'
[1.460s] INFO:colcon.colcon_core.shell:Skip shell extension 'powershell' for command environment: Not usable outside of PowerShell
[1.460s] DEBUG:colcon.colcon_core.shell:Skip shell extension 'dsv' for command environment
[2.286s] DEBUG:colcon.colcon_core.event_handler.log_command:Invoking command in '/home/letizia/Documentos/ros2_ws/src/my_py_pkg': PYTHONPATH=/home/letizia/Documentos/ros2_ws/build/my_py_pkg/prefix_override:/usr/lib/python3/dist-packages/colcon_core/task/python/colcon_distutils_commands:/home/letizia/Documentos/ros2_ws/install/my_py_pkg/lib/python3.10/site-packages:${PYTHONPATH} /usr/bin/python3 -W ignore:setup.py install is deprecated -W ignore:easy_install command is deprecated setup.py egg_info --egg-base ../../build/my_py_pkg build --build-base /home/letizia/Documentos/ros2_ws/build/my_py_pkg/build install --record /home/letizia/Documentos/ros2_ws/build/my_py_pkg/install.log --single-version-externally-managed install_data
[2.965s] DEBUG:colcon.colcon_core.event_handler.log_command:Invoked command in '/home/letizia/Documentos/ros2_ws/src/my_py_pkg' returned '0': PYTHONPATH=/home/letizia/Documentos/ros2_ws/build/my_py_pkg/prefix_override:/usr/lib/python3/dist-packages/colcon_core/task/python/colcon_distutils_commands:/home/letizia/Documentos/ros2_ws/install/my_py_pkg/lib/python3.10/site-packages:${PYTHONPATH} /usr/bin/python3 -W ignore:setup.py install is deprecated -W ignore:easy_install command is deprecated setup.py egg_info --egg-base ../../build/my_py_pkg build --build-base /home/letizia/Documentos/ros2_ws/build/my_py_pkg/build install --record /home/letizia/Documentos/ros2_ws/build/my_py_pkg/install.log --single-version-externally-managed install_data
[2.970s] Level 1:colcon.colcon_core.environment:checking '/home/letizia/Documentos/ros2_ws/install/my_py_pkg' for CMake module files
[2.972s] Level 1:colcon.colcon_core.environment:checking '/home/letizia/Documentos/ros2_ws/install/my_py_pkg' for CMake config files
[2.975s] Level 1:colcon.colcon_core.environment:checking '/home/letizia/Documentos/ros2_ws/install/my_py_pkg/lib'
[2.976s] Level 1:colcon.colcon_core.environment:checking '/home/letizia/Documentos/ros2_ws/install/my_py_pkg/bin'
[2.977s] Level 1:colcon.colcon_core.environment:checking '/home/letizia/Documentos/ros2_ws/install/my_py_pkg/lib/pkgconfig/my_py_pkg.pc'
[2.978s] Level 1:colcon.colcon_core.environment:checking '/home/letizia/Documentos/ros2_ws/install/my_py_pkg/lib/python3.10/site-packages'
[2.978s] Level 1:colcon.colcon_core.shell:create_environment_hook('my_py_pkg', 'pythonpath')
[2.979s] INFO:colcon.colcon_core.shell:Creating environment hook '/home/letizia/Documentos/ros2_ws/install/my_py_pkg/share/my_py_pkg/hook/pythonpath.ps1'
[2.980s] INFO:colcon.colcon_core.shell:Creating environment descriptor '/home/letizia/Documentos/ros2_ws/install/my_py_pkg/share/my_py_pkg/hook/pythonpath.dsv'
[2.980s] INFO:colcon.colcon_core.shell:Creating environment hook '/home/letizia/Documentos/ros2_ws/install/my_py_pkg/share/my_py_pkg/hook/pythonpath.sh'
[2.982s] Level 1:colcon.colcon_core.environment:checking '/home/letizia/Documentos/ros2_ws/install/my_py_pkg/bin'
[2.982s] Level 1:colcon.colcon_core.environment:create_environment_scripts_only(my_py_pkg)
[2.983s] INFO:colcon.colcon_core.shell:Creating package script '/home/letizia/Documentos/ros2_ws/install/my_py_pkg/share/my_py_pkg/package.ps1'
[2.987s] INFO:colcon.colcon_core.shell:Creating package descriptor '/home/letizia/Documentos/ros2_ws/install/my_py_pkg/share/my_py_pkg/package.dsv'
[2.990s] INFO:colcon.colcon_core.shell:Creating package script '/home/letizia/Documentos/ros2_ws/install/my_py_pkg/share/my_py_pkg/package.sh'
[2.992s] INFO:colcon.colcon_core.shell:Creating package script '/home/letizia/Documentos/ros2_ws/install/my_py_pkg/share/my_py_pkg/package.bash'
[2.995s] INFO:colcon.colcon_core.shell:Creating package script '/home/letizia/Documentos/ros2_ws/install/my_py_pkg/share/my_py_pkg/package.zsh'
[2.997s] Level 1:colcon.colcon_core.environment:create_file_with_runtime_dependencies(/home/letizia/Documentos/ros2_ws/install/my_py_pkg/share/colcon-core/packages/my_py_pkg)
[7.520s] DEBUG:colcon.colcon_core.event_handler.log_command:Invoked command in '/home/letizia/Documentos/ros2_ws/build/my_cpp_pkg' returned '0': CMAKE_PREFIX_PATH=${CMAKE_PREFIX_PATH}:/home/letizia/Documentos/ros2_ws/install/my_py_pkg:/opt/ros/humble /usr/bin/cmake --build /home/letizia/Documentos/ros2_ws/build/my_cpp_pkg -- -j4 -l4
[7.542s] DEBUG:colcon.colcon_core.event_handler.log_command:Invoking command in '/home/letizia/Documentos/ros2_ws/build/my_cpp_pkg': CMAKE_PREFIX_PATH=${CMAKE_PREFIX_PATH}:/home/letizia/Documentos/ros2_ws/install/my_py_pkg:/opt/ros/humble /usr/bin/cmake --install /home/letizia/Documentos/ros2_ws/build/my_cpp_pkg
[7.566s] Level 1:colcon.colcon_core.environment:create_environment_scripts_only(my_cpp_pkg)
[7.567s] Level 1:colcon.colcon_core.environment:checking '/home/letizia/Documentos/ros2_ws/install/my_cpp_pkg' for CMake module files
[7.569s] DEBUG:colcon.colcon_core.event_handler.log_command:Invoked command in '/home/letizia/Documentos/ros2_ws/build/my_cpp_pkg' returned '0': CMAKE_PREFIX_PATH=${CMAKE_PREFIX_PATH}:/home/letizia/Documentos/ros2_ws/install/my_py_pkg:/opt/ros/humble /usr/bin/cmake --install /home/letizia/Documentos/ros2_ws/build/my_cpp_pkg
[7.570s] Level 1:colcon.colcon_core.environment:checking '/home/letizia/Documentos/ros2_ws/install/my_cpp_pkg' for CMake config files
[7.571s] Level 1:colcon.colcon_core.shell:create_environment_hook('my_cpp_pkg', 'cmake_prefix_path')
[7.571s] INFO:colcon.colcon_core.shell:Creating environment hook '/home/letizia/Documentos/ros2_ws/install/my_cpp_pkg/share/my_cpp_pkg/hook/cmake_prefix_path.ps1'
[7.572s] INFO:colcon.colcon_core.shell:Creating environment descriptor '/home/letizia/Documentos/ros2_ws/install/my_cpp_pkg/share/my_cpp_pkg/hook/cmake_prefix_path.dsv'
[7.573s] INFO:colcon.colcon_core.shell:Creating environment hook '/home/letizia/Documentos/ros2_ws/install/my_cpp_pkg/share/my_cpp_pkg/hook/cmake_prefix_path.sh'
[7.575s] Level 1:colcon.colcon_core.environment:checking '/home/letizia/Documentos/ros2_ws/install/my_cpp_pkg/lib'
[7.575s] Level 1:colcon.colcon_core.environment:checking '/home/letizia/Documentos/ros2_ws/install/my_cpp_pkg/bin'
[7.576s] Level 1:colcon.colcon_core.environment:checking '/home/letizia/Documentos/ros2_ws/install/my_cpp_pkg/lib/pkgconfig/my_cpp_pkg.pc'
[7.577s] Level 1:colcon.colcon_core.environment:checking '/home/letizia/Documentos/ros2_ws/install/my_cpp_pkg/lib/python3.10/site-packages'
[7.580s] Level 1:colcon.colcon_core.environment:checking '/home/letizia/Documentos/ros2_ws/install/my_cpp_pkg/bin'
[7.582s] INFO:colcon.colcon_core.shell:Creating package script '/home/letizia/Documentos/ros2_ws/install/my_cpp_pkg/share/my_cpp_pkg/package.ps1'
[7.586s] INFO:colcon.colcon_core.shell:Creating package descriptor '/home/letizia/Documentos/ros2_ws/install/my_cpp_pkg/share/my_cpp_pkg/package.dsv'
[7.587s] INFO:colcon.colcon_core.shell:Creating package script '/home/letizia/Documentos/ros2_ws/install/my_cpp_pkg/share/my_cpp_pkg/package.sh'
[7.588s] INFO:colcon.colcon_core.shell:Creating package script '/home/letizia/Documentos/ros2_ws/install/my_cpp_pkg/share/my_cpp_pkg/package.bash'
[7.590s] INFO:colcon.colcon_core.shell:Creating package script '/home/letizia/Documentos/ros2_ws/install/my_cpp_pkg/share/my_cpp_pkg/package.zsh'
[7.592s] Level 1:colcon.colcon_core.environment:create_file_with_runtime_dependencies(/home/letizia/Documentos/ros2_ws/install/my_cpp_pkg/share/colcon-core/packages/my_cpp_pkg)
[7.593s] Level 1:colcon.colcon_core.environment:create_environment_scripts_only(my_cpp_pkg)
[7.594s] Level 1:colcon.colcon_core.environment:checking '/home/letizia/Documentos/ros2_ws/install/my_cpp_pkg' for CMake module files
[7.596s] Level 1:colcon.colcon_core.environment:checking '/home/letizia/Documentos/ros2_ws/install/my_cpp_pkg' for CMake config files
[7.597s] Level 1:colcon.colcon_core.shell:create_environment_hook('my_cpp_pkg', 'cmake_prefix_path')
[7.598s] INFO:colcon.colcon_core.shell:Creating environment hook '/home/letizia/Documentos/ros2_ws/install/my_cpp_pkg/share/my_cpp_pkg/hook/cmake_prefix_path.ps1'
[7.599s] INFO:colcon.colcon_core.shell:Creating environment descriptor '/home/letizia/Documentos/ros2_ws/install/my_cpp_pkg/share/my_cpp_pkg/hook/cmake_prefix_path.dsv'
[7.600s] INFO:colcon.colcon_core.shell:Creating environment hook '/home/letizia/Documentos/ros2_ws/install/my_cpp_pkg/share/my_cpp_pkg/hook/cmake_prefix_path.sh'
[7.602s] Level 1:colcon.colcon_core.environment:checking '/home/letizia/Documentos/ros2_ws/install/my_cpp_pkg/lib'
[7.604s] Level 1:colcon.colcon_core.environment:checking '/home/letizia/Documentos/ros2_ws/install/my_cpp_pkg/bin'
[7.604s] Level 1:colcon.colcon_core.environment:checking '/home/letizia/Documentos/ros2_ws/install/my_cpp_pkg/lib/pkgconfig/my_cpp_pkg.pc'
[7.604s] Level 1:colcon.colcon_core.environment:checking '/home/letizia/Documentos/ros2_ws/install/my_cpp_pkg/lib/python3.10/site-packages'
[7.605s] Level 1:colcon.colcon_core.environment:checking '/home/letizia/Documentos/ros2_ws/install/my_cpp_pkg/bin'
[7.606s] INFO:colcon.colcon_core.shell:Creating package script '/home/letizia/Documentos/ros2_ws/install/my_cpp_pkg/share/my_cpp_pkg/package.ps1'
[7.610s] INFO:colcon.colcon_core.shell:Creating package descriptor '/home/letizia/Documentos/ros2_ws/install/my_cpp_pkg/share/my_cpp_pkg/package.dsv'
[7.613s] INFO:colcon.colcon_core.shell:Creating package script '/home/letizia/Documentos/ros2_ws/install/my_cpp_pkg/share/my_cpp_pkg/package.sh'
[7.617s] INFO:colcon.colcon_core.shell:Creating package script '/home/letizia/Documentos/ros2_ws/install/my_cpp_pkg/share/my_cpp_pkg/package.bash'
[7.618s] INFO:colcon.colcon_core.shell:Creating package script '/home/letizia/Documentos/ros2_ws/install/my_cpp_pkg/share/my_cpp_pkg/package.zsh'
[7.619s] Level 1:colcon.colcon_core.environment:create_file_with_runtime_dependencies(/home/letizia/Documentos/ros2_ws/install/my_cpp_pkg/share/colcon-core/packages/my_cpp_pkg)
[7.620s] DEBUG:colcon.colcon_parallel_executor.executor.parallel:closing loop
[7.620s] DEBUG:colcon.colcon_parallel_executor.executor.parallel:loop closed
[7.621s] DEBUG:colcon.colcon_parallel_executor.executor.parallel:run_until_complete finished with '0'
[7.621s] DEBUG:colcon.colcon_core.event_reactor:joining thread
[7.633s] INFO:colcon.colcon_core.plugin_system:Skipping extension 'colcon_notification.desktop_notification.notify_send': Could not find 'notify-send'
[7.634s] INFO:colcon.colcon_core.plugin_system:Skipping extension 'colcon_notification.desktop_notification.terminal_notifier': Not used on non-Darwin systems
[7.634s] INFO:colcon.colcon_core.plugin_system:Skipping extension 'colcon_notification.desktop_notification.win32': Not used on non-Windows systems
[7.634s] INFO:colcon.colcon_notification.desktop_notification:Sending desktop notification using 'notify2'
[7.684s] DEBUG:colcon.colcon_core.event_reactor:joined thread
[7.685s] INFO:colcon.colcon_core.shell:Creating prefix script '/home/letizia/Documentos/ros2_ws/install/local_setup.ps1'
[7.689s] INFO:colcon.colcon_core.shell:Creating prefix util module '/home/letizia/Documentos/ros2_ws/install/_local_setup_util_ps1.py'
[7.696s] INFO:colcon.colcon_core.shell:Creating prefix chain script '/home/letizia/Documentos/ros2_ws/install/setup.ps1'
[7.701s] INFO:colcon.colcon_core.shell:Creating prefix script '/home/letizia/Documentos/ros2_ws/install/local_setup.sh'
[7.703s] INFO:colcon.colcon_core.shell:Creating prefix util module '/home/letizia/Documentos/ros2_ws/install/_local_setup_util_sh.py'
[7.705s] INFO:colcon.colcon_core.shell:Creating prefix chain script '/home/letizia/Documentos/ros2_ws/install/setup.sh'
[7.709s] INFO:colcon.colcon_core.shell:Creating prefix script '/home/letizia/Documentos/ros2_ws/install/local_setup.bash'
[7.714s] INFO:colcon.colcon_core.shell:Creating prefix chain script '/home/letizia/Documentos/ros2_ws/install/setup.bash'
[7.720s] INFO:colcon.colcon_core.shell:Creating prefix script '/home/letizia/Documentos/ros2_ws/install/local_setup.zsh'
[7.726s] INFO:colcon.colcon_core.shell:Creating prefix chain script '/home/letizia/Documentos/ros2_ws/install/setup.zsh'
