[0.180s] DEBUG:colcon:Command line arguments: ['/usr/bin/colcon', 'build']
[0.180s] DEBUG:colcon:Parsed command line arguments: Namespace(log_base=None, log_level=None, verb_name='build', build_base='build', install_base='install', merge_install=False, symlink_install=False, test_result_base=None, continue_on_error=False, executor='parallel', parallel_workers=4, event_handlers=None, ignore_user_meta=False, metas=['./colcon.meta'], base_paths=['.'], packages_ignore=None, packages_ignore_regex=None, paths=None, packages_up_to=None, packages_up_to_regex=None, packages_above=None, packages_above_and_dependencies=None, packages_above_depth=None, packages_select_by_dep=None, packages_skip_by_dep=None, packages_skip_up_to=None, packages_select_build_failed=False, packages_skip_build_finished=False, packages_select_test_failures=False, packages_skip_test_passed=False, packages_select=None, packages_skip=None, packages_select_regex=None, packages_skip_regex=None, packages_start=None, packages_end=None, allow_overriding=[], cmake_args=None, cmake_target=None, cmake_target_skip_unavailable=False, cmake_clean_cache=False, cmake_clean_first=False, cmake_force_configure=False, ament_cmake_args=None, catkin_cmake_args=None, catkin_skip_building_tests=False, mixin_files=None, mixin=None, verb_parser=<colcon_mixin.mixin.mixin_argument.MixinArgumentDecorator object at 0x77a3f8646d70>, verb_extension=<colcon_core.verb.build.BuildVerb object at 0x77a3f874fc70>, main=<bound method BuildVerb.main of <colcon_core.verb.build.BuildVerb object at 0x77a3f874fc70>>, mixin_verb=('build',))
[0.504s] Level 1:colcon.colcon_core.package_discovery:discover_packages(colcon_meta) check parameters
[0.505s] Level 1:colcon.colcon_core.package_discovery:discover_packages(recursive) check parameters
[0.505s] Level 1:colcon.colcon_core.package_discovery:discover_packages(ignore) check parameters
[0.505s] Level 1:colcon.colcon_core.package_discovery:discover_packages(path) check parameters
[0.505s] Level 1:colcon.colcon_core.package_discovery:discover_packages(colcon_meta) discover
[0.505s] Level 1:colcon.colcon_core.package_discovery:discover_packages(recursive) discover
[0.505s] INFO:colcon.colcon_core.package_discovery:Crawling recursively for packages in '/home/letizia/Documentos/ros2_ws'
[0.505s] Level 1:colcon.colcon_core.package_identification:_identify(.) by extensions ['ignore', 'ignore_ament_install']
[0.506s] Level 1:colcon.colcon_core.package_identification:_identify(.) by extension 'ignore'
[0.506s] Level 1:colcon.colcon_core.package_identification:_identify(.) by extension 'ignore_ament_install'
[0.506s] Level 1:colcon.colcon_core.package_identification:_identify(.) by extensions ['colcon_pkg']
[0.506s] Level 1:colcon.colcon_core.package_identification:_identify(.) by extension 'colcon_pkg'
[0.506s] Level 1:colcon.colcon_core.package_identification:_identify(.) by extensions ['colcon_meta']
[0.506s] Level 1:colcon.colcon_core.package_identification:_identify(.) by extension 'colcon_meta'
[0.506s] Level 1:colcon.colcon_core.package_identification:_identify(.) by extensions ['ros']
[0.506s] Level 1:colcon.colcon_core.package_identification:_identify(.) by extension 'ros'
[0.535s] Level 1:colcon.colcon_core.package_identification:_identify(.) by extensions ['cmake', 'python']
[0.535s] Level 1:colcon.colcon_core.package_identification:_identify(.) by extension 'cmake'
[0.535s] Level 1:colcon.colcon_core.package_identification:_identify(.) by extension 'python'
[0.535s] Level 1:colcon.colcon_core.package_identification:_identify(.) by extensions ['python_setup_py']
[0.535s] Level 1:colcon.colcon_core.package_identification:_identify(.) by extension 'python_setup_py'
[0.536s] Level 1:colcon.colcon_core.package_identification:_identify(build) by extensions ['ignore', 'ignore_ament_install']
[0.536s] Level 1:colcon.colcon_core.package_identification:_identify(build) by extension 'ignore'
[0.536s] Level 1:colcon.colcon_core.package_identification:_identify(build) ignored
[0.536s] Level 1:colcon.colcon_core.package_identification:_identify(install) by extensions ['ignore', 'ignore_ament_install']
[0.536s] Level 1:colcon.colcon_core.package_identification:_identify(install) by extension 'ignore'
[0.536s] Level 1:colcon.colcon_core.package_identification:_identify(install) ignored
[0.537s] Level 1:colcon.colcon_core.package_identification:_identify(log) by extensions ['ignore', 'ignore_ament_install']
[0.537s] Level 1:colcon.colcon_core.package_identification:_identify(log) by extension 'ignore'
[0.537s] Level 1:colcon.colcon_core.package_identification:_identify(log) ignored
[0.537s] Level 1:colcon.colcon_core.package_identification:_identify(src) by extensions ['ignore', 'ignore_ament_install']
[0.537s] Level 1:colcon.colcon_core.package_identification:_identify(src) by extension 'ignore'
[0.537s] Level 1:colcon.colcon_core.package_identification:_identify(src) by extension 'ignore_ament_install'
[0.538s] Level 1:colcon.colcon_core.package_identification:_identify(src) by extensions ['colcon_pkg']
[0.538s] Level 1:colcon.colcon_core.package_identification:_identify(src) by extension 'colcon_pkg'
[0.538s] Level 1:colcon.colcon_core.package_identification:_identify(src) by extensions ['colcon_meta']
[0.538s] Level 1:colcon.colcon_core.package_identification:_identify(src) by extension 'colcon_meta'
[0.538s] Level 1:colcon.colcon_core.package_identification:_identify(src) by extensions ['ros']
[0.538s] Level 1:colcon.colcon_core.package_identification:_identify(src) by extension 'ros'
[0.538s] Level 1:colcon.colcon_core.package_identification:_identify(src) by extensions ['cmake', 'python']
[0.538s] Level 1:colcon.colcon_core.package_identification:_identify(src) by extension 'cmake'
[0.538s] Level 1:colcon.colcon_core.package_identification:_identify(src) by extension 'python'
[0.538s] Level 1:colcon.colcon_core.package_identification:_identify(src) by extensions ['python_setup_py']
[0.539s] Level 1:colcon.colcon_core.package_identification:_identify(src) by extension 'python_setup_py'
[0.539s] Level 1:colcon.colcon_core.package_identification:_identify(src/battery_manager) by extensions ['ignore', 'ignore_ament_install']
[0.539s] Level 1:colcon.colcon_core.package_identification:_identify(src/battery_manager) by extension 'ignore'
[0.539s] Level 1:colcon.colcon_core.package_identification:_identify(src/battery_manager) by extension 'ignore_ament_install'
[0.539s] Level 1:colcon.colcon_core.package_identification:_identify(src/battery_manager) by extensions ['colcon_pkg']
[0.539s] Level 1:colcon.colcon_core.package_identification:_identify(src/battery_manager) by extension 'colcon_pkg'
[0.539s] Level 1:colcon.colcon_core.package_identification:_identify(src/battery_manager) by extensions ['colcon_meta']
[0.539s] Level 1:colcon.colcon_core.package_identification:_identify(src/battery_manager) by extension 'colcon_meta'
[0.540s] Level 1:colcon.colcon_core.package_identification:_identify(src/battery_manager) by extensions ['ros']
[0.540s] Level 1:colcon.colcon_core.package_identification:_identify(src/battery_manager) by extension 'ros'
[0.546s] DEBUG:colcon.colcon_core.package_identification:Package 'src/battery_manager' with type 'ros.ament_cmake' and name 'battery_manager'
[0.547s] Level 1:colcon.colcon_core.package_identification:_identify(src/my_counter) by extensions ['ignore', 'ignore_ament_install']
[0.547s] Level 1:colcon.colcon_core.package_identification:_identify(src/my_counter) by extension 'ignore'
[0.547s] Level 1:colcon.colcon_core.package_identification:_identify(src/my_counter) by extension 'ignore_ament_install'
[0.547s] Level 1:colcon.colcon_core.package_identification:_identify(src/my_counter) by extensions ['colcon_pkg']
[0.547s] Level 1:colcon.colcon_core.package_identification:_identify(src/my_counter) by extension 'colcon_pkg'
[0.548s] Level 1:colcon.colcon_core.package_identification:_identify(src/my_counter) by extensions ['colcon_meta']
[0.548s] Level 1:colcon.colcon_core.package_identification:_identify(src/my_counter) by extension 'colcon_meta'
[0.548s] Level 1:colcon.colcon_core.package_identification:_identify(src/my_counter) by extensions ['ros']
[0.548s] Level 1:colcon.colcon_core.package_identification:_identify(src/my_counter) by extension 'ros'
[0.550s] DEBUG:colcon.colcon_core.package_identification:Package 'src/my_counter' with type 'ros.ament_cmake' and name 'my_counter'
[0.550s] Level 1:colcon.colcon_core.package_identification:_identify(src/my_cpp_pkg) by extensions ['ignore', 'ignore_ament_install']
[0.550s] Level 1:colcon.colcon_core.package_identification:_identify(src/my_cpp_pkg) by extension 'ignore'
[0.550s] Level 1:colcon.colcon_core.package_identification:_identify(src/my_cpp_pkg) by extension 'ignore_ament_install'
[0.550s] Level 1:colcon.colcon_core.package_identification:_identify(src/my_cpp_pkg) by extensions ['colcon_pkg']
[0.550s] Level 1:colcon.colcon_core.package_identification:_identify(src/my_cpp_pkg) by extension 'colcon_pkg'
[0.551s] Level 1:colcon.colcon_core.package_identification:_identify(src/my_cpp_pkg) by extensions ['colcon_meta']
[0.551s] Level 1:colcon.colcon_core.package_identification:_identify(src/my_cpp_pkg) by extension 'colcon_meta'
[0.551s] Level 1:colcon.colcon_core.package_identification:_identify(src/my_cpp_pkg) by extensions ['ros']
[0.551s] Level 1:colcon.colcon_core.package_identification:_identify(src/my_cpp_pkg) by extension 'ros'
[0.553s] DEBUG:colcon.colcon_core.package_identification:Package 'src/my_cpp_pkg' with type 'ros.ament_cmake' and name 'my_cpp_pkg'
[0.553s] Level 1:colcon.colcon_core.package_identification:_identify(src/my_py_pkg) by extensions ['ignore', 'ignore_ament_install']
[0.553s] Level 1:colcon.colcon_core.package_identification:_identify(src/my_py_pkg) by extension 'ignore'
[0.553s] Level 1:colcon.colcon_core.package_identification:_identify(src/my_py_pkg) by extension 'ignore_ament_install'
[0.553s] Level 1:colcon.colcon_core.package_identification:_identify(src/my_py_pkg) by extensions ['colcon_pkg']
[0.553s] Level 1:colcon.colcon_core.package_identification:_identify(src/my_py_pkg) by extension 'colcon_pkg'
[0.554s] Level 1:colcon.colcon_core.package_identification:_identify(src/my_py_pkg) by extensions ['colcon_meta']
[0.554s] Level 1:colcon.colcon_core.package_identification:_identify(src/my_py_pkg) by extension 'colcon_meta'
[0.554s] Level 1:colcon.colcon_core.package_identification:_identify(src/my_py_pkg) by extensions ['ros']
[0.554s] Level 1:colcon.colcon_core.package_identification:_identify(src/my_py_pkg) by extension 'ros'
[0.556s] DEBUG:colcon.colcon_core.package_identification:Package 'src/my_py_pkg' with type 'ros.ament_python' and name 'my_py_pkg'
[0.556s] Level 1:colcon.colcon_core.package_identification:_identify(src/my_robot_interfaces) by extensions ['ignore', 'ignore_ament_install']
[0.556s] Level 1:colcon.colcon_core.package_identification:_identify(src/my_robot_interfaces) by extension 'ignore'
[0.556s] Level 1:colcon.colcon_core.package_identification:_identify(src/my_robot_interfaces) by extension 'ignore_ament_install'
[0.556s] Level 1:colcon.colcon_core.package_identification:_identify(src/my_robot_interfaces) by extensions ['colcon_pkg']
[0.556s] Level 1:colcon.colcon_core.package_identification:_identify(src/my_robot_interfaces) by extension 'colcon_pkg'
[0.557s] Level 1:colcon.colcon_core.package_identification:_identify(src/my_robot_interfaces) by extensions ['colcon_meta']
[0.557s] Level 1:colcon.colcon_core.package_identification:_identify(src/my_robot_interfaces) by extension 'colcon_meta'
[0.557s] Level 1:colcon.colcon_core.package_identification:_identify(src/my_robot_interfaces) by extensions ['ros']
[0.557s] Level 1:colcon.colcon_core.package_identification:_identify(src/my_robot_interfaces) by extension 'ros'
[0.558s] DEBUG:colcon.colcon_core.package_identification:Package 'src/my_robot_interfaces' with type 'ros.ament_cmake' and name 'my_robot_interfaces'
[0.558s] Level 1:colcon.colcon_core.package_discovery:discover_packages(recursive) using defaults
[0.558s] Level 1:colcon.colcon_core.package_discovery:discover_packages(ignore) discover
[0.558s] Level 1:colcon.colcon_core.package_discovery:discover_packages(ignore) using defaults
[0.559s] Level 1:colcon.colcon_core.package_discovery:discover_packages(path) discover
[0.559s] Level 1:colcon.colcon_core.package_discovery:discover_packages(path) using defaults
[0.625s] Level 1:colcon.colcon_core.package_discovery:discover_packages(prefix_path) check parameters
[0.625s] Level 1:colcon.colcon_core.package_discovery:discover_packages(prefix_path) discover
[0.630s] DEBUG:colcon.colcon_installed_package_information.package_discovery:Found 5 installed packages in /home/letizia/Documentos/ros2_ws/install
[0.632s] DEBUG:colcon.colcon_installed_package_information.package_discovery:Found 270 installed packages in /opt/ros/humble
[0.635s] Level 1:colcon.colcon_core.package_discovery:discover_packages(prefix_path) using defaults
[0.697s] Level 5:colcon.colcon_core.verb:set package 'my_counter' build argument 'cmake_args' from command line to 'None'
[0.697s] Level 5:colcon.colcon_core.verb:set package 'my_counter' build argument 'cmake_target' from command line to 'None'
[0.697s] Level 5:colcon.colcon_core.verb:set package 'my_counter' build argument 'cmake_target_skip_unavailable' from command line to 'False'
[0.697s] Level 5:colcon.colcon_core.verb:set package 'my_counter' build argument 'cmake_clean_cache' from command line to 'False'
[0.697s] Level 5:colcon.colcon_core.verb:set package 'my_counter' build argument 'cmake_clean_first' from command line to 'False'
[0.697s] Level 5:colcon.colcon_core.verb:set package 'my_counter' build argument 'cmake_force_configure' from command line to 'False'
[0.697s] Level 5:colcon.colcon_core.verb:set package 'my_counter' build argument 'ament_cmake_args' from command line to 'None'
[0.697s] Level 5:colcon.colcon_core.verb:set package 'my_counter' build argument 'catkin_cmake_args' from command line to 'None'
[0.697s] Level 5:colcon.colcon_core.verb:set package 'my_counter' build argument 'catkin_skip_building_tests' from command line to 'False'
[0.698s] DEBUG:colcon.colcon_core.verb:Building package 'my_counter' with the following arguments: {'ament_cmake_args': None, 'build_base': '/home/letizia/Documentos/ros2_ws/build/my_counter', 'catkin_cmake_args': None, 'catkin_skip_building_tests': False, 'cmake_args': None, 'cmake_clean_cache': False, 'cmake_clean_first': False, 'cmake_force_configure': False, 'cmake_target': None, 'cmake_target_skip_unavailable': False, 'install_base': '/home/letizia/Documentos/ros2_ws/install/my_counter', 'merge_install': False, 'path': '/home/letizia/Documentos/ros2_ws/src/my_counter', 'symlink_install': False, 'test_result_base': None}
[0.698s] Level 5:colcon.colcon_core.verb:set package 'my_robot_interfaces' build argument 'cmake_args' from command line to 'None'
[0.698s] Level 5:colcon.colcon_core.verb:set package 'my_robot_interfaces' build argument 'cmake_target' from command line to 'None'
[0.698s] Level 5:colcon.colcon_core.verb:set package 'my_robot_interfaces' build argument 'cmake_target_skip_unavailable' from command line to 'False'
[0.698s] Level 5:colcon.colcon_core.verb:set package 'my_robot_interfaces' build argument 'cmake_clean_cache' from command line to 'False'
[0.698s] Level 5:colcon.colcon_core.verb:set package 'my_robot_interfaces' build argument 'cmake_clean_first' from command line to 'False'
[0.698s] Level 5:colcon.colcon_core.verb:set package 'my_robot_interfaces' build argument 'cmake_force_configure' from command line to 'False'
[0.698s] Level 5:colcon.colcon_core.verb:set package 'my_robot_interfaces' build argument 'ament_cmake_args' from command line to 'None'
[0.698s] Level 5:colcon.colcon_core.verb:set package 'my_robot_interfaces' build argument 'catkin_cmake_args' from command line to 'None'
[0.698s] Level 5:colcon.colcon_core.verb:set package 'my_robot_interfaces' build argument 'catkin_skip_building_tests' from command line to 'False'
[0.698s] DEBUG:colcon.colcon_core.verb:Building package 'my_robot_interfaces' with the following arguments: {'ament_cmake_args': None, 'build_base': '/home/letizia/Documentos/ros2_ws/build/my_robot_interfaces', 'catkin_cmake_args': None, 'catkin_skip_building_tests': False, 'cmake_args': None, 'cmake_clean_cache': False, 'cmake_clean_first': False, 'cmake_force_configure': False, 'cmake_target': None, 'cmake_target_skip_unavailable': False, 'install_base': '/home/letizia/Documentos/ros2_ws/install/my_robot_interfaces', 'merge_install': False, 'path': '/home/letizia/Documentos/ros2_ws/src/my_robot_interfaces', 'symlink_install': False, 'test_result_base': None}
[0.699s] Level 5:colcon.colcon_core.verb:set package 'battery_manager' build argument 'cmake_args' from command line to 'None'
[0.699s] Level 5:colcon.colcon_core.verb:set package 'battery_manager' build argument 'cmake_target' from command line to 'None'
[0.699s] Level 5:colcon.colcon_core.verb:set package 'battery_manager' build argument 'cmake_target_skip_unavailable' from command line to 'False'
[0.699s] Level 5:colcon.colcon_core.verb:set package 'battery_manager' build argument 'cmake_clean_cache' from command line to 'False'
[0.699s] Level 5:colcon.colcon_core.verb:set package 'battery_manager' build argument 'cmake_clean_first' from command line to 'False'
[0.699s] Level 5:colcon.colcon_core.verb:set package 'battery_manager' build argument 'cmake_force_configure' from command line to 'False'
[0.699s] Level 5:colcon.colcon_core.verb:set package 'battery_manager' build argument 'ament_cmake_args' from command line to 'None'
[0.699s] Level 5:colcon.colcon_core.verb:set package 'battery_manager' build argument 'catkin_cmake_args' from command line to 'None'
[0.699s] Level 5:colcon.colcon_core.verb:set package 'battery_manager' build argument 'catkin_skip_building_tests' from command line to 'False'
[0.699s] DEBUG:colcon.colcon_core.verb:Building package 'battery_manager' with the following arguments: {'ament_cmake_args': None, 'build_base': '/home/letizia/Documentos/ros2_ws/build/battery_manager', 'catkin_cmake_args': None, 'catkin_skip_building_tests': False, 'cmake_args': None, 'cmake_clean_cache': False, 'cmake_clean_first': False, 'cmake_force_configure': False, 'cmake_target': None, 'cmake_target_skip_unavailable': False, 'install_base': '/home/letizia/Documentos/ros2_ws/install/battery_manager', 'merge_install': False, 'path': '/home/letizia/Documentos/ros2_ws/src/battery_manager', 'symlink_install': False, 'test_result_base': None}
[0.700s] Level 5:colcon.colcon_core.verb:set package 'my_cpp_pkg' build argument 'cmake_args' from command line to 'None'
[0.700s] Level 5:colcon.colcon_core.verb:set package 'my_cpp_pkg' build argument 'cmake_target' from command line to 'None'
[0.700s] Level 5:colcon.colcon_core.verb:set package 'my_cpp_pkg' build argument 'cmake_target_skip_unavailable' from command line to 'False'
[0.700s] Level 5:colcon.colcon_core.verb:set package 'my_cpp_pkg' build argument 'cmake_clean_cache' from command line to 'False'
[0.700s] Level 5:colcon.colcon_core.verb:set package 'my_cpp_pkg' build argument 'cmake_clean_first' from command line to 'False'
[0.700s] Level 5:colcon.colcon_core.verb:set package 'my_cpp_pkg' build argument 'cmake_force_configure' from command line to 'False'
[0.700s] Level 5:colcon.colcon_core.verb:set package 'my_cpp_pkg' build argument 'ament_cmake_args' from command line to 'None'
[0.700s] Level 5:colcon.colcon_core.verb:set package 'my_cpp_pkg' build argument 'catkin_cmake_args' from command line to 'None'
[0.700s] Level 5:colcon.colcon_core.verb:set package 'my_cpp_pkg' build argument 'catkin_skip_building_tests' from command line to 'False'
[0.700s] DEBUG:colcon.colcon_core.verb:Building package 'my_cpp_pkg' with the following arguments: {'ament_cmake_args': None, 'build_base': '/home/letizia/Documentos/ros2_ws/build/my_cpp_pkg', 'catkin_cmake_args': None, 'catkin_skip_building_tests': False, 'cmake_args': None, 'cmake_clean_cache': False, 'cmake_clean_first': False, 'cmake_force_configure': False, 'cmake_target': None, 'cmake_target_skip_unavailable': False, 'install_base': '/home/letizia/Documentos/ros2_ws/install/my_cpp_pkg', 'merge_install': False, 'path': '/home/letizia/Documentos/ros2_ws/src/my_cpp_pkg', 'symlink_install': False, 'test_result_base': None}
[0.701s] Level 5:colcon.colcon_core.verb:set package 'my_py_pkg' build argument 'cmake_args' from command line to 'None'
[0.701s] Level 5:colcon.colcon_core.verb:set package 'my_py_pkg' build argument 'cmake_target' from command line to 'None'
[0.701s] Level 5:colcon.colcon_core.verb:set package 'my_py_pkg' build argument 'cmake_target_skip_unavailable' from command line to 'False'
[0.701s] Level 5:colcon.colcon_core.verb:set package 'my_py_pkg' build argument 'cmake_clean_cache' from command line to 'False'
[0.701s] Level 5:colcon.colcon_core.verb:set package 'my_py_pkg' build argument 'cmake_clean_first' from command line to 'False'
[0.701s] Level 5:colcon.colcon_core.verb:set package 'my_py_pkg' build argument 'cmake_force_configure' from command line to 'False'
[0.701s] Level 5:colcon.colcon_core.verb:set package 'my_py_pkg' build argument 'ament_cmake_args' from command line to 'None'
[0.701s] Level 5:colcon.colcon_core.verb:set package 'my_py_pkg' build argument 'catkin_cmake_args' from command line to 'None'
[0.701s] Level 5:colcon.colcon_core.verb:set package 'my_py_pkg' build argument 'catkin_skip_building_tests' from command line to 'False'
[0.701s] DEBUG:colcon.colcon_core.verb:Building package 'my_py_pkg' with the following arguments: {'ament_cmake_args': None, 'build_base': '/home/letizia/Documentos/ros2_ws/build/my_py_pkg', 'catkin_cmake_args': None, 'catkin_skip_building_tests': False, 'cmake_args': None, 'cmake_clean_cache': False, 'cmake_clean_first': False, 'cmake_force_configure': False, 'cmake_target': None, 'cmake_target_skip_unavailable': False, 'install_base': '/home/letizia/Documentos/ros2_ws/install/my_py_pkg', 'merge_install': False, 'path': '/home/letizia/Documentos/ros2_ws/src/my_py_pkg', 'symlink_install': False, 'test_result_base': None}
[0.702s] INFO:colcon.colcon_core.executor:Executing jobs using 'parallel' executor
[0.703s] DEBUG:colcon.colcon_parallel_executor.executor.parallel:run_until_complete
[0.704s] INFO:colcon.colcon_ros.task.ament_cmake.build:Building ROS package in '/home/letizia/Documentos/ros2_ws/src/my_robot_interfaces' with build type 'ament_cmake'
[0.704s] INFO:colcon.colcon_cmake.task.cmake.build:Building CMake package in '/home/letizia/Documentos/ros2_ws/src/my_robot_interfaces'
[0.707s] INFO:colcon.colcon_core.plugin_system:Skipping extension 'colcon_core.shell.bat': Not used on non-Windows systems
[0.707s] INFO:colcon.colcon_core.shell:Skip shell extension 'powershell' for command environment: Not usable outside of PowerShell
[0.707s] DEBUG:colcon.colcon_core.shell:Skip shell extension 'dsv' for command environment
[0.714s] INFO:colcon.colcon_ros.task.ament_cmake.build:Building ROS package in '/home/letizia/Documentos/ros2_ws/src/my_counter' with build type 'ament_cmake'
[0.714s] INFO:colcon.colcon_cmake.task.cmake.build:Building CMake package in '/home/letizia/Documentos/ros2_ws/src/my_counter'
[0.715s] INFO:colcon.colcon_core.shell:Skip shell extension 'powershell' for command environment: Not usable outside of PowerShell
[0.715s] DEBUG:colcon.colcon_core.shell:Skip shell extension 'dsv' for command environment
[0.725s] DEBUG:colcon.colcon_core.event_handler.log_command:Invoking command in '/home/letizia/Documentos/ros2_ws/build/my_robot_interfaces': BYOBU_DATE=%Y-%m-%d CMAKE_PREFIX_PATH=${CMAKE_PREFIX_PATH}:/home/letizia/Documentos/ros2_ws/install/my_py_pkg:/opt/ros/humble /usr/bin/cmake --build /home/letizia/Documentos/ros2_ws/build/my_robot_interfaces -- -j4 -l4
[0.738s] DEBUG:colcon.colcon_core.event_handler.log_command:Invoking command in '/home/letizia/Documentos/ros2_ws/build/my_counter': BYOBU_DATE=%Y-%m-%d CMAKE_PREFIX_PATH=${CMAKE_PREFIX_PATH}:/home/letizia/Documentos/ros2_ws/install/my_py_pkg:/opt/ros/humble /usr/bin/cmake --build /home/letizia/Documentos/ros2_ws/build/my_counter -- -j4 -l4
[0.974s] DEBUG:colcon.colcon_core.event_handler.log_command:Invoked command in '/home/letizia/Documentos/ros2_ws/build/my_counter' returned '0': BYOBU_DATE=%Y-%m-%d CMAKE_PREFIX_PATH=${CMAKE_PREFIX_PATH}:/home/letizia/Documentos/ros2_ws/install/my_py_pkg:/opt/ros/humble /usr/bin/cmake --build /home/letizia/Documentos/ros2_ws/build/my_counter -- -j4 -l4
[1.011s] DEBUG:colcon.colcon_core.event_handler.log_command:Invoking command in '/home/letizia/Documentos/ros2_ws/build/my_counter': BYOBU_DATE=%Y-%m-%d CMAKE_PREFIX_PATH=${CMAKE_PREFIX_PATH}:/home/letizia/Documentos/ros2_ws/install/my_py_pkg:/opt/ros/humble /usr/bin/cmake --install /home/letizia/Documentos/ros2_ws/build/my_counter
[1.039s] Level 1:colcon.colcon_core.environment:create_environment_scripts_only(my_counter)
[1.042s] DEBUG:colcon.colcon_core.event_handler.log_command:Invoked command in '/home/letizia/Documentos/ros2_ws/build/my_counter' returned '0': BYOBU_DATE=%Y-%m-%d CMAKE_PREFIX_PATH=${CMAKE_PREFIX_PATH}:/home/letizia/Documentos/ros2_ws/install/my_py_pkg:/opt/ros/humble /usr/bin/cmake --install /home/letizia/Documentos/ros2_ws/build/my_counter
[1.050s] Level 1:colcon.colcon_core.environment:checking '/home/letizia/Documentos/ros2_ws/install/my_counter' for CMake module files
[1.052s] Level 1:colcon.colcon_core.environment:checking '/home/letizia/Documentos/ros2_ws/install/my_counter' for CMake config files
[1.053s] Level 1:colcon.colcon_core.shell:create_environment_hook('my_counter', 'cmake_prefix_path')
[1.054s] INFO:colcon.colcon_core.shell:Creating environment hook '/home/letizia/Documentos/ros2_ws/install/my_counter/share/my_counter/hook/cmake_prefix_path.ps1'
[1.056s] INFO:colcon.colcon_core.shell:Creating environment descriptor '/home/letizia/Documentos/ros2_ws/install/my_counter/share/my_counter/hook/cmake_prefix_path.dsv'
[1.057s] INFO:colcon.colcon_core.shell:Creating environment hook '/home/letizia/Documentos/ros2_ws/install/my_counter/share/my_counter/hook/cmake_prefix_path.sh'
[1.059s] Level 1:colcon.colcon_core.environment:checking '/home/letizia/Documentos/ros2_ws/install/my_counter/lib'
[1.060s] Level 1:colcon.colcon_core.environment:checking '/home/letizia/Documentos/ros2_ws/install/my_counter/bin'
[1.061s] Level 1:colcon.colcon_core.environment:checking '/home/letizia/Documentos/ros2_ws/install/my_counter/lib/pkgconfig/my_counter.pc'
[1.062s] Level 1:colcon.colcon_core.environment:checking '/home/letizia/Documentos/ros2_ws/install/my_counter/lib/python3.10/site-packages'
[1.063s] Level 1:colcon.colcon_core.environment:checking '/home/letizia/Documentos/ros2_ws/install/my_counter/bin'
[1.066s] INFO:colcon.colcon_core.shell:Creating package script '/home/letizia/Documentos/ros2_ws/install/my_counter/share/my_counter/package.ps1'
[1.069s] INFO:colcon.colcon_core.shell:Creating package descriptor '/home/letizia/Documentos/ros2_ws/install/my_counter/share/my_counter/package.dsv'
[1.071s] INFO:colcon.colcon_core.shell:Creating package script '/home/letizia/Documentos/ros2_ws/install/my_counter/share/my_counter/package.sh'
[1.073s] INFO:colcon.colcon_core.shell:Creating package script '/home/letizia/Documentos/ros2_ws/install/my_counter/share/my_counter/package.bash'
[1.075s] INFO:colcon.colcon_core.shell:Creating package script '/home/letizia/Documentos/ros2_ws/install/my_counter/share/my_counter/package.zsh'
[1.078s] Level 1:colcon.colcon_core.environment:create_file_with_runtime_dependencies(/home/letizia/Documentos/ros2_ws/install/my_counter/share/colcon-core/packages/my_counter)
[1.081s] Level 1:colcon.colcon_core.environment:create_environment_scripts_only(my_counter)
[1.082s] Level 1:colcon.colcon_core.environment:checking '/home/letizia/Documentos/ros2_ws/install/my_counter' for CMake module files
[1.084s] Level 1:colcon.colcon_core.environment:checking '/home/letizia/Documentos/ros2_ws/install/my_counter' for CMake config files
[1.084s] Level 1:colcon.colcon_core.shell:create_environment_hook('my_counter', 'cmake_prefix_path')
[1.086s] INFO:colcon.colcon_core.shell:Creating environment hook '/home/letizia/Documentos/ros2_ws/install/my_counter/share/my_counter/hook/cmake_prefix_path.ps1'
[1.087s] INFO:colcon.colcon_core.shell:Creating environment descriptor '/home/letizia/Documentos/ros2_ws/install/my_counter/share/my_counter/hook/cmake_prefix_path.dsv'
[1.088s] INFO:colcon.colcon_core.shell:Creating environment hook '/home/letizia/Documentos/ros2_ws/install/my_counter/share/my_counter/hook/cmake_prefix_path.sh'
[1.090s] Level 1:colcon.colcon_core.environment:checking '/home/letizia/Documentos/ros2_ws/install/my_counter/lib'
[1.090s] Level 1:colcon.colcon_core.environment:checking '/home/letizia/Documentos/ros2_ws/install/my_counter/bin'
[1.090s] Level 1:colcon.colcon_core.environment:checking '/home/letizia/Documentos/ros2_ws/install/my_counter/lib/pkgconfig/my_counter.pc'
[1.091s] Level 1:colcon.colcon_core.environment:checking '/home/letizia/Documentos/ros2_ws/install/my_counter/lib/python3.10/site-packages'
[1.092s] Level 1:colcon.colcon_core.environment:checking '/home/letizia/Documentos/ros2_ws/install/my_counter/bin'
[1.092s] INFO:colcon.colcon_core.shell:Creating package script '/home/letizia/Documentos/ros2_ws/install/my_counter/share/my_counter/package.ps1'
[1.095s] INFO:colcon.colcon_core.shell:Creating package descriptor '/home/letizia/Documentos/ros2_ws/install/my_counter/share/my_counter/package.dsv'
[1.097s] INFO:colcon.colcon_core.shell:Creating package script '/home/letizia/Documentos/ros2_ws/install/my_counter/share/my_counter/package.sh'
[1.100s] INFO:colcon.colcon_core.shell:Creating package script '/home/letizia/Documentos/ros2_ws/install/my_counter/share/my_counter/package.bash'
[1.101s] INFO:colcon.colcon_core.shell:Creating package script '/home/letizia/Documentos/ros2_ws/install/my_counter/share/my_counter/package.zsh'
[1.102s] Level 1:colcon.colcon_core.environment:create_file_with_runtime_dependencies(/home/letizia/Documentos/ros2_ws/install/my_counter/share/colcon-core/packages/my_counter)
[1.613s] DEBUG:colcon.colcon_core.event_handler.log_command:Invoked command in '/home/letizia/Documentos/ros2_ws/build/my_robot_interfaces' returned '0': BYOBU_DATE=%Y-%m-%d CMAKE_PREFIX_PATH=${CMAKE_PREFIX_PATH}:/home/letizia/Documentos/ros2_ws/install/my_py_pkg:/opt/ros/humble /usr/bin/cmake --build /home/letizia/Documentos/ros2_ws/build/my_robot_interfaces -- -j4 -l4
[1.620s] DEBUG:colcon.colcon_core.event_handler.log_command:Invoking command in '/home/letizia/Documentos/ros2_ws/build/my_robot_interfaces': BYOBU_DATE=%Y-%m-%d CMAKE_PREFIX_PATH=${CMAKE_PREFIX_PATH}:/home/letizia/Documentos/ros2_ws/install/my_py_pkg:/opt/ros/humble /usr/bin/cmake --install /home/letizia/Documentos/ros2_ws/build/my_robot_interfaces
[1.741s] Level 1:colcon.colcon_core.environment:create_environment_scripts_only(my_robot_interfaces)
[1.742s] Level 1:colcon.colcon_core.environment:checking '/home/letizia/Documentos/ros2_ws/install/my_robot_interfaces' for CMake module files
[1.745s] Level 1:colcon.colcon_core.environment:checking '/home/letizia/Documentos/ros2_ws/install/my_robot_interfaces' for CMake config files
[1.745s] DEBUG:colcon.colcon_core.event_handler.log_command:Invoked command in '/home/letizia/Documentos/ros2_ws/build/my_robot_interfaces' returned '0': BYOBU_DATE=%Y-%m-%d CMAKE_PREFIX_PATH=${CMAKE_PREFIX_PATH}:/home/letizia/Documentos/ros2_ws/install/my_py_pkg:/opt/ros/humble /usr/bin/cmake --install /home/letizia/Documentos/ros2_ws/build/my_robot_interfaces
[1.749s] Level 1:colcon.colcon_core.shell:create_environment_hook('my_robot_interfaces', 'cmake_prefix_path')
[1.750s] INFO:colcon.colcon_core.shell:Creating environment hook '/home/letizia/Documentos/ros2_ws/install/my_robot_interfaces/share/my_robot_interfaces/hook/cmake_prefix_path.ps1'
[1.752s] INFO:colcon.colcon_core.shell:Creating environment descriptor '/home/letizia/Documentos/ros2_ws/install/my_robot_interfaces/share/my_robot_interfaces/hook/cmake_prefix_path.dsv'
[1.753s] INFO:colcon.colcon_core.shell:Creating environment hook '/home/letizia/Documentos/ros2_ws/install/my_robot_interfaces/share/my_robot_interfaces/hook/cmake_prefix_path.sh'
[1.754s] Level 1:colcon.colcon_core.environment:checking '/home/letizia/Documentos/ros2_ws/install/my_robot_interfaces/lib'
[1.755s] Level 1:colcon.colcon_core.shell:create_environment_hook('my_robot_interfaces', 'ld_library_path_lib')
[1.755s] INFO:colcon.colcon_core.shell:Creating environment hook '/home/letizia/Documentos/ros2_ws/install/my_robot_interfaces/share/my_robot_interfaces/hook/ld_library_path_lib.ps1'
[1.756s] INFO:colcon.colcon_core.shell:Creating environment descriptor '/home/letizia/Documentos/ros2_ws/install/my_robot_interfaces/share/my_robot_interfaces/hook/ld_library_path_lib.dsv'
[1.756s] INFO:colcon.colcon_core.shell:Creating environment hook '/home/letizia/Documentos/ros2_ws/install/my_robot_interfaces/share/my_robot_interfaces/hook/ld_library_path_lib.sh'
[1.757s] Level 1:colcon.colcon_core.environment:checking '/home/letizia/Documentos/ros2_ws/install/my_robot_interfaces/bin'
[1.757s] Level 1:colcon.colcon_core.environment:checking '/home/letizia/Documentos/ros2_ws/install/my_robot_interfaces/lib/pkgconfig/my_robot_interfaces.pc'
[1.758s] Level 1:colcon.colcon_core.environment:checking '/home/letizia/Documentos/ros2_ws/install/my_robot_interfaces/lib/python3.10/site-packages'
[1.758s] Level 1:colcon.colcon_core.environment:checking '/home/letizia/Documentos/ros2_ws/install/my_robot_interfaces/bin'
[1.759s] INFO:colcon.colcon_core.shell:Creating package script '/home/letizia/Documentos/ros2_ws/install/my_robot_interfaces/share/my_robot_interfaces/package.ps1'
[1.761s] INFO:colcon.colcon_core.shell:Creating package descriptor '/home/letizia/Documentos/ros2_ws/install/my_robot_interfaces/share/my_robot_interfaces/package.dsv'
[1.763s] INFO:colcon.colcon_core.shell:Creating package script '/home/letizia/Documentos/ros2_ws/install/my_robot_interfaces/share/my_robot_interfaces/package.sh'
[1.765s] INFO:colcon.colcon_core.shell:Creating package script '/home/letizia/Documentos/ros2_ws/install/my_robot_interfaces/share/my_robot_interfaces/package.bash'
[1.766s] INFO:colcon.colcon_core.shell:Creating package script '/home/letizia/Documentos/ros2_ws/install/my_robot_interfaces/share/my_robot_interfaces/package.zsh'
[1.766s] Level 1:colcon.colcon_core.environment:create_file_with_runtime_dependencies(/home/letizia/Documentos/ros2_ws/install/my_robot_interfaces/share/colcon-core/packages/my_robot_interfaces)
[1.767s] Level 1:colcon.colcon_core.environment:create_environment_scripts_only(my_robot_interfaces)
[1.768s] Level 1:colcon.colcon_core.environment:checking '/home/letizia/Documentos/ros2_ws/install/my_robot_interfaces' for CMake module files
[1.769s] Level 1:colcon.colcon_core.environment:checking '/home/letizia/Documentos/ros2_ws/install/my_robot_interfaces' for CMake config files
[1.770s] Level 1:colcon.colcon_core.shell:create_environment_hook('my_robot_interfaces', 'cmake_prefix_path')
[1.770s] INFO:colcon.colcon_core.shell:Creating environment hook '/home/letizia/Documentos/ros2_ws/install/my_robot_interfaces/share/my_robot_interfaces/hook/cmake_prefix_path.ps1'
[1.771s] INFO:colcon.colcon_core.shell:Creating environment descriptor '/home/letizia/Documentos/ros2_ws/install/my_robot_interfaces/share/my_robot_interfaces/hook/cmake_prefix_path.dsv'
[1.771s] INFO:colcon.colcon_core.shell:Creating environment hook '/home/letizia/Documentos/ros2_ws/install/my_robot_interfaces/share/my_robot_interfaces/hook/cmake_prefix_path.sh'
[1.772s] Level 1:colcon.colcon_core.environment:checking '/home/letizia/Documentos/ros2_ws/install/my_robot_interfaces/lib'
[1.772s] Level 1:colcon.colcon_core.shell:create_environment_hook('my_robot_interfaces', 'ld_library_path_lib')
[1.773s] INFO:colcon.colcon_core.shell:Creating environment hook '/home/letizia/Documentos/ros2_ws/install/my_robot_interfaces/share/my_robot_interfaces/hook/ld_library_path_lib.ps1'
[1.774s] INFO:colcon.colcon_core.shell:Creating environment descriptor '/home/letizia/Documentos/ros2_ws/install/my_robot_interfaces/share/my_robot_interfaces/hook/ld_library_path_lib.dsv'
[1.774s] INFO:colcon.colcon_core.shell:Creating environment hook '/home/letizia/Documentos/ros2_ws/install/my_robot_interfaces/share/my_robot_interfaces/hook/ld_library_path_lib.sh'
[1.775s] Level 1:colcon.colcon_core.environment:checking '/home/letizia/Documentos/ros2_ws/install/my_robot_interfaces/bin'
[1.775s] Level 1:colcon.colcon_core.environment:checking '/home/letizia/Documentos/ros2_ws/install/my_robot_interfaces/lib/pkgconfig/my_robot_interfaces.pc'
[1.775s] Level 1:colcon.colcon_core.environment:checking '/home/letizia/Documentos/ros2_ws/install/my_robot_interfaces/lib/python3.10/site-packages'
[1.776s] Level 1:colcon.colcon_core.environment:checking '/home/letizia/Documentos/ros2_ws/install/my_robot_interfaces/bin'
[1.777s] INFO:colcon.colcon_core.shell:Creating package script '/home/letizia/Documentos/ros2_ws/install/my_robot_interfaces/share/my_robot_interfaces/package.ps1'
[1.779s] INFO:colcon.colcon_core.shell:Creating package descriptor '/home/letizia/Documentos/ros2_ws/install/my_robot_interfaces/share/my_robot_interfaces/package.dsv'
[1.780s] INFO:colcon.colcon_core.shell:Creating package script '/home/letizia/Documentos/ros2_ws/install/my_robot_interfaces/share/my_robot_interfaces/package.sh'
[1.781s] INFO:colcon.colcon_core.shell:Creating package script '/home/letizia/Documentos/ros2_ws/install/my_robot_interfaces/share/my_robot_interfaces/package.bash'
[1.782s] INFO:colcon.colcon_core.shell:Creating package script '/home/letizia/Documentos/ros2_ws/install/my_robot_interfaces/share/my_robot_interfaces/package.zsh'
[1.782s] Level 1:colcon.colcon_core.environment:create_file_with_runtime_dependencies(/home/letizia/Documentos/ros2_ws/install/my_robot_interfaces/share/colcon-core/packages/my_robot_interfaces)
[1.783s] INFO:colcon.colcon_ros.task.ament_cmake.build:Building ROS package in '/home/letizia/Documentos/ros2_ws/src/battery_manager' with build type 'ament_cmake'
[1.783s] INFO:colcon.colcon_cmake.task.cmake.build:Building CMake package in '/home/letizia/Documentos/ros2_ws/src/battery_manager'
[1.784s] INFO:colcon.colcon_core.shell:Skip shell extension 'powershell' for command environment: Not usable outside of PowerShell
[1.784s] DEBUG:colcon.colcon_core.shell:Skip shell extension 'dsv' for command environment
[1.789s] INFO:colcon.colcon_ros.task.ament_cmake.build:Building ROS package in '/home/letizia/Documentos/ros2_ws/src/my_cpp_pkg' with build type 'ament_cmake'
[1.790s] INFO:colcon.colcon_cmake.task.cmake.build:Building CMake package in '/home/letizia/Documentos/ros2_ws/src/my_cpp_pkg'
[1.790s] INFO:colcon.colcon_core.shell:Skip shell extension 'powershell' for command environment: Not usable outside of PowerShell
[1.791s] DEBUG:colcon.colcon_core.shell:Skip shell extension 'dsv' for command environment
[1.797s] INFO:colcon.colcon_ros.task.ament_python.build:Building ROS package in '/home/letizia/Documentos/ros2_ws/src/my_py_pkg' with build type 'ament_python'
[1.798s] Level 1:colcon.colcon_core.shell:create_environment_hook('my_py_pkg', 'ament_prefix_path')
[1.798s] INFO:colcon.colcon_core.shell:Creating environment hook '/home/letizia/Documentos/ros2_ws/install/my_py_pkg/share/my_py_pkg/hook/ament_prefix_path.ps1'
[1.799s] INFO:colcon.colcon_core.shell:Creating environment descriptor '/home/letizia/Documentos/ros2_ws/install/my_py_pkg/share/my_py_pkg/hook/ament_prefix_path.dsv'
[1.800s] INFO:colcon.colcon_core.shell:Creating environment hook '/home/letizia/Documentos/ros2_ws/install/my_py_pkg/share/my_py_pkg/hook/ament_prefix_path.sh'
[1.802s] INFO:colcon.colcon_core.shell:Skip shell extension 'powershell' for command environment: Not usable outside of PowerShell
[1.802s] DEBUG:colcon.colcon_core.shell:Skip shell extension 'dsv' for command environment
[1.821s] DEBUG:colcon.colcon_core.event_handler.log_command:Invoking command in '/home/letizia/Documentos/ros2_ws/build/battery_manager': BYOBU_DATE=%Y-%m-%d CMAKE_PREFIX_PATH=/home/letizia/Documentos/ros2_ws/install/my_robot_interfaces:/home/letizia/Documentos/ros2_ws/install/my_cpp_pkg:/home/letizia/Documentos/ros2_ws/install/battery_manager:/home/letizia/Documentos/ros2_ws/install/my_counter:/home/letizia/Documentos/ros2_ws/install/my_py_pkg:/opt/ros/humble /usr/bin/cmake --build /home/letizia/Documentos/ros2_ws/build/battery_manager -- -j4 -l4
[1.831s] DEBUG:colcon.colcon_core.event_handler.log_command:Invoking command in '/home/letizia/Documentos/ros2_ws/build/my_cpp_pkg': BYOBU_DATE=%Y-%m-%d CMAKE_PREFIX_PATH=/home/letizia/Documentos/ros2_ws/install/my_robot_interfaces:/home/letizia/Documentos/ros2_ws/install/my_cpp_pkg:/home/letizia/Documentos/ros2_ws/install/battery_manager:/home/letizia/Documentos/ros2_ws/install/my_counter:/home/letizia/Documentos/ros2_ws/install/my_py_pkg:/opt/ros/humble /usr/bin/cmake --build /home/letizia/Documentos/ros2_ws/build/my_cpp_pkg -- -j4 -l4
[2.559s] INFO:colcon.colcon_core.task.python.build:Building Python package in '/home/letizia/Documentos/ros2_ws/src/my_py_pkg'
[2.559s] INFO:colcon.colcon_core.shell:Skip shell extension 'powershell' for command environment: Not usable outside of PowerShell
[2.560s] DEBUG:colcon.colcon_core.shell:Skip shell extension 'dsv' for command environment
[2.573s] DEBUG:colcon.colcon_core.event_handler.log_command:Invoked command in '/home/letizia/Documentos/ros2_ws/build/my_cpp_pkg' returned '0': BYOBU_DATE=%Y-%m-%d CMAKE_PREFIX_PATH=/home/letizia/Documentos/ros2_ws/install/my_robot_interfaces:/home/letizia/Documentos/ros2_ws/install/my_cpp_pkg:/home/letizia/Documentos/ros2_ws/install/battery_manager:/home/letizia/Documentos/ros2_ws/install/my_counter:/home/letizia/Documentos/ros2_ws/install/my_py_pkg:/opt/ros/humble /usr/bin/cmake --build /home/letizia/Documentos/ros2_ws/build/my_cpp_pkg -- -j4 -l4
[2.574s] DEBUG:colcon.colcon_core.event_handler.log_command:Invoking command in '/home/letizia/Documentos/ros2_ws/build/my_cpp_pkg': BYOBU_DATE=%Y-%m-%d CMAKE_PREFIX_PATH=/home/letizia/Documentos/ros2_ws/install/my_robot_interfaces:/home/letizia/Documentos/ros2_ws/install/my_cpp_pkg:/home/letizia/Documentos/ros2_ws/install/battery_manager:/home/letizia/Documentos/ros2_ws/install/my_counter:/home/letizia/Documentos/ros2_ws/install/my_py_pkg:/opt/ros/humble /usr/bin/cmake --install /home/letizia/Documentos/ros2_ws/build/my_cpp_pkg
[2.628s] Level 1:colcon.colcon_core.environment:create_environment_scripts_only(my_cpp_pkg)
[2.628s] Level 1:colcon.colcon_core.environment:checking '/home/letizia/Documentos/ros2_ws/install/my_cpp_pkg' for CMake module files
[2.633s] DEBUG:colcon.colcon_core.event_handler.log_command:Invoked command in '/home/letizia/Documentos/ros2_ws/build/my_cpp_pkg' returned '0': BYOBU_DATE=%Y-%m-%d CMAKE_PREFIX_PATH=/home/letizia/Documentos/ros2_ws/install/my_robot_interfaces:/home/letizia/Documentos/ros2_ws/install/my_cpp_pkg:/home/letizia/Documentos/ros2_ws/install/battery_manager:/home/letizia/Documentos/ros2_ws/install/my_counter:/home/letizia/Documentos/ros2_ws/install/my_py_pkg:/opt/ros/humble /usr/bin/cmake --install /home/letizia/Documentos/ros2_ws/build/my_cpp_pkg
[2.635s] Level 1:colcon.colcon_core.environment:checking '/home/letizia/Documentos/ros2_ws/install/my_cpp_pkg' for CMake config files
[2.635s] Level 1:colcon.colcon_core.shell:create_environment_hook('my_cpp_pkg', 'cmake_prefix_path')
[2.638s] INFO:colcon.colcon_core.shell:Creating environment hook '/home/letizia/Documentos/ros2_ws/install/my_cpp_pkg/share/my_cpp_pkg/hook/cmake_prefix_path.ps1'
[2.640s] INFO:colcon.colcon_core.shell:Creating environment descriptor '/home/letizia/Documentos/ros2_ws/install/my_cpp_pkg/share/my_cpp_pkg/hook/cmake_prefix_path.dsv'
[2.641s] INFO:colcon.colcon_core.shell:Creating environment hook '/home/letizia/Documentos/ros2_ws/install/my_cpp_pkg/share/my_cpp_pkg/hook/cmake_prefix_path.sh'
[2.646s] Level 1:colcon.colcon_core.environment:checking '/home/letizia/Documentos/ros2_ws/install/my_cpp_pkg/lib'
[2.647s] Level 1:colcon.colcon_core.environment:checking '/home/letizia/Documentos/ros2_ws/install/my_cpp_pkg/bin'
[2.647s] Level 1:colcon.colcon_core.environment:checking '/home/letizia/Documentos/ros2_ws/install/my_cpp_pkg/lib/pkgconfig/my_cpp_pkg.pc'
[2.648s] Level 1:colcon.colcon_core.environment:checking '/home/letizia/Documentos/ros2_ws/install/my_cpp_pkg/lib/python3.10/site-packages'
[2.649s] Level 1:colcon.colcon_core.environment:checking '/home/letizia/Documentos/ros2_ws/install/my_cpp_pkg/bin'
[2.650s] INFO:colcon.colcon_core.shell:Creating package script '/home/letizia/Documentos/ros2_ws/install/my_cpp_pkg/share/my_cpp_pkg/package.ps1'
[2.651s] INFO:colcon.colcon_core.shell:Creating package descriptor '/home/letizia/Documentos/ros2_ws/install/my_cpp_pkg/share/my_cpp_pkg/package.dsv'
[2.653s] INFO:colcon.colcon_core.shell:Creating package script '/home/letizia/Documentos/ros2_ws/install/my_cpp_pkg/share/my_cpp_pkg/package.sh'
[2.655s] INFO:colcon.colcon_core.shell:Creating package script '/home/letizia/Documentos/ros2_ws/install/my_cpp_pkg/share/my_cpp_pkg/package.bash'
[2.657s] INFO:colcon.colcon_core.shell:Creating package script '/home/letizia/Documentos/ros2_ws/install/my_cpp_pkg/share/my_cpp_pkg/package.zsh'
[2.659s] Level 1:colcon.colcon_core.environment:create_file_with_runtime_dependencies(/home/letizia/Documentos/ros2_ws/install/my_cpp_pkg/share/colcon-core/packages/my_cpp_pkg)
[2.663s] Level 1:colcon.colcon_core.environment:create_environment_scripts_only(my_cpp_pkg)
[2.664s] Level 1:colcon.colcon_core.environment:checking '/home/letizia/Documentos/ros2_ws/install/my_cpp_pkg' for CMake module files
[2.665s] Level 1:colcon.colcon_core.environment:checking '/home/letizia/Documentos/ros2_ws/install/my_cpp_pkg' for CMake config files
[2.668s] Level 1:colcon.colcon_core.shell:create_environment_hook('my_cpp_pkg', 'cmake_prefix_path')
[2.669s] INFO:colcon.colcon_core.shell:Creating environment hook '/home/letizia/Documentos/ros2_ws/install/my_cpp_pkg/share/my_cpp_pkg/hook/cmake_prefix_path.ps1'
[2.671s] INFO:colcon.colcon_core.shell:Creating environment descriptor '/home/letizia/Documentos/ros2_ws/install/my_cpp_pkg/share/my_cpp_pkg/hook/cmake_prefix_path.dsv'
[2.672s] INFO:colcon.colcon_core.shell:Creating environment hook '/home/letizia/Documentos/ros2_ws/install/my_cpp_pkg/share/my_cpp_pkg/hook/cmake_prefix_path.sh'
[2.674s] Level 1:colcon.colcon_core.environment:checking '/home/letizia/Documentos/ros2_ws/install/my_cpp_pkg/lib'
[2.674s] Level 1:colcon.colcon_core.environment:checking '/home/letizia/Documentos/ros2_ws/install/my_cpp_pkg/bin'
[2.674s] Level 1:colcon.colcon_core.environment:checking '/home/letizia/Documentos/ros2_ws/install/my_cpp_pkg/lib/pkgconfig/my_cpp_pkg.pc'
[2.675s] Level 1:colcon.colcon_core.environment:checking '/home/letizia/Documentos/ros2_ws/install/my_cpp_pkg/lib/python3.10/site-packages'
[2.675s] Level 1:colcon.colcon_core.environment:checking '/home/letizia/Documentos/ros2_ws/install/my_cpp_pkg/bin'
[2.676s] INFO:colcon.colcon_core.shell:Creating package script '/home/letizia/Documentos/ros2_ws/install/my_cpp_pkg/share/my_cpp_pkg/package.ps1'
[2.680s] INFO:colcon.colcon_core.shell:Creating package descriptor '/home/letizia/Documentos/ros2_ws/install/my_cpp_pkg/share/my_cpp_pkg/package.dsv'
[2.682s] INFO:colcon.colcon_core.shell:Creating package script '/home/letizia/Documentos/ros2_ws/install/my_cpp_pkg/share/my_cpp_pkg/package.sh'
[2.683s] INFO:colcon.colcon_core.shell:Creating package script '/home/letizia/Documentos/ros2_ws/install/my_cpp_pkg/share/my_cpp_pkg/package.bash'
[2.685s] INFO:colcon.colcon_core.shell:Creating package script '/home/letizia/Documentos/ros2_ws/install/my_cpp_pkg/share/my_cpp_pkg/package.zsh'
[2.687s] Level 1:colcon.colcon_core.environment:create_file_with_runtime_dependencies(/home/letizia/Documentos/ros2_ws/install/my_cpp_pkg/share/colcon-core/packages/my_cpp_pkg)
[3.508s] DEBUG:colcon.colcon_core.event_handler.log_command:Invoking command in '/home/letizia/Documentos/ros2_ws/src/my_py_pkg': BYOBU_DATE=%Y-%m-%d CMAKE_PREFIX_PATH=/home/letizia/Documentos/ros2_ws/install/my_robot_interfaces:/home/letizia/Documentos/ros2_ws/install/my_cpp_pkg:/home/letizia/Documentos/ros2_ws/install/battery_manager:/home/letizia/Documentos/ros2_ws/install/my_counter PYTHONPATH=/home/letizia/Documentos/ros2_ws/build/my_py_pkg/prefix_override:/usr/lib/python3/dist-packages/colcon_core/task/python/colcon_distutils_commands:/home/letizia/Documentos/ros2_ws/install/my_py_pkg/lib/python3.10/site-packages:${PYTHONPATH} /usr/bin/python3 -W ignore:setup.py install is deprecated -W ignore:easy_install command is deprecated setup.py egg_info --egg-base ../../build/my_py_pkg build --build-base /home/letizia/Documentos/ros2_ws/build/my_py_pkg/build install --record /home/letizia/Documentos/ros2_ws/build/my_py_pkg/install.log --single-version-externally-managed install_data
[4.273s] Level 1:colcon.colcon_core.environment:checking '/home/letizia/Documentos/ros2_ws/install/my_py_pkg' for CMake module files
[4.274s] DEBUG:colcon.colcon_core.event_handler.log_command:Invoked command in '/home/letizia/Documentos/ros2_ws/src/my_py_pkg' returned '0': BYOBU_DATE=%Y-%m-%d CMAKE_PREFIX_PATH=/home/letizia/Documentos/ros2_ws/install/my_robot_interfaces:/home/letizia/Documentos/ros2_ws/install/my_cpp_pkg:/home/letizia/Documentos/ros2_ws/install/battery_manager:/home/letizia/Documentos/ros2_ws/install/my_counter PYTHONPATH=/home/letizia/Documentos/ros2_ws/build/my_py_pkg/prefix_override:/usr/lib/python3/dist-packages/colcon_core/task/python/colcon_distutils_commands:/home/letizia/Documentos/ros2_ws/install/my_py_pkg/lib/python3.10/site-packages:${PYTHONPATH} /usr/bin/python3 -W ignore:setup.py install is deprecated -W ignore:easy_install command is deprecated setup.py egg_info --egg-base ../../build/my_py_pkg build --build-base /home/letizia/Documentos/ros2_ws/build/my_py_pkg/build install --record /home/letizia/Documentos/ros2_ws/build/my_py_pkg/install.log --single-version-externally-managed install_data
[4.275s] Level 1:colcon.colcon_core.environment:checking '/home/letizia/Documentos/ros2_ws/install/my_py_pkg' for CMake config files
[4.277s] Level 1:colcon.colcon_core.environment:checking '/home/letizia/Documentos/ros2_ws/install/my_py_pkg/lib'
[4.277s] Level 1:colcon.colcon_core.environment:checking '/home/letizia/Documentos/ros2_ws/install/my_py_pkg/bin'
[4.278s] Level 1:colcon.colcon_core.environment:checking '/home/letizia/Documentos/ros2_ws/install/my_py_pkg/lib/pkgconfig/my_py_pkg.pc'
[4.278s] Level 1:colcon.colcon_core.environment:checking '/home/letizia/Documentos/ros2_ws/install/my_py_pkg/lib/python3.10/site-packages'
[4.279s] Level 1:colcon.colcon_core.shell:create_environment_hook('my_py_pkg', 'pythonpath')
[4.280s] INFO:colcon.colcon_core.shell:Creating environment hook '/home/letizia/Documentos/ros2_ws/install/my_py_pkg/share/my_py_pkg/hook/pythonpath.ps1'
[4.281s] INFO:colcon.colcon_core.shell:Creating environment descriptor '/home/letizia/Documentos/ros2_ws/install/my_py_pkg/share/my_py_pkg/hook/pythonpath.dsv'
[4.282s] INFO:colcon.colcon_core.shell:Creating environment hook '/home/letizia/Documentos/ros2_ws/install/my_py_pkg/share/my_py_pkg/hook/pythonpath.sh'
[4.284s] Level 1:colcon.colcon_core.environment:checking '/home/letizia/Documentos/ros2_ws/install/my_py_pkg/bin'
[4.284s] Level 1:colcon.colcon_core.environment:create_environment_scripts_only(my_py_pkg)
[4.285s] INFO:colcon.colcon_core.shell:Creating package script '/home/letizia/Documentos/ros2_ws/install/my_py_pkg/share/my_py_pkg/package.ps1'
[4.286s] INFO:colcon.colcon_core.shell:Creating package descriptor '/home/letizia/Documentos/ros2_ws/install/my_py_pkg/share/my_py_pkg/package.dsv'
[4.287s] INFO:colcon.colcon_core.shell:Creating package script '/home/letizia/Documentos/ros2_ws/install/my_py_pkg/share/my_py_pkg/package.sh'
[4.288s] INFO:colcon.colcon_core.shell:Creating package script '/home/letizia/Documentos/ros2_ws/install/my_py_pkg/share/my_py_pkg/package.bash'
[4.289s] INFO:colcon.colcon_core.shell:Creating package script '/home/letizia/Documentos/ros2_ws/install/my_py_pkg/share/my_py_pkg/package.zsh'
[4.289s] Level 1:colcon.colcon_core.environment:create_file_with_runtime_dependencies(/home/letizia/Documentos/ros2_ws/install/my_py_pkg/share/colcon-core/packages/my_py_pkg)
[9.743s] DEBUG:colcon.colcon_core.event_handler.log_command:Invoked command in '/home/letizia/Documentos/ros2_ws/build/battery_manager' returned '0': BYOBU_DATE=%Y-%m-%d CMAKE_PREFIX_PATH=/home/letizia/Documentos/ros2_ws/install/my_robot_interfaces:/home/letizia/Documentos/ros2_ws/install/my_cpp_pkg:/home/letizia/Documentos/ros2_ws/install/battery_manager:/home/letizia/Documentos/ros2_ws/install/my_counter:/home/letizia/Documentos/ros2_ws/install/my_py_pkg:/opt/ros/humble /usr/bin/cmake --build /home/letizia/Documentos/ros2_ws/build/battery_manager -- -j4 -l4
[9.750s] DEBUG:colcon.colcon_core.event_handler.log_command:Invoking command in '/home/letizia/Documentos/ros2_ws/build/battery_manager': BYOBU_DATE=%Y-%m-%d CMAKE_PREFIX_PATH=/home/letizia/Documentos/ros2_ws/install/my_robot_interfaces:/home/letizia/Documentos/ros2_ws/install/my_cpp_pkg:/home/letizia/Documentos/ros2_ws/install/battery_manager:/home/letizia/Documentos/ros2_ws/install/my_counter:/home/letizia/Documentos/ros2_ws/install/my_py_pkg:/opt/ros/humble /usr/bin/cmake --install /home/letizia/Documentos/ros2_ws/build/battery_manager
[9.771s] Level 1:colcon.colcon_core.environment:create_environment_scripts_only(battery_manager)
[9.772s] Level 1:colcon.colcon_core.environment:checking '/home/letizia/Documentos/ros2_ws/install/battery_manager' for CMake module files
[9.773s] DEBUG:colcon.colcon_core.event_handler.log_command:Invoked command in '/home/letizia/Documentos/ros2_ws/build/battery_manager' returned '0': BYOBU_DATE=%Y-%m-%d CMAKE_PREFIX_PATH=/home/letizia/Documentos/ros2_ws/install/my_robot_interfaces:/home/letizia/Documentos/ros2_ws/install/my_cpp_pkg:/home/letizia/Documentos/ros2_ws/install/battery_manager:/home/letizia/Documentos/ros2_ws/install/my_counter:/home/letizia/Documentos/ros2_ws/install/my_py_pkg:/opt/ros/humble /usr/bin/cmake --install /home/letizia/Documentos/ros2_ws/build/battery_manager
[9.774s] Level 1:colcon.colcon_core.environment:checking '/home/letizia/Documentos/ros2_ws/install/battery_manager' for CMake config files
[9.774s] Level 1:colcon.colcon_core.shell:create_environment_hook('battery_manager', 'cmake_prefix_path')
[9.775s] INFO:colcon.colcon_core.shell:Creating environment hook '/home/letizia/Documentos/ros2_ws/install/battery_manager/share/battery_manager/hook/cmake_prefix_path.ps1'
[9.777s] INFO:colcon.colcon_core.shell:Creating environment descriptor '/home/letizia/Documentos/ros2_ws/install/battery_manager/share/battery_manager/hook/cmake_prefix_path.dsv'
[9.779s] INFO:colcon.colcon_core.shell:Creating environment hook '/home/letizia/Documentos/ros2_ws/install/battery_manager/share/battery_manager/hook/cmake_prefix_path.sh'
[9.781s] Level 1:colcon.colcon_core.environment:checking '/home/letizia/Documentos/ros2_ws/install/battery_manager/lib'
[9.781s] Level 1:colcon.colcon_core.environment:checking '/home/letizia/Documentos/ros2_ws/install/battery_manager/bin'
[9.781s] Level 1:colcon.colcon_core.environment:checking '/home/letizia/Documentos/ros2_ws/install/battery_manager/lib/pkgconfig/battery_manager.pc'
[9.782s] Level 1:colcon.colcon_core.environment:checking '/home/letizia/Documentos/ros2_ws/install/battery_manager/lib/python3.10/site-packages'
[9.782s] Level 1:colcon.colcon_core.environment:checking '/home/letizia/Documentos/ros2_ws/install/battery_manager/bin'
[9.783s] INFO:colcon.colcon_core.shell:Creating package script '/home/letizia/Documentos/ros2_ws/install/battery_manager/share/battery_manager/package.ps1'
[9.784s] INFO:colcon.colcon_core.shell:Creating package descriptor '/home/letizia/Documentos/ros2_ws/install/battery_manager/share/battery_manager/package.dsv'
[9.785s] INFO:colcon.colcon_core.shell:Creating package script '/home/letizia/Documentos/ros2_ws/install/battery_manager/share/battery_manager/package.sh'
[9.785s] INFO:colcon.colcon_core.shell:Creating package script '/home/letizia/Documentos/ros2_ws/install/battery_manager/share/battery_manager/package.bash'
[9.786s] INFO:colcon.colcon_core.shell:Creating package script '/home/letizia/Documentos/ros2_ws/install/battery_manager/share/battery_manager/package.zsh'
[9.787s] Level 1:colcon.colcon_core.environment:create_file_with_runtime_dependencies(/home/letizia/Documentos/ros2_ws/install/battery_manager/share/colcon-core/packages/battery_manager)
[9.788s] Level 1:colcon.colcon_core.environment:create_environment_scripts_only(battery_manager)
[9.788s] Level 1:colcon.colcon_core.environment:checking '/home/letizia/Documentos/ros2_ws/install/battery_manager' for CMake module files
[9.789s] Level 1:colcon.colcon_core.environment:checking '/home/letizia/Documentos/ros2_ws/install/battery_manager' for CMake config files
[9.790s] Level 1:colcon.colcon_core.shell:create_environment_hook('battery_manager', 'cmake_prefix_path')
[9.790s] INFO:colcon.colcon_core.shell:Creating environment hook '/home/letizia/Documentos/ros2_ws/install/battery_manager/share/battery_manager/hook/cmake_prefix_path.ps1'
[9.791s] INFO:colcon.colcon_core.shell:Creating environment descriptor '/home/letizia/Documentos/ros2_ws/install/battery_manager/share/battery_manager/hook/cmake_prefix_path.dsv'
[9.792s] INFO:colcon.colcon_core.shell:Creating environment hook '/home/letizia/Documentos/ros2_ws/install/battery_manager/share/battery_manager/hook/cmake_prefix_path.sh'
[9.793s] Level 1:colcon.colcon_core.environment:checking '/home/letizia/Documentos/ros2_ws/install/battery_manager/lib'
[9.793s] Level 1:colcon.colcon_core.environment:checking '/home/letizia/Documentos/ros2_ws/install/battery_manager/bin'
[9.793s] Level 1:colcon.colcon_core.environment:checking '/home/letizia/Documentos/ros2_ws/install/battery_manager/lib/pkgconfig/battery_manager.pc'
[9.794s] Level 1:colcon.colcon_core.environment:checking '/home/letizia/Documentos/ros2_ws/install/battery_manager/lib/python3.10/site-packages'
[9.795s] Level 1:colcon.colcon_core.environment:checking '/home/letizia/Documentos/ros2_ws/install/battery_manager/bin'
[9.795s] INFO:colcon.colcon_core.shell:Creating package script '/home/letizia/Documentos/ros2_ws/install/battery_manager/share/battery_manager/package.ps1'
[9.797s] INFO:colcon.colcon_core.shell:Creating package descriptor '/home/letizia/Documentos/ros2_ws/install/battery_manager/share/battery_manager/package.dsv'
[9.800s] INFO:colcon.colcon_core.shell:Creating package script '/home/letizia/Documentos/ros2_ws/install/battery_manager/share/battery_manager/package.sh'
[9.803s] INFO:colcon.colcon_core.shell:Creating package script '/home/letizia/Documentos/ros2_ws/install/battery_manager/share/battery_manager/package.bash'
[9.804s] INFO:colcon.colcon_core.shell:Creating package script '/home/letizia/Documentos/ros2_ws/install/battery_manager/share/battery_manager/package.zsh'
[9.805s] Level 1:colcon.colcon_core.environment:create_file_with_runtime_dependencies(/home/letizia/Documentos/ros2_ws/install/battery_manager/share/colcon-core/packages/battery_manager)
[9.805s] DEBUG:colcon.colcon_parallel_executor.executor.parallel:closing loop
[9.806s] DEBUG:colcon.colcon_parallel_executor.executor.parallel:loop closed
[9.806s] DEBUG:colcon.colcon_parallel_executor.executor.parallel:run_until_complete finished with '0'
[9.806s] DEBUG:colcon.colcon_core.event_reactor:joining thread
[9.824s] INFO:colcon.colcon_core.plugin_system:Skipping extension 'colcon_notification.desktop_notification.notify_send': Could not find 'notify-send'
[9.824s] INFO:colcon.colcon_core.plugin_system:Skipping extension 'colcon_notification.desktop_notification.terminal_notifier': Not used on non-Darwin systems
[9.824s] INFO:colcon.colcon_core.plugin_system:Skipping extension 'colcon_notification.desktop_notification.win32': Not used on non-Windows systems
[9.824s] INFO:colcon.colcon_notification.desktop_notification:Sending desktop notification using 'notify2'
[9.853s] DEBUG:colcon.colcon_core.event_reactor:joined thread
[9.854s] INFO:colcon.colcon_core.shell:Creating prefix script '/home/letizia/Documentos/ros2_ws/install/local_setup.ps1'
[9.857s] INFO:colcon.colcon_core.shell:Creating prefix util module '/home/letizia/Documentos/ros2_ws/install/_local_setup_util_ps1.py'
[9.864s] INFO:colcon.colcon_core.shell:Creating prefix chain script '/home/letizia/Documentos/ros2_ws/install/setup.ps1'
[9.868s] INFO:colcon.colcon_core.shell:Creating prefix script '/home/letizia/Documentos/ros2_ws/install/local_setup.sh'
[9.870s] INFO:colcon.colcon_core.shell:Creating prefix util module '/home/letizia/Documentos/ros2_ws/install/_local_setup_util_sh.py'
[9.872s] INFO:colcon.colcon_core.shell:Creating prefix chain script '/home/letizia/Documentos/ros2_ws/install/setup.sh'
[9.874s] INFO:colcon.colcon_core.shell:Creating prefix script '/home/letizia/Documentos/ros2_ws/install/local_setup.bash'
[9.875s] INFO:colcon.colcon_core.shell:Creating prefix chain script '/home/letizia/Documentos/ros2_ws/install/setup.bash'
[9.877s] INFO:colcon.colcon_core.shell:Creating prefix script '/home/letizia/Documentos/ros2_ws/install/local_setup.zsh'
[9.880s] INFO:colcon.colcon_core.shell:Creating prefix chain script '/home/letizia/Documentos/ros2_ws/install/setup.zsh'
