[1.703s] Invoking command in '/home/letizia/Documentos/ros2_ws/src/my_py_pkg': PYTHONPATH=/home/letizia/Documentos/ros2_ws/build/my_py_pkg/prefix_override:/usr/lib/python3/dist-packages/colcon_core/task/python/colcon_distutils_commands:/home/letizia/Documentos/ros2_ws/install/my_py_pkg/lib/python3.10/site-packages:${PYTHONPATH} /usr/bin/python3 -W ignore:setup.py install is deprecated -W ignore:easy_install command is deprecated setup.py egg_info --egg-base ../../build/my_py_pkg build --build-base /home/letizia/Documentos/ros2_ws/build/my_py_pkg/build install --record /home/letizia/Documentos/ros2_ws/build/my_py_pkg/install.log --single-version-externally-managed install_data
[2.074s] running egg_info
[2.075s] creating ../../build/my_py_pkg/my_py_pkg.egg-info
[2.076s] writing ../../build/my_py_pkg/my_py_pkg.egg-info/PKG-INFO
[2.076s] writing dependency_links to ../../build/my_py_pkg/my_py_pkg.egg-info/dependency_links.txt
[2.076s] writing entry points to ../../build/my_py_pkg/my_py_pkg.egg-info/entry_points.txt
[2.077s] writing requirements to ../../build/my_py_pkg/my_py_pkg.egg-info/requires.txt
[2.077s] writing top-level names to ../../build/my_py_pkg/my_py_pkg.egg-info/top_level.txt
[2.077s] writing manifest file '../../build/my_py_pkg/my_py_pkg.egg-info/SOURCES.txt'
[2.080s] reading manifest file '../../build/my_py_pkg/my_py_pkg.egg-info/SOURCES.txt'
[2.081s] writing manifest file '../../build/my_py_pkg/my_py_pkg.egg-info/SOURCES.txt'
[2.081s] running build
[2.082s] running build_py
[2.082s] creating /home/letizia/Documentos/ros2_ws/build/my_py_pkg/build
[2.082s] creating /home/letizia/Documentos/ros2_ws/build/my_py_pkg/build/lib
[2.082s] creating /home/letizia/Documentos/ros2_ws/build/my_py_pkg/build/lib/my_py_pkg
[2.082s] copying my_py_pkg/__init__.py -> /home/letizia/Documentos/ros2_ws/build/my_py_pkg/build/lib/my_py_pkg
[2.083s] running install
[2.083s] running install_lib
[2.084s] creating /home/letizia/Documentos/ros2_ws/install/my_py_pkg/lib/python3.10/site-packages/my_py_pkg
[2.084s] copying /home/letizia/Documentos/ros2_ws/build/my_py_pkg/build/lib/my_py_pkg/__init__.py -> /home/letizia/Documentos/ros2_ws/install/my_py_pkg/lib/python3.10/site-packages/my_py_pkg
[2.085s] byte-compiling /home/letizia/Documentos/ros2_ws/install/my_py_pkg/lib/python3.10/site-packages/my_py_pkg/__init__.py to __init__.cpython-310.pyc
[2.086s] running install_data
[2.086s] creating /home/letizia/Documentos/ros2_ws/install/my_py_pkg/share/ament_index
[2.086s] creating /home/letizia/Documentos/ros2_ws/install/my_py_pkg/share/ament_index/resource_index
[2.086s] creating /home/letizia/Documentos/ros2_ws/install/my_py_pkg/share/ament_index/resource_index/packages
[2.087s] copying resource/my_py_pkg -> /home/letizia/Documentos/ros2_ws/install/my_py_pkg/share/ament_index/resource_index/packages
[2.087s] copying package.xml -> /home/letizia/Documentos/ros2_ws/install/my_py_pkg/share/my_py_pkg
[2.087s] running install_egg_info
[2.090s] Copying ../../build/my_py_pkg/my_py_pkg.egg-info to /home/letizia/Documentos/ros2_ws/install/my_py_pkg/lib/python3.10/site-packages/my_py_pkg-0.0.0-py3.10.egg-info
[2.091s] running install_scripts
[2.122s] writing list of installed files to '/home/letizia/Documentos/ros2_ws/build/my_py_pkg/install.log'
[2.160s] Invoked command in '/home/letizia/Documentos/ros2_ws/src/my_py_pkg' returned '0': PYTHONPATH=/home/letizia/Documentos/ros2_ws/build/my_py_pkg/prefix_override:/usr/lib/python3/dist-packages/colcon_core/task/python/colcon_distutils_commands:/home/letizia/Documentos/ros2_ws/install/my_py_pkg/lib/python3.10/site-packages:${PYTHONPATH} /usr/bin/python3 -W ignore:setup.py install is deprecated -W ignore:easy_install command is deprecated setup.py egg_info --egg-base ../../build/my_py_pkg build --build-base /home/letizia/Documentos/ros2_ws/build/my_py_pkg/build install --record /home/letizia/Documentos/ros2_ws/build/my_py_pkg/install.log --single-version-externally-managed install_data
