[0.050s] Invoking command in '/home/letizia/Documentos/ros2_ws/build/my_cpp_pkg': BYOBU_DATE=%Y-%m-%d CMAKE_PREFIX_PATH=/home/letizia/Documentos/ros2_ws/install/my_robot_interfaces:/home/letizia/Documentos/ros2_ws/install/my_cpp_pkg:/home/letizia/Documentos/ros2_ws/install/battery_manager:/home/letizia/Documentos/ros2_ws/install/my_counter:/home/letizia/Documentos/ros2_ws/install/my_py_pkg:/opt/ros/humble /usr/bin/cmake --build /home/letizia/Documentos/ros2_ws/build/my_cpp_pkg -- -j4 -l4
[0.244s] [ 14%] Built target cpp_node
[0.277s] [ 28%] Built target robot_news_station
[0.382s] [ 42%] Built target add_two_ints_server
[0.385s] [ 57%] Built target smartphone
[0.444s] [ 71%] Built target add_two_ints_client_no_oop
[0.470s] [ 85%] Built target hw_status_publisher
[0.478s] [100%] Built target add_two_ints_client
[0.731s] Invoked command in '/home/letizia/Documentos/ros2_ws/build/my_cpp_pkg' returned '0': BYOBU_DATE=%Y-%m-%d CMAKE_PREFIX_PATH=/home/letizia/Documentos/ros2_ws/install/my_robot_interfaces:/home/letizia/Documentos/ros2_ws/install/my_cpp_pkg:/home/letizia/Documentos/ros2_ws/install/battery_manager:/home/letizia/Documentos/ros2_ws/install/my_counter:/home/letizia/Documentos/ros2_ws/install/my_py_pkg:/opt/ros/humble /usr/bin/cmake --build /home/letizia/Documentos/ros2_ws/build/my_cpp_pkg -- -j4 -l4
[0.733s] Invoking command in '/home/letizia/Documentos/ros2_ws/build/my_cpp_pkg': BYOBU_DATE=%Y-%m-%d CMAKE_PREFIX_PATH=/home/letizia/Documentos/ros2_ws/install/my_robot_interfaces:/home/letizia/Documentos/ros2_ws/install/my_cpp_pkg:/home/letizia/Documentos/ros2_ws/install/battery_manager:/home/letizia/Documentos/ros2_ws/install/my_counter:/home/letizia/Documentos/ros2_ws/install/my_py_pkg:/opt/ros/humble /usr/bin/cmake --install /home/letizia/Documentos/ros2_ws/build/my_cpp_pkg
[0.753s] -- Install configuration: ""
[0.753s] -- Up-to-date: /home/letizia/Documentos/ros2_ws/install/my_cpp_pkg/lib/my_cpp_pkg/cpp_node
[0.765s] -- Up-to-date: /home/letizia/Documentos/ros2_ws/install/my_cpp_pkg/lib/my_cpp_pkg/robot_news_station
[0.765s] -- Up-to-date: /home/letizia/Documentos/ros2_ws/install/my_cpp_pkg/lib/my_cpp_pkg/smartphone
[0.765s] -- Up-to-date: /home/letizia/Documentos/ros2_ws/install/my_cpp_pkg/lib/my_cpp_pkg/add_two_ints_server
[0.765s] -- Up-to-date: /home/letizia/Documentos/ros2_ws/install/my_cpp_pkg/lib/my_cpp_pkg/add_two_ints_client_no_oop
[0.766s] -- Up-to-date: /home/letizia/Documentos/ros2_ws/install/my_cpp_pkg/lib/my_cpp_pkg/add_two_ints_client
[0.766s] -- Up-to-date: /home/letizia/Documentos/ros2_ws/install/my_cpp_pkg/lib/my_cpp_pkg/hw_status_publisher
[0.766s] -- Up-to-date: /home/letizia/Documentos/ros2_ws/install/my_cpp_pkg/share/ament_index/resource_index/package_run_dependencies/my_cpp_pkg
[0.766s] -- Up-to-date: /home/letizia/Documentos/ros2_ws/install/my_cpp_pkg/share/ament_index/resource_index/parent_prefix_path/my_cpp_pkg
[0.767s] -- Up-to-date: /home/letizia/Documentos/ros2_ws/install/my_cpp_pkg/share/my_cpp_pkg/environment/ament_prefix_path.sh
[0.767s] -- Up-to-date: /home/letizia/Documentos/ros2_ws/install/my_cpp_pkg/share/my_cpp_pkg/environment/ament_prefix_path.dsv
[0.767s] -- Up-to-date: /home/letizia/Documentos/ros2_ws/install/my_cpp_pkg/share/my_cpp_pkg/environment/path.sh
[0.767s] -- Up-to-date: /home/letizia/Documentos/ros2_ws/install/my_cpp_pkg/share/my_cpp_pkg/environment/path.dsv
[0.767s] -- Up-to-date: /home/letizia/Documentos/ros2_ws/install/my_cpp_pkg/share/my_cpp_pkg/local_setup.bash
[0.768s] -- Up-to-date: /home/letizia/Documentos/ros2_ws/install/my_cpp_pkg/share/my_cpp_pkg/local_setup.sh
[0.768s] -- Up-to-date: /home/letizia/Documentos/ros2_ws/install/my_cpp_pkg/share/my_cpp_pkg/local_setup.zsh
[0.768s] -- Up-to-date: /home/letizia/Documentos/ros2_ws/install/my_cpp_pkg/share/my_cpp_pkg/local_setup.dsv
[0.768s] -- Installing: /home/letizia/Documentos/ros2_ws/install/my_cpp_pkg/share/my_cpp_pkg/package.dsv
[0.768s] -- Up-to-date: /home/letizia/Documentos/ros2_ws/install/my_cpp_pkg/share/ament_index/resource_index/packages/my_cpp_pkg
[0.769s] -- Up-to-date: /home/letizia/Documentos/ros2_ws/install/my_cpp_pkg/share/my_cpp_pkg/cmake/my_cpp_pkgConfig.cmake
[0.769s] -- Up-to-date: /home/letizia/Documentos/ros2_ws/install/my_cpp_pkg/share/my_cpp_pkg/cmake/my_cpp_pkgConfig-version.cmake
[0.769s] -- Up-to-date: /home/letizia/Documentos/ros2_ws/install/my_cpp_pkg/share/my_cpp_pkg/package.xml
[0.806s] Invoked command in '/home/letizia/Documentos/ros2_ws/build/my_cpp_pkg' returned '0': BYOBU_DATE=%Y-%m-%d CMAKE_PREFIX_PATH=/home/letizia/Documentos/ros2_ws/install/my_robot_interfaces:/home/letizia/Documentos/ros2_ws/install/my_cpp_pkg:/home/letizia/Documentos/ros2_ws/install/battery_manager:/home/letizia/Documentos/ros2_ws/install/my_counter:/home/letizia/Documentos/ros2_ws/install/my_py_pkg:/opt/ros/humble /usr/bin/cmake --install /home/letizia/Documentos/ros2_ws/build/my_cpp_pkg
