[0.071s] Invoking command in '/home/letizia/Documentos/ros2_ws/build/my_cpp_pkg': CMAKE_PREFIX_PATH=${CMAKE_PREFIX_PATH}:/home/letizia/Documentos/ros2_ws/install/my_py_pkg:/opt/ros/humble /usr/bin/cmake --build /home/letizia/Documentos/ros2_ws/build/my_cpp_pkg -- -j4 -l4
[0.775s] -- Found ament_cmake: 1.3.10 (/opt/ros/humble/share/ament_cmake/cmake)
[2.294s] -- Found rclcpp: 16.0.10 (/opt/ros/humble/share/rclcpp/cmake)
[2.844s] -- Found rosidl_generator_c: 3.1.5 (/opt/ros/humble/share/rosidl_generator_c/cmake)
[2.991s] -- Found rosidl_adapter: 3.1.5 (/opt/ros/humble/share/rosidl_adapter/cmake)
[3.028s] -- Found rosidl_generator_cpp: 3.1.5 (/opt/ros/humble/share/rosidl_generator_cpp/cmake)
[3.081s] -- Using all available rosidl_typesupport_c: rosidl_typesupport_fastrtps_c;rosidl_typesupport_introspection_c
[3.147s] -- Using all available rosidl_typesupport_cpp: rosidl_typesupport_fastrtps_cpp;rosidl_typesupport_introspection_cpp
[3.335s] -- Found rmw_implementation_cmake: 6.1.2 (/opt/ros/humble/share/rmw_implementation_cmake/cmake)
[3.342s] -- Found rmw_fastrtps_cpp: 6.2.7 (/opt/ros/humble/share/rmw_fastrtps_cpp/cmake)
[4.041s] -- Using RMW implementation 'rmw_fastrtps_cpp' as default
[4.310s] -- Found ament_lint_auto: 0.12.11 (/opt/ros/humble/share/ament_lint_auto/cmake)
[4.698s] -- Added test 'cppcheck' to perform static code analysis on C / C++ code
[4.699s] -- Configured cppcheck include dirs: 
[4.699s] -- Configured cppcheck exclude dirs and/or files: 
[4.702s] -- Added test 'lint_cmake' to check CMake code style
[4.708s] -- Added test 'uncrustify' to check C / C++ code style
[4.709s] -- Configured uncrustify additional arguments: 
[4.711s] -- Added test 'xmllint' to check XML markup files
[4.713s] -- Configuring done
[4.829s] -- Generating done
[4.846s] -- Build files have been written to: /home/letizia/Documentos/ros2_ws/build/my_cpp_pkg
[4.902s] [ 50%] [32mBuilding CXX object CMakeFiles/cpp_node.dir/src/my_first_node.cpp.o[0m
[11.625s] [100%] [32m[1mLinking CXX executable cpp_node[0m
[12.540s] [100%] Built target cpp_node
[12.556s] Invoked command in '/home/letizia/Documentos/ros2_ws/build/my_cpp_pkg' returned '0': CMAKE_PREFIX_PATH=${CMAKE_PREFIX_PATH}:/home/letizia/Documentos/ros2_ws/install/my_py_pkg:/opt/ros/humble /usr/bin/cmake --build /home/letizia/Documentos/ros2_ws/build/my_cpp_pkg -- -j4 -l4
[12.581s] Invoking command in '/home/letizia/Documentos/ros2_ws/build/my_cpp_pkg': CMAKE_PREFIX_PATH=${CMAKE_PREFIX_PATH}:/home/letizia/Documentos/ros2_ws/install/my_py_pkg:/opt/ros/humble /usr/bin/cmake --install /home/letizia/Documentos/ros2_ws/build/my_cpp_pkg
[12.593s] -- Install configuration: ""
[12.593s] -- Installing: /home/letizia/Documentos/ros2_ws/install/my_cpp_pkg/lib/my_cpp_pkg/cpp_node
[12.593s] -- Set runtime path of "/home/letizia/Documentos/ros2_ws/install/my_cpp_pkg/lib/my_cpp_pkg/cpp_node" to ""
[12.593s] -- Up-to-date: /home/letizia/Documentos/ros2_ws/install/my_cpp_pkg/share/ament_index/resource_index/package_run_dependencies/my_cpp_pkg
[12.593s] -- Installing: /home/letizia/Documentos/ros2_ws/install/my_cpp_pkg/share/ament_index/resource_index/parent_prefix_path/my_cpp_pkg
[12.605s] -- Up-to-date: /home/letizia/Documentos/ros2_ws/install/my_cpp_pkg/share/my_cpp_pkg/environment/ament_prefix_path.sh
[12.605s] -- Installing: /home/letizia/Documentos/ros2_ws/install/my_cpp_pkg/share/my_cpp_pkg/environment/ament_prefix_path.dsv
[12.613s] -- Up-to-date: /home/letizia/Documentos/ros2_ws/install/my_cpp_pkg/share/my_cpp_pkg/environment/path.sh
[12.614s] -- Installing: /home/letizia/Documentos/ros2_ws/install/my_cpp_pkg/share/my_cpp_pkg/environment/path.dsv
[12.640s] -- Up-to-date: /home/letizia/Documentos/ros2_ws/install/my_cpp_pkg/share/my_cpp_pkg/local_setup.bash
[12.640s] -- Up-to-date: /home/letizia/Documentos/ros2_ws/install/my_cpp_pkg/share/my_cpp_pkg/local_setup.sh
[12.640s] -- Up-to-date: /home/letizia/Documentos/ros2_ws/install/my_cpp_pkg/share/my_cpp_pkg/local_setup.zsh
[12.640s] -- Installing: /home/letizia/Documentos/ros2_ws/install/my_cpp_pkg/share/my_cpp_pkg/local_setup.dsv
[12.674s] -- Installing: /home/letizia/Documentos/ros2_ws/install/my_cpp_pkg/share/my_cpp_pkg/package.dsv
[12.675s] -- Up-to-date: /home/letizia/Documentos/ros2_ws/install/my_cpp_pkg/share/ament_index/resource_index/packages/my_cpp_pkg
[12.675s] -- Up-to-date: /home/letizia/Documentos/ros2_ws/install/my_cpp_pkg/share/my_cpp_pkg/cmake/my_cpp_pkgConfig.cmake
[12.676s] -- Up-to-date: /home/letizia/Documentos/ros2_ws/install/my_cpp_pkg/share/my_cpp_pkg/cmake/my_cpp_pkgConfig-version.cmake
[12.676s] -- Up-to-date: /home/letizia/Documentos/ros2_ws/install/my_cpp_pkg/share/my_cpp_pkg/package.xml
[12.679s] Invoked command in '/home/letizia/Documentos/ros2_ws/build/my_cpp_pkg' returned '0': CMAKE_PREFIX_PATH=${CMAKE_PREFIX_PATH}:/home/letizia/Documentos/ros2_ws/install/my_py_pkg:/opt/ros/humble /usr/bin/cmake --install /home/letizia/Documentos/ros2_ws/build/my_cpp_pkg
