[0.013s] Invoking command in '/home/letizia/Documentos/ros2_ws/build/my_counter': CMAKE_PREFIX_PATH=${CMAKE_PREFIX_PATH}:/home/letizia/Documentos/ros2_ws/install/my_py_pkg:/opt/ros/humble /usr/bin/cmake /home/letizia/Documentos/ros2_ws/src/my_counter -DCMAKE_INSTALL_PREFIX=/home/letizia/Documentos/ros2_ws/install/my_counter
[1.872s] -- The C compiler identification is GNU 11.4.0
[4.794s] -- The CXX compiler identification is GNU 11.4.0
[4.870s] -- Detecting C compiler ABI info
[5.230s] -- Detecting C compiler ABI info - done
[5.253s] -- Check for working C compiler: /usr/bin/cc - skipped
[5.254s] -- Detecting C compile features
[5.295s] -- Detecting C compile features - done
[5.305s] -- Detecting CXX compiler ABI info
[5.506s] -- Detecting CXX compiler ABI info - done
[5.523s] -- Check for working CXX compiler: /usr/bin/c++ - skipped
[5.524s] -- Detecting CXX compile features
[5.525s] -- Detecting CXX compile features - done
[5.657s] -- Found ament_cmake: 1.3.10 (/opt/ros/humble/share/ament_cmake/cmake)
[5.999s] -- Found Python3: /usr/bin/python3 (found version "3.10.12") found components: Interpreter 
[6.289s] -- Found rclcpp: 16.0.10 (/opt/ros/humble/share/rclcpp/cmake)
[6.562s] -- Found rosidl_generator_c: 3.1.5 (/opt/ros/humble/share/rosidl_generator_c/cmake)
[6.581s] -- Found rosidl_adapter: 3.1.5 (/opt/ros/humble/share/rosidl_adapter/cmake)
[6.606s] -- Found rosidl_generator_cpp: 3.1.5 (/opt/ros/humble/share/rosidl_generator_cpp/cmake)
[6.645s] -- Using all available rosidl_typesupport_c: rosidl_typesupport_fastrtps_c;rosidl_typesupport_introspection_c
[6.725s] -- Using all available rosidl_typesupport_cpp: rosidl_typesupport_fastrtps_cpp;rosidl_typesupport_introspection_cpp
[6.921s] -- Found rmw_implementation_cmake: 6.1.2 (/opt/ros/humble/share/rmw_implementation_cmake/cmake)
[6.929s] -- Found rmw_fastrtps_cpp: 6.2.7 (/opt/ros/humble/share/rmw_fastrtps_cpp/cmake)
[7.329s] -- Found OpenSSL: /usr/lib/x86_64-linux-gnu/libcrypto.so (found version "3.0.2")  
[7.440s] -- Found FastRTPS: /opt/ros/humble/include  
[7.560s] -- Using RMW implementation 'rmw_fastrtps_cpp' as default
[7.644s] -- Looking for pthread.h
[7.978s] -- Looking for pthread.h - found
[7.979s] -- Performing Test CMAKE_HAVE_LIBC_PTHREAD
[8.158s] -- Performing Test CMAKE_HAVE_LIBC_PTHREAD - Success
[8.160s] -- Found Threads: TRUE  
[8.372s] -- Found example_interfaces: 0.9.3 (/opt/ros/humble/share/example_interfaces/cmake)
[8.519s] -- Found ament_lint_auto: 0.12.11 (/opt/ros/humble/share/ament_lint_auto/cmake)
[8.747s] -- Added test 'cppcheck' to perform static code analysis on C / C++ code
[8.748s] -- Configured cppcheck include dirs: 
[8.748s] -- Configured cppcheck exclude dirs and/or files: 
[8.750s] -- Added test 'lint_cmake' to check CMake code style
[8.753s] -- Added test 'uncrustify' to check C / C++ code style
[8.753s] -- Configured uncrustify additional arguments: 
[8.754s] -- Added test 'xmllint' to check XML markup files
[8.758s] -- Configuring done
[8.813s] -- Generating done
[8.821s] -- Build files have been written to: /home/letizia/Documentos/ros2_ws/build/my_counter
[8.834s] Invoked command in '/home/letizia/Documentos/ros2_ws/build/my_counter' returned '0': CMAKE_PREFIX_PATH=${CMAKE_PREFIX_PATH}:/home/letizia/Documentos/ros2_ws/install/my_py_pkg:/opt/ros/humble /usr/bin/cmake /home/letizia/Documentos/ros2_ws/src/my_counter -DCMAKE_INSTALL_PREFIX=/home/letizia/Documentos/ros2_ws/install/my_counter
[8.837s] Invoking command in '/home/letizia/Documentos/ros2_ws/build/my_counter': CMAKE_PREFIX_PATH=${CMAKE_PREFIX_PATH}:/home/letizia/Documentos/ros2_ws/install/my_py_pkg:/opt/ros/humble /usr/bin/cmake --build /home/letizia/Documentos/ros2_ws/build/my_counter -- -j4 -l4
[8.899s] [ 50%] [32mBuilding CXX object CMakeFiles/number_counter.dir/src/number_counter.cpp.o[0m
[8.900s] [ 50%] [32mBuilding CXX object CMakeFiles/number_publisher.dir/src/number_publisher.cpp.o[0m
[19.442s] [ 75%] [32m[1mLinking CXX executable number_publisher[0m
[20.362s] [ 75%] Built target number_publisher
[25.762s] [100%] [32m[1mLinking CXX executable number_counter[0m
[26.599s] [100%] Built target number_counter
[27.016s] Invoked command in '/home/letizia/Documentos/ros2_ws/build/my_counter' returned '0': CMAKE_PREFIX_PATH=${CMAKE_PREFIX_PATH}:/home/letizia/Documentos/ros2_ws/install/my_py_pkg:/opt/ros/humble /usr/bin/cmake --build /home/letizia/Documentos/ros2_ws/build/my_counter -- -j4 -l4
[27.019s] Invoking command in '/home/letizia/Documentos/ros2_ws/build/my_counter': CMAKE_PREFIX_PATH=${CMAKE_PREFIX_PATH}:/home/letizia/Documentos/ros2_ws/install/my_py_pkg:/opt/ros/humble /usr/bin/cmake --install /home/letizia/Documentos/ros2_ws/build/my_counter
[27.030s] -- Install configuration: ""
[27.031s] -- Installing: /home/letizia/Documentos/ros2_ws/install/my_counter/lib/my_counter/number_publisher
[27.033s] -- Set runtime path of "/home/letizia/Documentos/ros2_ws/install/my_counter/lib/my_counter/number_publisher" to ""
[27.033s] -- Installing: /home/letizia/Documentos/ros2_ws/install/my_counter/lib/my_counter/number_counter
[27.038s] -- Set runtime path of "/home/letizia/Documentos/ros2_ws/install/my_counter/lib/my_counter/number_counter" to ""
[27.039s] -- Installing: /home/letizia/Documentos/ros2_ws/install/my_counter/share/ament_index/resource_index/package_run_dependencies/my_counter
[27.039s] -- Installing: /home/letizia/Documentos/ros2_ws/install/my_counter/share/ament_index/resource_index/parent_prefix_path/my_counter
[27.040s] -- Installing: /home/letizia/Documentos/ros2_ws/install/my_counter/share/my_counter/environment/ament_prefix_path.sh
[27.040s] -- Installing: /home/letizia/Documentos/ros2_ws/install/my_counter/share/my_counter/environment/ament_prefix_path.dsv
[27.041s] -- Installing: /home/letizia/Documentos/ros2_ws/install/my_counter/share/my_counter/environment/path.sh
[27.042s] -- Installing: /home/letizia/Documentos/ros2_ws/install/my_counter/share/my_counter/environment/path.dsv
[27.042s] -- Installing: /home/letizia/Documentos/ros2_ws/install/my_counter/share/my_counter/local_setup.bash
[27.042s] -- Installing: /home/letizia/Documentos/ros2_ws/install/my_counter/share/my_counter/local_setup.sh
[27.042s] -- Installing: /home/letizia/Documentos/ros2_ws/install/my_counter/share/my_counter/local_setup.zsh
[27.043s] -- Installing: /home/letizia/Documentos/ros2_ws/install/my_counter/share/my_counter/local_setup.dsv
[27.043s] -- Installing: /home/letizia/Documentos/ros2_ws/install/my_counter/share/my_counter/package.dsv
[27.043s] -- Installing: /home/letizia/Documentos/ros2_ws/install/my_counter/share/ament_index/resource_index/packages/my_counter
[27.043s] -- Installing: /home/letizia/Documentos/ros2_ws/install/my_counter/share/my_counter/cmake/my_counterConfig.cmake
[27.044s] -- Installing: /home/letizia/Documentos/ros2_ws/install/my_counter/share/my_counter/cmake/my_counterConfig-version.cmake
[27.044s] -- Installing: /home/letizia/Documentos/ros2_ws/install/my_counter/share/my_counter/package.xml
[27.047s] Invoked command in '/home/letizia/Documentos/ros2_ws/build/my_counter' returned '0': CMAKE_PREFIX_PATH=${CMAKE_PREFIX_PATH}:/home/letizia/Documentos/ros2_ws/install/my_py_pkg:/opt/ros/humble /usr/bin/cmake --install /home/letizia/Documentos/ros2_ws/build/my_counter
