[2.032s] Invoking command in '/home/letizia/Documentos/ros2_ws/src/my_py_pkg': CMAKE_PREFIX_PATH=/home/letizia/Documentos/ros2_ws/install/my_robot_interfaces:/home/letizia/Documentos/ros2_ws/install/my_cpp_pkg PYTHONPATH=/home/letizia/Documentos/ros2_ws/build/my_py_pkg/prefix_override:/usr/lib/python3/dist-packages/colcon_core/task/python/colcon_distutils_commands:/home/letizia/Documentos/ros2_ws/install/my_py_pkg/lib/python3.10/site-packages:${PYTHONPATH} /usr/bin/python3 -W ignore:setup.py install is deprecated -W ignore:easy_install command is deprecated setup.py egg_info --egg-base ../../build/my_py_pkg build --build-base /home/letizia/Documentos/ros2_ws/build/my_py_pkg/build install --record /home/letizia/Documentos/ros2_ws/build/my_py_pkg/install.log --single-version-externally-managed install_data
[2.455s] running egg_info
[2.455s] writing ../../build/my_py_pkg/my_py_pkg.egg-info/PKG-INFO
[2.456s] writing dependency_links to ../../build/my_py_pkg/my_py_pkg.egg-info/dependency_links.txt
[2.456s] writing entry points to ../../build/my_py_pkg/my_py_pkg.egg-info/entry_points.txt
[2.456s] writing requirements to ../../build/my_py_pkg/my_py_pkg.egg-info/requires.txt
[2.457s] writing top-level names to ../../build/my_py_pkg/my_py_pkg.egg-info/top_level.txt
[2.461s] reading manifest file '../../build/my_py_pkg/my_py_pkg.egg-info/SOURCES.txt'
[2.465s] writing manifest file '../../build/my_py_pkg/my_py_pkg.egg-info/SOURCES.txt'
[2.465s] running build
[2.465s] running build_py
[2.466s] running install
[2.466s] running install_lib
[2.469s] running install_data
[2.471s] running install_egg_info
[2.473s] removing '/home/letizia/Documentos/ros2_ws/install/my_py_pkg/lib/python3.10/site-packages/my_py_pkg-0.0.0-py3.10.egg-info' (and everything under it)
[2.473s] Copying ../../build/my_py_pkg/my_py_pkg.egg-info to /home/letizia/Documentos/ros2_ws/install/my_py_pkg/lib/python3.10/site-packages/my_py_pkg-0.0.0-py3.10.egg-info
[2.523s] running install_scripts
[2.557s] Installing add_two_ints_client script to /home/letizia/Documentos/ros2_ws/install/my_py_pkg/lib/my_py_pkg
[2.557s] Installing add_two_ints_client_no_oop script to /home/letizia/Documentos/ros2_ws/install/my_py_pkg/lib/my_py_pkg
[2.591s] Installing add_two_ints_server script to /home/letizia/Documentos/ros2_ws/install/my_py_pkg/lib/my_py_pkg
[2.595s] Installing hw_status_publisher script to /home/letizia/Documentos/ros2_ws/install/my_py_pkg/lib/my_py_pkg
[2.596s] Installing py_node script to /home/letizia/Documentos/ros2_ws/install/my_py_pkg/lib/my_py_pkg
[2.596s] Installing robot_news_station script to /home/letizia/Documentos/ros2_ws/install/my_py_pkg/lib/my_py_pkg
[2.597s] Installing smartphone script to /home/letizia/Documentos/ros2_ws/install/my_py_pkg/lib/my_py_pkg
[2.597s] writing list of installed files to '/home/letizia/Documentos/ros2_ws/build/my_py_pkg/install.log'
[2.644s] Invoked command in '/home/letizia/Documentos/ros2_ws/src/my_py_pkg' returned '0': CMAKE_PREFIX_PATH=/home/letizia/Documentos/ros2_ws/install/my_robot_interfaces:/home/letizia/Documentos/ros2_ws/install/my_cpp_pkg PYTHONPATH=/home/letizia/Documentos/ros2_ws/build/my_py_pkg/prefix_override:/usr/lib/python3/dist-packages/colcon_core/task/python/colcon_distutils_commands:/home/letizia/Documentos/ros2_ws/install/my_py_pkg/lib/python3.10/site-packages:${PYTHONPATH} /usr/bin/python3 -W ignore:setup.py install is deprecated -W ignore:easy_install command is deprecated setup.py egg_info --egg-base ../../build/my_py_pkg build --build-base /home/letizia/Documentos/ros2_ws/build/my_py_pkg/build install --record /home/letizia/Documentos/ros2_ws/build/my_py_pkg/install.log --single-version-externally-managed install_data
