[0.029s] Invoking command in '/home/letizia/Documentos/ros2_ws/build/my_cpp_pkg': CMAKE_PREFIX_PATH=${CMAKE_PREFIX_PATH}:/home/letizia/Documentos/ros2_ws/install/my_py_pkg:/opt/ros/humble /usr/bin/cmake --build /home/letizia/Documentos/ros2_ws/build/my_cpp_pkg -- -j4 -l4
[0.166s] [ 16%] Built target cpp_node
[0.167s] [ 33%] Built target smartphone
[0.178s] [ 50%] Built target robot_news_station
[0.183s] [ 66%] Built target add_two_ints_server
[0.195s] [35m[1mConsolidate compiler generated dependencies of target add_two_ints_client[0m
[0.205s] [35m[1mConsolidate compiler generated dependencies of target add_two_ints_client_no_oop[0m
[0.245s] [ 83%] Built target add_two_ints_client_no_oop
[0.260s] [ 91%] [32mBuilding CXX object CMakeFiles/add_two_ints_client.dir/src/add_two_ints_client.cpp.o[0m
[5.330s] In file included from [01m[K/opt/ros/humble/include/rclcpp/rclcpp/logging.hpp:24[m[K,
[5.330s]                  from [01m[K/opt/ros/humble/include/rclcpp/rclcpp/client.hpp:40[m[K,
[5.330s]                  from [01m[K/opt/ros/humble/include/rclcpp/rclcpp/callback_group.hpp:24[m[K,
[5.330s]                  from [01m[K/opt/ros/humble/include/rclcpp/rclcpp/any_executable.hpp:20[m[K,
[5.330s]                  from [01m[K/opt/ros/humble/include/rclcpp/rclcpp/memory_strategy.hpp:25[m[K,
[5.330s]                  from [01m[K/opt/ros/humble/include/rclcpp/rclcpp/memory_strategies.hpp:18[m[K,
[5.331s]                  from [01m[K/opt/ros/humble/include/rclcpp/rclcpp/executor_options.hpp:20[m[K,
[5.331s]                  from [01m[K/opt/ros/humble/include/rclcpp/rclcpp/executor.hpp:37[m[K,
[5.331s]                  from [01m[K/opt/ros/humble/include/rclcpp/rclcpp/executors/multi_threaded_executor.hpp:25[m[K,
[5.331s]                  from [01m[K/opt/ros/humble/include/rclcpp/rclcpp/executors.hpp:21[m[K,
[5.331s]                  from [01m[K/opt/ros/humble/include/rclcpp/rclcpp/rclcpp.hpp:155[m[K,
[5.331s]                  from [01m[K/home/letizia/Documentos/ros2_ws/src/my_cpp_pkg/src/add_two_ints_client.cpp:1[m[K:
[5.331s] [01m[K/home/letizia/Documentos/ros2_ws/src/my_cpp_pkg/src/add_two_ints_client.cpp:[m[K In member function ‘[01m[Kvoid AddTwoIntsClientNode::callAddTwoIntsService(int, int)[m[K’:
[5.331s] [01m[K/home/letizia/Documentos/ros2_ws/src/my_cpp_pkg/src/add_two_ints_client.cpp:38:69:[m[K [01;31m[Kerror: [m[Kno match for ‘[01m[Koperator+[m[K’ (operand types are ‘[01m[Kconst char [20][m[K’ and ‘[01m[Kconst std::exception[m[K’)
[5.331s]    38 |             RCLCPP_ERROR(this->get_logger(),  [32m[K"Service call failed"[m[K [01;31m[K+[m[K [34m[Ke[m[K);
[5.331s]       |                                               [32m[K~~~~~~~~~~~~~~~~~~~~~[m[K [01;31m[K^[m[K [34m[K~[m[K
[5.331s]       |                                               [32m[K|[m[K                       [34m[K|[m[K
[5.331s]       |                                               [32m[Kconst char [20][m[K         [34m[Kconst std::exception[m[K
[5.384s] In file included from [01m[K/usr/include/c++/11/bits/stl_algobase.h:67[m[K,
[5.384s]                  from [01m[K/usr/include/c++/11/memory:63[m[K,
[5.384s]                  from [01m[K/opt/ros/humble/include/rclcpp/rclcpp/rclcpp.hpp:153[m[K,
[5.385s]                  from [01m[K/home/letizia/Documentos/ros2_ws/src/my_cpp_pkg/src/add_two_ints_client.cpp:1[m[K:
[5.385s] [01m[K/usr/include/c++/11/bits/stl_iterator.h:585:5:[m[K [01;36m[Knote: [m[Kcandidate: ‘[01m[Ktemplate<class _Iterator> constexpr std::reverse_iterator<_Iterator> std::operator+(typename std::reverse_iterator<_Iterator>::difference_type, const std::reverse_iterator<_Iterator>&)[m[K’
[5.385s]   585 |     [01;36m[Koperator[m[K+(typename reverse_iterator<_Iterator>::difference_type __n,
[5.385s]       |     [01;36m[K^~~~~~~~[m[K
[5.386s] [01m[K/usr/include/c++/11/bits/stl_iterator.h:585:5:[m[K [01;36m[Knote: [m[K  template argument deduction/substitution failed:
[5.386s] In file included from [01m[K/opt/ros/humble/include/rclcpp/rclcpp/logging.hpp:24[m[K,
[5.387s]                  from [01m[K/opt/ros/humble/include/rclcpp/rclcpp/client.hpp:40[m[K,
[5.387s]                  from [01m[K/opt/ros/humble/include/rclcpp/rclcpp/callback_group.hpp:24[m[K,
[5.388s]                  from [01m[K/opt/ros/humble/include/rclcpp/rclcpp/any_executable.hpp:20[m[K,
[5.388s]                  from [01m[K/opt/ros/humble/include/rclcpp/rclcpp/memory_strategy.hpp:25[m[K,
[5.389s]                  from [01m[K/opt/ros/humble/include/rclcpp/rclcpp/memory_strategies.hpp:18[m[K,
[5.389s]                  from [01m[K/opt/ros/humble/include/rclcpp/rclcpp/executor_options.hpp:20[m[K,
[5.389s]                  from [01m[K/opt/ros/humble/include/rclcpp/rclcpp/executor.hpp:37[m[K,
[5.390s]                  from [01m[K/opt/ros/humble/include/rclcpp/rclcpp/executors/multi_threaded_executor.hpp:25[m[K,
[5.390s]                  from [01m[K/opt/ros/humble/include/rclcpp/rclcpp/executors.hpp:21[m[K,
[5.391s]                  from [01m[K/opt/ros/humble/include/rclcpp/rclcpp/rclcpp.hpp:155[m[K,
[5.392s]                  from [01m[K/home/letizia/Documentos/ros2_ws/src/my_cpp_pkg/src/add_two_ints_client.cpp:1[m[K:
[5.393s] [01m[K/home/letizia/Documentos/ros2_ws/src/my_cpp_pkg/src/add_two_ints_client.cpp:38:71:[m[K [01;36m[Knote: [m[K  ‘[01m[Kconst std::exception[m[K’ is not derived from ‘[01m[Kconst std::reverse_iterator<_Iterator>[m[K’
[5.393s]    38 |             RCLCPP_ERROR(this->get_logger(),  "Service call failed" + [01;36m[Ke[m[K);
[5.393s]       |                                                                       [01;36m[K^[m[K
[5.393s] In file included from [01m[K/usr/include/c++/11/bits/stl_algobase.h:67[m[K,
[5.393s]                  from [01m[K/usr/include/c++/11/memory:63[m[K,
[5.393s]                  from [01m[K/opt/ros/humble/include/rclcpp/rclcpp/rclcpp.hpp:153[m[K,
[5.393s]                  from [01m[K/home/letizia/Documentos/ros2_ws/src/my_cpp_pkg/src/add_two_ints_client.cpp:1[m[K:
[5.393s] [01m[K/usr/include/c++/11/bits/stl_iterator.h:1700:5:[m[K [01;36m[Knote: [m[Kcandidate: ‘[01m[Ktemplate<class _Iterator> constexpr std::move_iterator<_IteratorL> std::operator+(typename std::move_iterator<_IteratorL>::difference_type, const std::move_iterator<_IteratorL>&)[m[K’
[5.394s]  1700 |     [01;36m[Koperator[m[K+(typename move_iterator<_Iterator>::difference_type __n,
[5.394s]       |     [01;36m[K^~~~~~~~[m[K
[5.394s] [01m[K/usr/include/c++/11/bits/stl_iterator.h:1700:5:[m[K [01;36m[Knote: [m[K  template argument deduction/substitution failed:
[5.394s] In file included from [01m[K/opt/ros/humble/include/rclcpp/rclcpp/logging.hpp:24[m[K,
[5.394s]                  from [01m[K/opt/ros/humble/include/rclcpp/rclcpp/client.hpp:40[m[K,
[5.394s]                  from [01m[K/opt/ros/humble/include/rclcpp/rclcpp/callback_group.hpp:24[m[K,
[5.394s]                  from [01m[K/opt/ros/humble/include/rclcpp/rclcpp/any_executable.hpp:20[m[K,
[5.394s]                  from [01m[K/opt/ros/humble/include/rclcpp/rclcpp/memory_strategy.hpp:25[m[K,
[5.394s]                  from [01m[K/opt/ros/humble/include/rclcpp/rclcpp/memory_strategies.hpp:18[m[K,
[5.394s]                  from [01m[K/opt/ros/humble/include/rclcpp/rclcpp/executor_options.hpp:20[m[K,
[5.395s]                  from [01m[K/opt/ros/humble/include/rclcpp/rclcpp/executor.hpp:37[m[K,
[5.395s]                  from [01m[K/opt/ros/humble/include/rclcpp/rclcpp/executors/multi_threaded_executor.hpp:25[m[K,
[5.395s]                  from [01m[K/opt/ros/humble/include/rclcpp/rclcpp/executors.hpp:21[m[K,
[5.395s]                  from [01m[K/opt/ros/humble/include/rclcpp/rclcpp/rclcpp.hpp:155[m[K,
[5.395s]                  from [01m[K/home/letizia/Documentos/ros2_ws/src/my_cpp_pkg/src/add_two_ints_client.cpp:1[m[K:
[5.395s] [01m[K/home/letizia/Documentos/ros2_ws/src/my_cpp_pkg/src/add_two_ints_client.cpp:38:71:[m[K [01;36m[Knote: [m[K  ‘[01m[Kconst std::exception[m[K’ is not derived from ‘[01m[Kconst std::move_iterator<_IteratorL>[m[K’
[5.395s]    38 |             RCLCPP_ERROR(this->get_logger(),  "Service call failed" + [01;36m[Ke[m[K);
[5.395s]       |                                                                       [01;36m[K^[m[K
[5.395s] In file included from [01m[K/usr/include/c++/11/string:55[m[K,
[5.395s]                  from [01m[K/usr/include/c++/11/stdexcept:39[m[K,
[5.395s]                  from [01m[K/usr/include/c++/11/system_error:41[m[K,
[5.396s]                  from [01m[K/usr/include/c++/11/mutex:42[m[K,
[5.396s]                  from [01m[K/usr/include/c++/11/future:38[m[K,
[5.396s]                  from [01m[K/opt/ros/humble/include/rclcpp/rclcpp/executors.hpp:18[m[K,
[5.396s]                  from [01m[K/opt/ros/humble/include/rclcpp/rclcpp/rclcpp.hpp:155[m[K,
[5.396s]                  from [01m[K/home/letizia/Documentos/ros2_ws/src/my_cpp_pkg/src/add_two_ints_client.cpp:1[m[K:
[5.396s] [01m[K/usr/include/c++/11/bits/basic_string.h:6095:5:[m[K [01;36m[Knote: [m[Kcandidate: ‘[01m[Ktemplate<class _CharT, class _Traits, class _Alloc> std::__cxx11::basic_string<_CharT, _Traits, _Allocator> std::operator+(const std::__cxx11::basic_string<_CharT, _Traits, _Allocator>&, const std::__cxx11::basic_string<_CharT, _Traits, _Allocator>&)[m[K’
[5.396s]  6095 |     [01;36m[Koperator[m[K+(const basic_string<_CharT, _Traits, _Alloc>& __lhs,
[5.396s]       |     [01;36m[K^~~~~~~~[m[K
[5.396s] [01m[K/usr/include/c++/11/bits/basic_string.h:6095:5:[m[K [01;36m[Knote: [m[K  template argument deduction/substitution failed:
[5.396s] In file included from [01m[K/opt/ros/humble/include/rclcpp/rclcpp/logging.hpp:24[m[K,
[5.396s]                  from [01m[K/opt/ros/humble/include/rclcpp/rclcpp/client.hpp:40[m[K,
[5.396s]                  from [01m[K/opt/ros/humble/include/rclcpp/rclcpp/callback_group.hpp:24[m[K,
[5.397s]                  from [01m[K/opt/ros/humble/include/rclcpp/rclcpp/any_executable.hpp:20[m[K,
[5.397s]                  from [01m[K/opt/ros/humble/include/rclcpp/rclcpp/memory_strategy.hpp:25[m[K,
[5.397s]                  from [01m[K/opt/ros/humble/include/rclcpp/rclcpp/memory_strategies.hpp:18[m[K,
[5.397s]                  from [01m[K/opt/ros/humble/include/rclcpp/rclcpp/executor_options.hpp:20[m[K,
[5.397s]                  from [01m[K/opt/ros/humble/include/rclcpp/rclcpp/executor.hpp:37[m[K,
[5.397s]                  from [01m[K/opt/ros/humble/include/rclcpp/rclcpp/executors/multi_threaded_executor.hpp:25[m[K,
[5.397s]                  from [01m[K/opt/ros/humble/include/rclcpp/rclcpp/executors.hpp:21[m[K,
[5.397s]                  from [01m[K/opt/ros/humble/include/rclcpp/rclcpp/rclcpp.hpp:155[m[K,
[5.397s]                  from [01m[K/home/letizia/Documentos/ros2_ws/src/my_cpp_pkg/src/add_two_ints_client.cpp:1[m[K:
[5.397s] [01m[K/home/letizia/Documentos/ros2_ws/src/my_cpp_pkg/src/add_two_ints_client.cpp:38:71:[m[K [01;36m[Knote: [m[K  mismatched types ‘[01m[Kconst std::__cxx11::basic_string<_CharT, _Traits, _Allocator>[m[K’ and ‘[01m[Kconst char [20][m[K’
[5.397s]    38 |             RCLCPP_ERROR(this->get_logger(),  "Service call failed" + [01;36m[Ke[m[K);
[5.397s]       |                                                                       [01;36m[K^[m[K
[5.398s] In file included from [01m[K/usr/include/c++/11/string:56[m[K,
[5.398s]                  from [01m[K/usr/include/c++/11/stdexcept:39[m[K,
[5.398s]                  from [01m[K/usr/include/c++/11/system_error:41[m[K,
[5.398s]                  from [01m[K/usr/include/c++/11/mutex:42[m[K,
[5.398s]                  from [01m[K/usr/include/c++/11/future:38[m[K,
[5.398s]                  from [01m[K/opt/ros/humble/include/rclcpp/rclcpp/executors.hpp:18[m[K,
[5.398s]                  from [01m[K/opt/ros/humble/include/rclcpp/rclcpp/rclcpp.hpp:155[m[K,
[5.398s]                  from [01m[K/home/letizia/Documentos/ros2_ws/src/my_cpp_pkg/src/add_two_ints_client.cpp:1[m[K:
[5.398s] [01m[K/usr/include/c++/11/bits/basic_string.tcc:1169:5:[m[K [01;36m[Knote: [m[Kcandidate: ‘[01m[Ktemplate<class _CharT, class _Traits, class _Alloc> std::__cxx11::basic_string<_CharT, _Traits, _Allocator> std::operator+(const _CharT*, const std::__cxx11::basic_string<_CharT, _Traits, _Allocator>&)[m[K’
[5.399s]  1169 |     [01;36m[Koperator[m[K+(const _CharT* __lhs,
[5.399s]       |     [01;36m[K^~~~~~~~[m[K
[5.399s] [01m[K/usr/include/c++/11/bits/basic_string.tcc:1169:5:[m[K [01;36m[Knote: [m[K  template argument deduction/substitution failed:
[5.399s] In file included from [01m[K/opt/ros/humble/include/rclcpp/rclcpp/logging.hpp:24[m[K,
[5.399s]                  from [01m[K/opt/ros/humble/include/rclcpp/rclcpp/client.hpp:40[m[K,
[5.399s]                  from [01m[K/opt/ros/humble/include/rclcpp/rclcpp/callback_group.hpp:24[m[K,
[5.399s]                  from [01m[K/opt/ros/humble/include/rclcpp/rclcpp/any_executable.hpp:20[m[K,
[5.399s]                  from [01m[K/opt/ros/humble/include/rclcpp/rclcpp/memory_strategy.hpp:25[m[K,
[5.399s]                  from [01m[K/opt/ros/humble/include/rclcpp/rclcpp/memory_strategies.hpp:18[m[K,
[5.399s]                  from [01m[K/opt/ros/humble/include/rclcpp/rclcpp/executor_options.hpp:20[m[K,
[5.399s]                  from [01m[K/opt/ros/humble/include/rclcpp/rclcpp/executor.hpp:37[m[K,
[5.399s]                  from [01m[K/opt/ros/humble/include/rclcpp/rclcpp/executors/multi_threaded_executor.hpp:25[m[K,
[5.400s]                  from [01m[K/opt/ros/humble/include/rclcpp/rclcpp/executors.hpp:21[m[K,
[5.400s]                  from [01m[K/opt/ros/humble/include/rclcpp/rclcpp/rclcpp.hpp:155[m[K,
[5.400s]                  from [01m[K/home/letizia/Documentos/ros2_ws/src/my_cpp_pkg/src/add_two_ints_client.cpp:1[m[K:
[5.400s] [01m[K/home/letizia/Documentos/ros2_ws/src/my_cpp_pkg/src/add_two_ints_client.cpp:38:71:[m[K [01;36m[Knote: [m[K  ‘[01m[Kconst std::exception[m[K’ is not derived from ‘[01m[Kconst std::__cxx11::basic_string<_CharT, _Traits, _Allocator>[m[K’
[5.400s]    38 |             RCLCPP_ERROR(this->get_logger(),  "Service call failed" + [01;36m[Ke[m[K);
[5.400s]       |                                                                       [01;36m[K^[m[K
[5.400s] In file included from [01m[K/usr/include/c++/11/string:56[m[K,
[5.400s]                  from [01m[K/usr/include/c++/11/stdexcept:39[m[K,
[5.400s]                  from [01m[K/usr/include/c++/11/system_error:41[m[K,
[5.400s]                  from [01m[K/usr/include/c++/11/mutex:42[m[K,
[5.400s]                  from [01m[K/usr/include/c++/11/future:38[m[K,
[5.401s]                  from [01m[K/opt/ros/humble/include/rclcpp/rclcpp/executors.hpp:18[m[K,
[5.401s]                  from [01m[K/opt/ros/humble/include/rclcpp/rclcpp/rclcpp.hpp:155[m[K,
[5.401s]                  from [01m[K/home/letizia/Documentos/ros2_ws/src/my_cpp_pkg/src/add_two_ints_client.cpp:1[m[K:
[5.401s] [01m[K/usr/include/c++/11/bits/basic_string.tcc:1189:5:[m[K [01;36m[Knote: [m[Kcandidate: ‘[01m[Ktemplate<class _CharT, class _Traits, class _Alloc> std::__cxx11::basic_string<_CharT, _Traits, _Allocator> std::operator+(_CharT, const std::__cxx11::basic_string<_CharT, _Traits, _Allocator>&)[m[K’
[5.401s]  1189 |     [01;36m[Koperator[m[K+(_CharT __lhs, const basic_string<_CharT, _Traits, _Alloc>& __rhs)
[5.401s]       |     [01;36m[K^~~~~~~~[m[K
[5.401s] [01m[K/usr/include/c++/11/bits/basic_string.tcc:1189:5:[m[K [01;36m[Knote: [m[K  template argument deduction/substitution failed:
[5.401s] In file included from [01m[K/opt/ros/humble/include/rclcpp/rclcpp/logging.hpp:24[m[K,
[5.401s]                  from [01m[K/opt/ros/humble/include/rclcpp/rclcpp/client.hpp:40[m[K,
[5.401s]                  from [01m[K/opt/ros/humble/include/rclcpp/rclcpp/callback_group.hpp:24[m[K,
[5.401s]                  from [01m[K/opt/ros/humble/include/rclcpp/rclcpp/any_executable.hpp:20[m[K,
[5.402s]                  from [01m[K/opt/ros/humble/include/rclcpp/rclcpp/memory_strategy.hpp:25[m[K,
[5.402s]                  from [01m[K/opt/ros/humble/include/rclcpp/rclcpp/memory_strategies.hpp:18[m[K,
[5.402s]                  from [01m[K/opt/ros/humble/include/rclcpp/rclcpp/executor_options.hpp:20[m[K,
[5.402s]                  from [01m[K/opt/ros/humble/include/rclcpp/rclcpp/executor.hpp:37[m[K,
[5.403s]                  from [01m[K/opt/ros/humble/include/rclcpp/rclcpp/executors/multi_threaded_executor.hpp:25[m[K,
[5.403s]                  from [01m[K/opt/ros/humble/include/rclcpp/rclcpp/executors.hpp:21[m[K,
[5.403s]                  from [01m[K/opt/ros/humble/include/rclcpp/rclcpp/rclcpp.hpp:155[m[K,
[5.404s]                  from [01m[K/home/letizia/Documentos/ros2_ws/src/my_cpp_pkg/src/add_two_ints_client.cpp:1[m[K:
[5.404s] [01m[K/home/letizia/Documentos/ros2_ws/src/my_cpp_pkg/src/add_two_ints_client.cpp:38:71:[m[K [01;36m[Knote: [m[K  ‘[01m[Kconst std::exception[m[K’ is not derived from ‘[01m[Kconst std::__cxx11::basic_string<_CharT, _Traits, _Allocator>[m[K’
[5.404s]    38 |             RCLCPP_ERROR(this->get_logger(),  "Service call failed" + [01;36m[Ke[m[K);
[5.404s]       |                                                                       [01;36m[K^[m[K
[5.404s] In file included from [01m[K/usr/include/c++/11/string:55[m[K,
[5.405s]                  from [01m[K/usr/include/c++/11/stdexcept:39[m[K,
[5.405s]                  from [01m[K/usr/include/c++/11/system_error:41[m[K,
[5.405s]                  from [01m[K/usr/include/c++/11/mutex:42[m[K,
[5.406s]                  from [01m[K/usr/include/c++/11/future:38[m[K,
[5.406s]                  from [01m[K/opt/ros/humble/include/rclcpp/rclcpp/executors.hpp:18[m[K,
[5.406s]                  from [01m[K/opt/ros/humble/include/rclcpp/rclcpp/rclcpp.hpp:155[m[K,
[5.406s]                  from [01m[K/home/letizia/Documentos/ros2_ws/src/my_cpp_pkg/src/add_two_ints_client.cpp:1[m[K:
[5.407s] [01m[K/usr/include/c++/11/bits/basic_string.h:6132:5:[m[K [01;36m[Knote: [m[Kcandidate: ‘[01m[Ktemplate<class _CharT, class _Traits, class _Alloc> std::__cxx11::basic_string<_CharT, _Traits, _Allocator> std::operator+(const std::__cxx11::basic_string<_CharT, _Traits, _Allocator>&, const _CharT*)[m[K’
[5.407s]  6132 |     [01;36m[Koperator[m[K+(const basic_string<_CharT, _Traits, _Alloc>& __lhs,
[5.407s]       |     [01;36m[K^~~~~~~~[m[K
[5.407s] [01m[K/usr/include/c++/11/bits/basic_string.h:6132:5:[m[K [01;36m[Knote: [m[K  template argument deduction/substitution failed:
[5.408s] In file included from [01m[K/opt/ros/humble/include/rclcpp/rclcpp/logging.hpp:24[m[K,
[5.408s]                  from [01m[K/opt/ros/humble/include/rclcpp/rclcpp/client.hpp:40[m[K,
[5.408s]                  from [01m[K/opt/ros/humble/include/rclcpp/rclcpp/callback_group.hpp:24[m[K,
[5.409s]                  from [01m[K/opt/ros/humble/include/rclcpp/rclcpp/any_executable.hpp:20[m[K,
[5.409s]                  from [01m[K/opt/ros/humble/include/rclcpp/rclcpp/memory_strategy.hpp:25[m[K,
[5.409s]                  from [01m[K/opt/ros/humble/include/rclcpp/rclcpp/memory_strategies.hpp:18[m[K,
[5.409s]                  from [01m[K/opt/ros/humble/include/rclcpp/rclcpp/executor_options.hpp:20[m[K,
[5.409s]                  from [01m[K/opt/ros/humble/include/rclcpp/rclcpp/executor.hpp:37[m[K,
[5.409s]                  from [01m[K/opt/ros/humble/include/rclcpp/rclcpp/executors/multi_threaded_executor.hpp:25[m[K,
[5.409s]                  from [01m[K/opt/ros/humble/include/rclcpp/rclcpp/executors.hpp:21[m[K,
[5.409s]                  from [01m[K/opt/ros/humble/include/rclcpp/rclcpp/rclcpp.hpp:155[m[K,
[5.409s]                  from [01m[K/home/letizia/Documentos/ros2_ws/src/my_cpp_pkg/src/add_two_ints_client.cpp:1[m[K:
[5.410s] [01m[K/home/letizia/Documentos/ros2_ws/src/my_cpp_pkg/src/add_two_ints_client.cpp:38:71:[m[K [01;36m[Knote: [m[K  mismatched types ‘[01m[Kconst std::__cxx11::basic_string<_CharT, _Traits, _Allocator>[m[K’ and ‘[01m[Kconst char [20][m[K’
[5.410s]    38 |             RCLCPP_ERROR(this->get_logger(),  "Service call failed" + [01;36m[Ke[m[K);
[5.410s]       |                                                                       [01;36m[K^[m[K
[5.410s] In file included from [01m[K/usr/include/c++/11/string:55[m[K,
[5.410s]                  from [01m[K/usr/include/c++/11/stdexcept:39[m[K,
[5.410s]                  from [01m[K/usr/include/c++/11/system_error:41[m[K,
[5.410s]                  from [01m[K/usr/include/c++/11/mutex:42[m[K,
[5.410s]                  from [01m[K/usr/include/c++/11/future:38[m[K,
[5.410s]                  from [01m[K/opt/ros/humble/include/rclcpp/rclcpp/executors.hpp:18[m[K,
[5.410s]                  from [01m[K/opt/ros/humble/include/rclcpp/rclcpp/rclcpp.hpp:155[m[K,
[5.411s]                  from [01m[K/home/letizia/Documentos/ros2_ws/src/my_cpp_pkg/src/add_two_ints_client.cpp:1[m[K:
[5.411s] [01m[K/usr/include/c++/11/bits/basic_string.h:6148:5:[m[K [01;36m[Knote: [m[Kcandidate: ‘[01m[Ktemplate<class _CharT, class _Traits, class _Alloc> std::__cxx11::basic_string<_CharT, _Traits, _Allocator> std::operator+(const std::__cxx11::basic_string<_CharT, _Traits, _Allocator>&, _CharT)[m[K’
[5.411s]  6148 |     [01;36m[Koperator[m[K+(const basic_string<_CharT, _Traits, _Alloc>& __lhs, _CharT __rhs)
[5.411s]       |     [01;36m[K^~~~~~~~[m[K
[5.411s] [01m[K/usr/include/c++/11/bits/basic_string.h:6148:5:[m[K [01;36m[Knote: [m[K  template argument deduction/substitution failed:
[5.411s] In file included from [01m[K/opt/ros/humble/include/rclcpp/rclcpp/logging.hpp:24[m[K,
[5.411s]                  from [01m[K/opt/ros/humble/include/rclcpp/rclcpp/client.hpp:40[m[K,
[5.411s]                  from [01m[K/opt/ros/humble/include/rclcpp/rclcpp/callback_group.hpp:24[m[K,
[5.411s]                  from [01m[K/opt/ros/humble/include/rclcpp/rclcpp/any_executable.hpp:20[m[K,
[5.411s]                  from [01m[K/opt/ros/humble/include/rclcpp/rclcpp/memory_strategy.hpp:25[m[K,
[5.411s]                  from [01m[K/opt/ros/humble/include/rclcpp/rclcpp/memory_strategies.hpp:18[m[K,
[5.412s]                  from [01m[K/opt/ros/humble/include/rclcpp/rclcpp/executor_options.hpp:20[m[K,
[5.412s]                  from [01m[K/opt/ros/humble/include/rclcpp/rclcpp/executor.hpp:37[m[K,
[5.412s]                  from [01m[K/opt/ros/humble/include/rclcpp/rclcpp/executors/multi_threaded_executor.hpp:25[m[K,
[5.412s]                  from [01m[K/opt/ros/humble/include/rclcpp/rclcpp/executors.hpp:21[m[K,
[5.412s]                  from [01m[K/opt/ros/humble/include/rclcpp/rclcpp/rclcpp.hpp:155[m[K,
[5.412s]                  from [01m[K/home/letizia/Documentos/ros2_ws/src/my_cpp_pkg/src/add_two_ints_client.cpp:1[m[K:
[5.412s] [01m[K/home/letizia/Documentos/ros2_ws/src/my_cpp_pkg/src/add_two_ints_client.cpp:38:71:[m[K [01;36m[Knote: [m[K  mismatched types ‘[01m[Kconst std::__cxx11::basic_string<_CharT, _Traits, _Allocator>[m[K’ and ‘[01m[Kconst char [20][m[K’
[5.412s]    38 |             RCLCPP_ERROR(this->get_logger(),  "Service call failed" + [01;36m[Ke[m[K);
[5.412s]       |                                                                       [01;36m[K^[m[K
[5.412s] In file included from [01m[K/usr/include/c++/11/string:55[m[K,
[5.412s]                  from [01m[K/usr/include/c++/11/stdexcept:39[m[K,
[5.412s]                  from [01m[K/usr/include/c++/11/system_error:41[m[K,
[5.413s]                  from [01m[K/usr/include/c++/11/mutex:42[m[K,
[5.413s]                  from [01m[K/usr/include/c++/11/future:38[m[K,
[5.413s]                  from [01m[K/opt/ros/humble/include/rclcpp/rclcpp/executors.hpp:18[m[K,
[5.413s]                  from [01m[K/opt/ros/humble/include/rclcpp/rclcpp/rclcpp.hpp:155[m[K,
[5.413s]                  from [01m[K/home/letizia/Documentos/ros2_ws/src/my_cpp_pkg/src/add_two_ints_client.cpp:1[m[K:
[5.413s] [01m[K/usr/include/c++/11/bits/basic_string.h:6160:5:[m[K [01;36m[Knote: [m[Kcandidate: ‘[01m[Ktemplate<class _CharT, class _Traits, class _Alloc> std::__cxx11::basic_string<_CharT, _Traits, _Allocator> std::operator+(std::__cxx11::basic_string<_CharT, _Traits, _Allocator>&&, const std::__cxx11::basic_string<_CharT, _Traits, _Allocator>&)[m[K’
[5.413s]  6160 |     [01;36m[Koperator[m[K+(basic_string<_CharT, _Traits, _Alloc>&& __lhs,
[5.413s]       |     [01;36m[K^~~~~~~~[m[K
[5.413s] [01m[K/usr/include/c++/11/bits/basic_string.h:6160:5:[m[K [01;36m[Knote: [m[K  template argument deduction/substitution failed:
[5.414s] In file included from [01m[K/opt/ros/humble/include/rclcpp/rclcpp/logging.hpp:24[m[K,
[5.414s]                  from [01m[K/opt/ros/humble/include/rclcpp/rclcpp/client.hpp:40[m[K,
[5.414s]                  from [01m[K/opt/ros/humble/include/rclcpp/rclcpp/callback_group.hpp:24[m[K,
[5.414s]                  from [01m[K/opt/ros/humble/include/rclcpp/rclcpp/any_executable.hpp:20[m[K,
[5.414s]                  from [01m[K/opt/ros/humble/include/rclcpp/rclcpp/memory_strategy.hpp:25[m[K,
[5.415s]                  from [01m[K/opt/ros/humble/include/rclcpp/rclcpp/memory_strategies.hpp:18[m[K,
[5.415s]                  from [01m[K/opt/ros/humble/include/rclcpp/rclcpp/executor_options.hpp:20[m[K,
[5.415s]                  from [01m[K/opt/ros/humble/include/rclcpp/rclcpp/executor.hpp:37[m[K,
[5.415s]                  from [01m[K/opt/ros/humble/include/rclcpp/rclcpp/executors/multi_threaded_executor.hpp:25[m[K,
[5.415s]                  from [01m[K/opt/ros/humble/include/rclcpp/rclcpp/executors.hpp:21[m[K,
[5.415s]                  from [01m[K/opt/ros/humble/include/rclcpp/rclcpp/rclcpp.hpp:155[m[K,
[5.415s]                  from [01m[K/home/letizia/Documentos/ros2_ws/src/my_cpp_pkg/src/add_two_ints_client.cpp:1[m[K:
[5.416s] [01m[K/home/letizia/Documentos/ros2_ws/src/my_cpp_pkg/src/add_two_ints_client.cpp:38:71:[m[K [01;36m[Knote: [m[K  mismatched types ‘[01m[Kstd::__cxx11::basic_string<_CharT, _Traits, _Allocator>[m[K’ and ‘[01m[Kconst char [20][m[K’
[5.416s]    38 |             RCLCPP_ERROR(this->get_logger(),  "Service call failed" + [01;36m[Ke[m[K);
[5.416s]       |                                                                       [01;36m[K^[m[K
[5.416s] In file included from [01m[K/usr/include/c++/11/string:55[m[K,
[5.416s]                  from [01m[K/usr/include/c++/11/stdexcept:39[m[K,
[5.416s]                  from [01m[K/usr/include/c++/11/system_error:41[m[K,
[5.417s]                  from [01m[K/usr/include/c++/11/mutex:42[m[K,
[5.417s]                  from [01m[K/usr/include/c++/11/future:38[m[K,
[5.417s]                  from [01m[K/opt/ros/humble/include/rclcpp/rclcpp/executors.hpp:18[m[K,
[5.417s]                  from [01m[K/opt/ros/humble/include/rclcpp/rclcpp/rclcpp.hpp:155[m[K,
[5.417s]                  from [01m[K/home/letizia/Documentos/ros2_ws/src/my_cpp_pkg/src/add_two_ints_client.cpp:1[m[K:
[5.418s] [01m[K/usr/include/c++/11/bits/basic_string.h:6166:5:[m[K [01;36m[Knote: [m[Kcandidate: ‘[01m[Ktemplate<class _CharT, class _Traits, class _Alloc> std::__cxx11::basic_string<_CharT, _Traits, _Allocator> std::operator+(const std::__cxx11::basic_string<_CharT, _Traits, _Allocator>&, std::__cxx11::basic_string<_CharT, _Traits, _Allocator>&&)[m[K’
[5.418s]  6166 |     [01;36m[Koperator[m[K+(const basic_string<_CharT, _Traits, _Alloc>& __lhs,
[5.418s]       |     [01;36m[K^~~~~~~~[m[K
[5.418s] [01m[K/usr/include/c++/11/bits/basic_string.h:6166:5:[m[K [01;36m[Knote: [m[K  template argument deduction/substitution failed:
[5.418s] In file included from [01m[K/opt/ros/humble/include/rclcpp/rclcpp/logging.hpp:24[m[K,
[5.419s]                  from [01m[K/opt/ros/humble/include/rclcpp/rclcpp/client.hpp:40[m[K,
[5.419s]                  from [01m[K/opt/ros/humble/include/rclcpp/rclcpp/callback_group.hpp:24[m[K,
[5.419s]                  from [01m[K/opt/ros/humble/include/rclcpp/rclcpp/any_executable.hpp:20[m[K,
[5.419s]                  from [01m[K/opt/ros/humble/include/rclcpp/rclcpp/memory_strategy.hpp:25[m[K,
[5.420s]                  from [01m[K/opt/ros/humble/include/rclcpp/rclcpp/memory_strategies.hpp:18[m[K,
[5.420s]                  from [01m[K/opt/ros/humble/include/rclcpp/rclcpp/executor_options.hpp:20[m[K,
[5.420s]                  from [01m[K/opt/ros/humble/include/rclcpp/rclcpp/executor.hpp:37[m[K,
[5.421s]                  from [01m[K/opt/ros/humble/include/rclcpp/rclcpp/executors/multi_threaded_executor.hpp:25[m[K,
[5.421s]                  from [01m[K/opt/ros/humble/include/rclcpp/rclcpp/executors.hpp:21[m[K,
[5.421s]                  from [01m[K/opt/ros/humble/include/rclcpp/rclcpp/rclcpp.hpp:155[m[K,
[5.421s]                  from [01m[K/home/letizia/Documentos/ros2_ws/src/my_cpp_pkg/src/add_two_ints_client.cpp:1[m[K:
[5.421s] [01m[K/home/letizia/Documentos/ros2_ws/src/my_cpp_pkg/src/add_two_ints_client.cpp:38:71:[m[K [01;36m[Knote: [m[K  mismatched types ‘[01m[Kconst std::__cxx11::basic_string<_CharT, _Traits, _Allocator>[m[K’ and ‘[01m[Kconst char [20][m[K’
[5.422s]    38 |             RCLCPP_ERROR(this->get_logger(),  "Service call failed" + [01;36m[Ke[m[K);
[5.422s]       |                                                                       [01;36m[K^[m[K
[5.422s] In file included from [01m[K/usr/include/c++/11/string:55[m[K,
[5.422s]                  from [01m[K/usr/include/c++/11/stdexcept:39[m[K,
[5.422s]                  from [01m[K/usr/include/c++/11/system_error:41[m[K,
[5.423s]                  from [01m[K/usr/include/c++/11/mutex:42[m[K,
[5.423s]                  from [01m[K/usr/include/c++/11/future:38[m[K,
[5.423s]                  from [01m[K/opt/ros/humble/include/rclcpp/rclcpp/executors.hpp:18[m[K,
[5.423s]                  from [01m[K/opt/ros/humble/include/rclcpp/rclcpp/rclcpp.hpp:155[m[K,
[5.424s]                  from [01m[K/home/letizia/Documentos/ros2_ws/src/my_cpp_pkg/src/add_two_ints_client.cpp:1[m[K:
[5.424s] [01m[K/usr/include/c++/11/bits/basic_string.h:6172:5:[m[K [01;36m[Knote: [m[Kcandidate: ‘[01m[Ktemplate<class _CharT, class _Traits, class _Alloc> std::__cxx11::basic_string<_CharT, _Traits, _Allocator> std::operator+(std::__cxx11::basic_string<_CharT, _Traits, _Allocator>&&, std::__cxx11::basic_string<_CharT, _Traits, _Allocator>&&)[m[K’
[5.424s]  6172 |     [01;36m[Koperator[m[K+(basic_string<_CharT, _Traits, _Alloc>&& __lhs,
[5.425s]       |     [01;36m[K^~~~~~~~[m[K
[5.425s] [01m[K/usr/include/c++/11/bits/basic_string.h:6172:5:[m[K [01;36m[Knote: [m[K  template argument deduction/substitution failed:
[5.426s] In file included from [01m[K/opt/ros/humble/include/rclcpp/rclcpp/logging.hpp:24[m[K,
[5.426s]                  from [01m[K/opt/ros/humble/include/rclcpp/rclcpp/client.hpp:40[m[K,
[5.426s]                  from [01m[K/opt/ros/humble/include/rclcpp/rclcpp/callback_group.hpp:24[m[K,
[5.427s]                  from [01m[K/opt/ros/humble/include/rclcpp/rclcpp/any_executable.hpp:20[m[K,
[5.427s]                  from [01m[K/opt/ros/humble/include/rclcpp/rclcpp/memory_strategy.hpp:25[m[K,
[5.427s]                  from [01m[K/opt/ros/humble/include/rclcpp/rclcpp/memory_strategies.hpp:18[m[K,
[5.427s]                  from [01m[K/opt/ros/humble/include/rclcpp/rclcpp/executor_options.hpp:20[m[K,
[5.427s]                  from [01m[K/opt/ros/humble/include/rclcpp/rclcpp/executor.hpp:37[m[K,
[5.428s]                  from [01m[K/opt/ros/humble/include/rclcpp/rclcpp/executors/multi_threaded_executor.hpp:25[m[K,
[5.428s]                  from [01m[K/opt/ros/humble/include/rclcpp/rclcpp/executors.hpp:21[m[K,
[5.428s]                  from [01m[K/opt/ros/humble/include/rclcpp/rclcpp/rclcpp.hpp:155[m[K,
[5.428s]                  from [01m[K/home/letizia/Documentos/ros2_ws/src/my_cpp_pkg/src/add_two_ints_client.cpp:1[m[K:
[5.428s] [01m[K/home/letizia/Documentos/ros2_ws/src/my_cpp_pkg/src/add_two_ints_client.cpp:38:71:[m[K [01;36m[Knote: [m[K  mismatched types ‘[01m[Kstd::__cxx11::basic_string<_CharT, _Traits, _Allocator>[m[K’ and ‘[01m[Kconst char [20][m[K’
[5.429s]    38 |             RCLCPP_ERROR(this->get_logger(),  "Service call failed" + [01;36m[Ke[m[K);
[5.429s]       |                                                                       [01;36m[K^[m[K
[5.429s] In file included from [01m[K/usr/include/c++/11/string:55[m[K,
[5.429s]                  from [01m[K/usr/include/c++/11/stdexcept:39[m[K,
[5.430s]                  from [01m[K/usr/include/c++/11/system_error:41[m[K,
[5.430s]                  from [01m[K/usr/include/c++/11/mutex:42[m[K,
[5.430s]                  from [01m[K/usr/include/c++/11/future:38[m[K,
[5.430s]                  from [01m[K/opt/ros/humble/include/rclcpp/rclcpp/executors.hpp:18[m[K,
[5.430s]                  from [01m[K/opt/ros/humble/include/rclcpp/rclcpp/rclcpp.hpp:155[m[K,
[5.431s]                  from [01m[K/home/letizia/Documentos/ros2_ws/src/my_cpp_pkg/src/add_two_ints_client.cpp:1[m[K:
[5.431s] [01m[K/usr/include/c++/11/bits/basic_string.h:6194:5:[m[K [01;36m[Knote: [m[Kcandidate: ‘[01m[Ktemplate<class _CharT, class _Traits, class _Alloc> std::__cxx11::basic_string<_CharT, _Traits, _Allocator> std::operator+(const _CharT*, std::__cxx11::basic_string<_CharT, _Traits, _Allocator>&&)[m[K’
[5.431s]  6194 |     [01;36m[Koperator[m[K+(const _CharT* __lhs,
[5.431s]       |     [01;36m[K^~~~~~~~[m[K
[5.431s] [01m[K/usr/include/c++/11/bits/basic_string.h:6194:5:[m[K [01;36m[Knote: [m[K  template argument deduction/substitution failed:
[5.431s] In file included from [01m[K/opt/ros/humble/include/rclcpp/rclcpp/logging.hpp:24[m[K,
[5.432s]                  from [01m[K/opt/ros/humble/include/rclcpp/rclcpp/client.hpp:40[m[K,
[5.432s]                  from [01m[K/opt/ros/humble/include/rclcpp/rclcpp/callback_group.hpp:24[m[K,
[5.432s]                  from [01m[K/opt/ros/humble/include/rclcpp/rclcpp/any_executable.hpp:20[m[K,
[5.432s]                  from [01m[K/opt/ros/humble/include/rclcpp/rclcpp/memory_strategy.hpp:25[m[K,
[5.432s]                  from [01m[K/opt/ros/humble/include/rclcpp/rclcpp/memory_strategies.hpp:18[m[K,
[5.432s]                  from [01m[K/opt/ros/humble/include/rclcpp/rclcpp/executor_options.hpp:20[m[K,
[5.432s]                  from [01m[K/opt/ros/humble/include/rclcpp/rclcpp/executor.hpp:37[m[K,
[5.433s]                  from [01m[K/opt/ros/humble/include/rclcpp/rclcpp/executors/multi_threaded_executor.hpp:25[m[K,
[5.433s]                  from [01m[K/opt/ros/humble/include/rclcpp/rclcpp/executors.hpp:21[m[K,
[5.433s]                  from [01m[K/opt/ros/humble/include/rclcpp/rclcpp/rclcpp.hpp:155[m[K,
[5.433s]                  from [01m[K/home/letizia/Documentos/ros2_ws/src/my_cpp_pkg/src/add_two_ints_client.cpp:1[m[K:
[5.433s] [01m[K/home/letizia/Documentos/ros2_ws/src/my_cpp_pkg/src/add_two_ints_client.cpp:38:71:[m[K [01;36m[Knote: [m[K  types ‘[01m[Kstd::__cxx11::basic_string<_CharT, _Traits, _Allocator>[m[K’ and ‘[01m[Kconst std::exception[m[K’ have incompatible cv-qualifiers
[5.433s]    38 |             RCLCPP_ERROR(this->get_logger(),  "Service call failed" + [01;36m[Ke[m[K);
[5.434s]       |                                                                       [01;36m[K^[m[K
[5.434s] In file included from [01m[K/usr/include/c++/11/string:55[m[K,
[5.434s]                  from [01m[K/usr/include/c++/11/stdexcept:39[m[K,
[5.434s]                  from [01m[K/usr/include/c++/11/system_error:41[m[K,
[5.434s]                  from [01m[K/usr/include/c++/11/mutex:42[m[K,
[5.434s]                  from [01m[K/usr/include/c++/11/future:38[m[K,
[5.434s]                  from [01m[K/opt/ros/humble/include/rclcpp/rclcpp/executors.hpp:18[m[K,
[5.435s]                  from [01m[K/opt/ros/humble/include/rclcpp/rclcpp/rclcpp.hpp:155[m[K,
[5.435s]                  from [01m[K/home/letizia/Documentos/ros2_ws/src/my_cpp_pkg/src/add_two_ints_client.cpp:1[m[K:
[5.435s] [01m[K/usr/include/c++/11/bits/basic_string.h:6200:5:[m[K [01;36m[Knote: [m[Kcandidate: ‘[01m[Ktemplate<class _CharT, class _Traits, class _Alloc> std::__cxx11::basic_string<_CharT, _Traits, _Allocator> std::operator+(_CharT, std::__cxx11::basic_string<_CharT, _Traits, _Allocator>&&)[m[K’
[5.435s]  6200 |     [01;36m[Koperator[m[K+(_CharT __lhs,
[5.435s]       |     [01;36m[K^~~~~~~~[m[K
[5.436s] [01m[K/usr/include/c++/11/bits/basic_string.h:6200:5:[m[K [01;36m[Knote: [m[K  template argument deduction/substitution failed:
[5.436s] In file included from [01m[K/opt/ros/humble/include/rclcpp/rclcpp/logging.hpp:24[m[K,
[5.437s]                  from [01m[K/opt/ros/humble/include/rclcpp/rclcpp/client.hpp:40[m[K,
[5.437s]                  from [01m[K/opt/ros/humble/include/rclcpp/rclcpp/callback_group.hpp:24[m[K,
[5.437s]                  from [01m[K/opt/ros/humble/include/rclcpp/rclcpp/any_executable.hpp:20[m[K,
[5.437s]                  from [01m[K/opt/ros/humble/include/rclcpp/rclcpp/memory_strategy.hpp:25[m[K,
[5.438s]                  from [01m[K/opt/ros/humble/include/rclcpp/rclcpp/memory_strategies.hpp:18[m[K,
[5.438s]                  from [01m[K/opt/ros/humble/include/rclcpp/rclcpp/executor_options.hpp:20[m[K,
[5.438s]                  from [01m[K/opt/ros/humble/include/rclcpp/rclcpp/executor.hpp:37[m[K,
[5.438s]                  from [01m[K/opt/ros/humble/include/rclcpp/rclcpp/executors/multi_threaded_executor.hpp:25[m[K,
[5.439s]                  from [01m[K/opt/ros/humble/include/rclcpp/rclcpp/executors.hpp:21[m[K,
[5.439s]                  from [01m[K/opt/ros/humble/include/rclcpp/rclcpp/rclcpp.hpp:155[m[K,
[5.439s]                  from [01m[K/home/letizia/Documentos/ros2_ws/src/my_cpp_pkg/src/add_two_ints_client.cpp:1[m[K:
[5.439s] [01m[K/home/letizia/Documentos/ros2_ws/src/my_cpp_pkg/src/add_two_ints_client.cpp:38:71:[m[K [01;36m[Knote: [m[K  types ‘[01m[Kstd::__cxx11::basic_string<_CharT, _Traits, _Allocator>[m[K’ and ‘[01m[Kconst std::exception[m[K’ have incompatible cv-qualifiers
[5.440s]    38 |             RCLCPP_ERROR(this->get_logger(),  "Service call failed" + [01;36m[Ke[m[K);
[5.440s]       |                                                                       [01;36m[K^[m[K
[5.440s] In file included from [01m[K/usr/include/c++/11/string:55[m[K,
[5.440s]                  from [01m[K/usr/include/c++/11/stdexcept:39[m[K,
[5.440s]                  from [01m[K/usr/include/c++/11/system_error:41[m[K,
[5.440s]                  from [01m[K/usr/include/c++/11/mutex:42[m[K,
[5.441s]                  from [01m[K/usr/include/c++/11/future:38[m[K,
[5.441s]                  from [01m[K/opt/ros/humble/include/rclcpp/rclcpp/executors.hpp:18[m[K,
[5.441s]                  from [01m[K/opt/ros/humble/include/rclcpp/rclcpp/rclcpp.hpp:155[m[K,
[5.441s]                  from [01m[K/home/letizia/Documentos/ros2_ws/src/my_cpp_pkg/src/add_two_ints_client.cpp:1[m[K:
[5.441s] [01m[K/usr/include/c++/11/bits/basic_string.h:6206:5:[m[K [01;36m[Knote: [m[Kcandidate: ‘[01m[Ktemplate<class _CharT, class _Traits, class _Alloc> std::__cxx11::basic_string<_CharT, _Traits, _Allocator> std::operator+(std::__cxx11::basic_string<_CharT, _Traits, _Allocator>&&, const _CharT*)[m[K’
[5.442s]  6206 |     [01;36m[Koperator[m[K+(basic_string<_CharT, _Traits, _Alloc>&& __lhs,
[5.442s]       |     [01;36m[K^~~~~~~~[m[K
[5.442s] [01m[K/usr/include/c++/11/bits/basic_string.h:6206:5:[m[K [01;36m[Knote: [m[K  template argument deduction/substitution failed:
[5.443s] In file included from [01m[K/opt/ros/humble/include/rclcpp/rclcpp/logging.hpp:24[m[K,
[5.443s]                  from [01m[K/opt/ros/humble/include/rclcpp/rclcpp/client.hpp:40[m[K,
[5.443s]                  from [01m[K/opt/ros/humble/include/rclcpp/rclcpp/callback_group.hpp:24[m[K,
[5.443s]                  from [01m[K/opt/ros/humble/include/rclcpp/rclcpp/any_executable.hpp:20[m[K,
[5.444s]                  from [01m[K/opt/ros/humble/include/rclcpp/rclcpp/memory_strategy.hpp:25[m[K,
[5.444s]                  from [01m[K/opt/ros/humble/include/rclcpp/rclcpp/memory_strategies.hpp:18[m[K,
[5.444s]                  from [01m[K/opt/ros/humble/include/rclcpp/rclcpp/executor_options.hpp:20[m[K,
[5.444s]                  from [01m[K/opt/ros/humble/include/rclcpp/rclcpp/executor.hpp:37[m[K,
[5.444s]                  from [01m[K/opt/ros/humble/include/rclcpp/rclcpp/executors/multi_threaded_executor.hpp:25[m[K,
[5.445s]                  from [01m[K/opt/ros/humble/include/rclcpp/rclcpp/executors.hpp:21[m[K,
[5.445s]                  from [01m[K/opt/ros/humble/include/rclcpp/rclcpp/rclcpp.hpp:155[m[K,
[5.445s]                  from [01m[K/home/letizia/Documentos/ros2_ws/src/my_cpp_pkg/src/add_two_ints_client.cpp:1[m[K:
[5.445s] [01m[K/home/letizia/Documentos/ros2_ws/src/my_cpp_pkg/src/add_two_ints_client.cpp:38:71:[m[K [01;36m[Knote: [m[K  mismatched types ‘[01m[Kstd::__cxx11::basic_string<_CharT, _Traits, _Allocator>[m[K’ and ‘[01m[Kconst char [20][m[K’
[5.445s]    38 |             RCLCPP_ERROR(this->get_logger(),  "Service call failed" + [01;36m[Ke[m[K);
[5.445s]       |                                                                       [01;36m[K^[m[K
[5.445s] In file included from [01m[K/usr/include/c++/11/string:55[m[K,
[5.446s]                  from [01m[K/usr/include/c++/11/stdexcept:39[m[K,
[5.446s]                  from [01m[K/usr/include/c++/11/system_error:41[m[K,
[5.446s]                  from [01m[K/usr/include/c++/11/mutex:42[m[K,
[5.446s]                  from [01m[K/usr/include/c++/11/future:38[m[K,
[5.446s]                  from [01m[K/opt/ros/humble/include/rclcpp/rclcpp/executors.hpp:18[m[K,
[5.446s]                  from [01m[K/opt/ros/humble/include/rclcpp/rclcpp/rclcpp.hpp:155[m[K,
[5.447s]                  from [01m[K/home/letizia/Documentos/ros2_ws/src/my_cpp_pkg/src/add_two_ints_client.cpp:1[m[K:
[5.447s] [01m[K/usr/include/c++/11/bits/basic_string.h:6212:5:[m[K [01;36m[Knote: [m[Kcandidate: ‘[01m[Ktemplate<class _CharT, class _Traits, class _Alloc> std::__cxx11::basic_string<_CharT, _Traits, _Allocator> std::operator+(std::__cxx11::basic_string<_CharT, _Traits, _Allocator>&&, _CharT)[m[K’
[5.447s]  6212 |     [01;36m[Koperator[m[K+(basic_string<_CharT, _Traits, _Alloc>&& __lhs,
[5.447s]       |     [01;36m[K^~~~~~~~[m[K
[5.447s] [01m[K/usr/include/c++/11/bits/basic_string.h:6212:5:[m[K [01;36m[Knote: [m[K  template argument deduction/substitution failed:
[5.447s] In file included from [01m[K/opt/ros/humble/include/rclcpp/rclcpp/logging.hpp:24[m[K,
[5.447s]                  from [01m[K/opt/ros/humble/include/rclcpp/rclcpp/client.hpp:40[m[K,
[5.448s]                  from [01m[K/opt/ros/humble/include/rclcpp/rclcpp/callback_group.hpp:24[m[K,
[5.448s]                  from [01m[K/opt/ros/humble/include/rclcpp/rclcpp/any_executable.hpp:20[m[K,
[5.448s]                  from [01m[K/opt/ros/humble/include/rclcpp/rclcpp/memory_strategy.hpp:25[m[K,
[5.448s]                  from [01m[K/opt/ros/humble/include/rclcpp/rclcpp/memory_strategies.hpp:18[m[K,
[5.448s]                  from [01m[K/opt/ros/humble/include/rclcpp/rclcpp/executor_options.hpp:20[m[K,
[5.448s]                  from [01m[K/opt/ros/humble/include/rclcpp/rclcpp/executor.hpp:37[m[K,
[5.448s]                  from [01m[K/opt/ros/humble/include/rclcpp/rclcpp/executors/multi_threaded_executor.hpp:25[m[K,
[5.449s]                  from [01m[K/opt/ros/humble/include/rclcpp/rclcpp/executors.hpp:21[m[K,
[5.449s]                  from [01m[K/opt/ros/humble/include/rclcpp/rclcpp/rclcpp.hpp:155[m[K,
[5.449s]                  from [01m[K/home/letizia/Documentos/ros2_ws/src/my_cpp_pkg/src/add_two_ints_client.cpp:1[m[K:
[5.449s] [01m[K/home/letizia/Documentos/ros2_ws/src/my_cpp_pkg/src/add_two_ints_client.cpp:38:71:[m[K [01;36m[Knote: [m[K  mismatched types ‘[01m[Kstd::__cxx11::basic_string<_CharT, _Traits, _Allocator>[m[K’ and ‘[01m[Kconst char [20][m[K’
[5.449s]    38 |             RCLCPP_ERROR(this->get_logger(),  "Service call failed" + [01;36m[Ke[m[K);
[5.449s]       |                                                                       [01;36m[K^[m[K
[6.692s] gmake[2]: *** [CMakeFiles/add_two_ints_client.dir/build.make:76: CMakeFiles/add_two_ints_client.dir/src/add_two_ints_client.cpp.o] Erro 1
[6.693s] gmake[1]: *** [CMakeFiles/Makefile2:277: CMakeFiles/add_two_ints_client.dir/all] Erro 2
[6.694s] gmake: *** [Makefile:146: all] Erro 2
[6.698s] Invoked command in '/home/letizia/Documentos/ros2_ws/build/my_cpp_pkg' returned '2': CMAKE_PREFIX_PATH=${CMAKE_PREFIX_PATH}:/home/letizia/Documentos/ros2_ws/install/my_py_pkg:/opt/ros/humble /usr/bin/cmake --build /home/letizia/Documentos/ros2_ws/build/my_cpp_pkg -- -j4 -l4
