[0.018s] Invoking command in '/home/letizia/Documentos/ros2_ws/build/my_robot_interfaces': CMAKE_PREFIX_PATH=${CMAKE_PREFIX_PATH}:/home/letizia/Documentos/ros2_ws/install/my_py_pkg:/opt/ros/humble /usr/bin/cmake --build /home/letizia/Documentos/ros2_ws/build/my_robot_interfaces -- -j4 -l4
[0.114s] [  9%] Built target my_robot_interfaces__rosidl_generator_c
[0.123s] [ 12%] Built target my_robot_interfaces__cpp
[0.140s] [ 12%] Built target ament_cmake_python_copy_my_robot_interfaces
[0.179s] [ 22%] Built target my_robot_interfaces__rosidl_typesupport_fastrtps_c
[0.186s] [ 32%] Built target my_robot_interfaces__rosidl_typesupport_introspection_c
[0.206s] [ 41%] Built target my_robot_interfaces__rosidl_typesupport_c
[0.215s] [ 51%] Built target my_robot_interfaces__rosidl_typesupport_fastrtps_cpp
[0.252s] [ 61%] Built target my_robot_interfaces__rosidl_typesupport_cpp
[0.258s] [ 70%] Built target my_robot_interfaces__rosidl_typesupport_introspection_cpp
[0.333s] [ 70%] Built target my_robot_interfaces
[0.397s] [ 74%] Built target my_robot_interfaces__py
[0.458s] [ 80%] Built target my_robot_interfaces__rosidl_generator_py
[0.532s] [ 87%] Built target my_robot_interfaces__rosidl_typesupport_c__pyext
[0.532s] [ 93%] Built target my_robot_interfaces__rosidl_typesupport_fastrtps_c__pyext
[0.553s] [100%] Built target my_robot_interfaces__rosidl_typesupport_introspection_c__pyext
[0.925s] running egg_info
[0.927s] writing my_robot_interfaces.egg-info/PKG-INFO
[0.931s] writing dependency_links to my_robot_interfaces.egg-info/dependency_links.txt
[0.931s] writing top-level names to my_robot_interfaces.egg-info/top_level.txt
[0.934s] reading manifest file 'my_robot_interfaces.egg-info/SOURCES.txt'
[0.935s] writing manifest file 'my_robot_interfaces.egg-info/SOURCES.txt'
[1.007s] [100%] Built target ament_cmake_python_build_my_robot_interfaces_egg
[1.028s] Invoked command in '/home/letizia/Documentos/ros2_ws/build/my_robot_interfaces' returned '0': CMAKE_PREFIX_PATH=${CMAKE_PREFIX_PATH}:/home/letizia/Documentos/ros2_ws/install/my_py_pkg:/opt/ros/humble /usr/bin/cmake --build /home/letizia/Documentos/ros2_ws/build/my_robot_interfaces -- -j4 -l4
[1.046s] Invoking command in '/home/letizia/Documentos/ros2_ws/build/my_robot_interfaces': CMAKE_PREFIX_PATH=${CMAKE_PREFIX_PATH}:/home/letizia/Documentos/ros2_ws/install/my_py_pkg:/opt/ros/humble /usr/bin/cmake --install /home/letizia/Documentos/ros2_ws/build/my_robot_interfaces
[1.060s] -- Install configuration: ""
[1.060s] -- Up-to-date: /home/letizia/Documentos/ros2_ws/install/my_robot_interfaces/share/ament_index/resource_index/rosidl_interfaces/my_robot_interfaces
[1.063s] -- Up-to-date: /home/letizia/Documentos/ros2_ws/install/my_robot_interfaces/include/my_robot_interfaces/my_robot_interfaces
[1.064s] -- Up-to-date: /home/letizia/Documentos/ros2_ws/install/my_robot_interfaces/include/my_robot_interfaces/my_robot_interfaces/msg
[1.064s] -- Up-to-date: /home/letizia/Documentos/ros2_ws/install/my_robot_interfaces/include/my_robot_interfaces/my_robot_interfaces/msg/rosidl_generator_c__visibility_control.h
[1.064s] -- Up-to-date: /home/letizia/Documentos/ros2_ws/install/my_robot_interfaces/include/my_robot_interfaces/my_robot_interfaces/msg/detail
[1.064s] -- Up-to-date: /home/letizia/Documentos/ros2_ws/install/my_robot_interfaces/include/my_robot_interfaces/my_robot_interfaces/msg/detail/hardware_status__functions.h
[1.064s] -- Up-to-date: /home/letizia/Documentos/ros2_ws/install/my_robot_interfaces/include/my_robot_interfaces/my_robot_interfaces/msg/detail/hardware_status__functions.c
[1.065s] -- Up-to-date: /home/letizia/Documentos/ros2_ws/install/my_robot_interfaces/include/my_robot_interfaces/my_robot_interfaces/msg/detail/hardware_status__type_support.h
[1.065s] -- Up-to-date: /home/letizia/Documentos/ros2_ws/install/my_robot_interfaces/include/my_robot_interfaces/my_robot_interfaces/msg/detail/hardware_status__struct.h
[1.065s] -- Up-to-date: /home/letizia/Documentos/ros2_ws/install/my_robot_interfaces/include/my_robot_interfaces/my_robot_interfaces/msg/hardware_status.h
[1.065s] -- Up-to-date: /home/letizia/Documentos/ros2_ws/install/my_robot_interfaces/share/my_robot_interfaces/environment/library_path.sh
[1.066s] -- Up-to-date: /home/letizia/Documentos/ros2_ws/install/my_robot_interfaces/share/my_robot_interfaces/environment/library_path.dsv
[1.066s] -- Up-to-date: /home/letizia/Documentos/ros2_ws/install/my_robot_interfaces/lib/libmy_robot_interfaces__rosidl_generator_c.so
[1.066s] -- Up-to-date: /home/letizia/Documentos/ros2_ws/install/my_robot_interfaces/include/my_robot_interfaces/my_robot_interfaces
[1.067s] -- Up-to-date: /home/letizia/Documentos/ros2_ws/install/my_robot_interfaces/include/my_robot_interfaces/my_robot_interfaces/msg
[1.067s] -- Up-to-date: /home/letizia/Documentos/ros2_ws/install/my_robot_interfaces/include/my_robot_interfaces/my_robot_interfaces/msg/detail
[1.067s] -- Up-to-date: /home/letizia/Documentos/ros2_ws/install/my_robot_interfaces/include/my_robot_interfaces/my_robot_interfaces/msg/detail/hardware_status__rosidl_typesupport_fastrtps_c.h
[1.067s] -- Up-to-date: /home/letizia/Documentos/ros2_ws/install/my_robot_interfaces/include/my_robot_interfaces/my_robot_interfaces/msg/rosidl_typesupport_fastrtps_c__visibility_control.h
[1.067s] -- Up-to-date: /home/letizia/Documentos/ros2_ws/install/my_robot_interfaces/lib/libmy_robot_interfaces__rosidl_typesupport_fastrtps_c.so
[1.068s] -- Up-to-date: /home/letizia/Documentos/ros2_ws/install/my_robot_interfaces/include/my_robot_interfaces/my_robot_interfaces
[1.068s] -- Up-to-date: /home/letizia/Documentos/ros2_ws/install/my_robot_interfaces/include/my_robot_interfaces/my_robot_interfaces/msg
[1.068s] -- Up-to-date: /home/letizia/Documentos/ros2_ws/install/my_robot_interfaces/include/my_robot_interfaces/my_robot_interfaces/msg/detail
[1.069s] -- Up-to-date: /home/letizia/Documentos/ros2_ws/install/my_robot_interfaces/include/my_robot_interfaces/my_robot_interfaces/msg/detail/hardware_status__rosidl_typesupport_introspection_c.h
[1.069s] -- Up-to-date: /home/letizia/Documentos/ros2_ws/install/my_robot_interfaces/include/my_robot_interfaces/my_robot_interfaces/msg/detail/hardware_status__type_support.c
[1.069s] -- Up-to-date: /home/letizia/Documentos/ros2_ws/install/my_robot_interfaces/include/my_robot_interfaces/my_robot_interfaces/msg/rosidl_typesupport_introspection_c__visibility_control.h
[1.069s] -- Up-to-date: /home/letizia/Documentos/ros2_ws/install/my_robot_interfaces/lib/libmy_robot_interfaces__rosidl_typesupport_introspection_c.so
[1.070s] -- Up-to-date: /home/letizia/Documentos/ros2_ws/install/my_robot_interfaces/lib/libmy_robot_interfaces__rosidl_typesupport_c.so
[1.070s] -- Up-to-date: /home/letizia/Documentos/ros2_ws/install/my_robot_interfaces/include/my_robot_interfaces/my_robot_interfaces
[1.070s] -- Up-to-date: /home/letizia/Documentos/ros2_ws/install/my_robot_interfaces/include/my_robot_interfaces/my_robot_interfaces/msg
[1.070s] -- Up-to-date: /home/letizia/Documentos/ros2_ws/install/my_robot_interfaces/include/my_robot_interfaces/my_robot_interfaces/msg/detail
[1.070s] -- Up-to-date: /home/letizia/Documentos/ros2_ws/install/my_robot_interfaces/include/my_robot_interfaces/my_robot_interfaces/msg/detail/hardware_status__struct.hpp
[1.073s] -- Up-to-date: /home/letizia/Documentos/ros2_ws/install/my_robot_interfaces/include/my_robot_interfaces/my_robot_interfaces/msg/detail/hardware_status__traits.hpp
[1.073s] -- Up-to-date: /home/letizia/Documentos/ros2_ws/install/my_robot_interfaces/include/my_robot_interfaces/my_robot_interfaces/msg/detail/hardware_status__builder.hpp
[1.074s] -- Up-to-date: /home/letizia/Documentos/ros2_ws/install/my_robot_interfaces/include/my_robot_interfaces/my_robot_interfaces/msg/hardware_status.hpp
[1.075s] -- Up-to-date: /home/letizia/Documentos/ros2_ws/install/my_robot_interfaces/include/my_robot_interfaces/my_robot_interfaces
[1.076s] -- Up-to-date: /home/letizia/Documentos/ros2_ws/install/my_robot_interfaces/include/my_robot_interfaces/my_robot_interfaces/msg
[1.076s] -- Up-to-date: /home/letizia/Documentos/ros2_ws/install/my_robot_interfaces/include/my_robot_interfaces/my_robot_interfaces/msg/detail
[1.076s] -- Up-to-date: /home/letizia/Documentos/ros2_ws/install/my_robot_interfaces/include/my_robot_interfaces/my_robot_interfaces/msg/detail/dds_fastrtps
[1.076s] -- Up-to-date: /home/letizia/Documentos/ros2_ws/install/my_robot_interfaces/include/my_robot_interfaces/my_robot_interfaces/msg/detail/hardware_status__rosidl_typesupport_fastrtps_cpp.hpp
[1.077s] -- Up-to-date: /home/letizia/Documentos/ros2_ws/install/my_robot_interfaces/include/my_robot_interfaces/my_robot_interfaces/msg/rosidl_typesupport_fastrtps_cpp__visibility_control.h
[1.079s] -- Up-to-date: /home/letizia/Documentos/ros2_ws/install/my_robot_interfaces/lib/libmy_robot_interfaces__rosidl_typesupport_fastrtps_cpp.so
[1.079s] -- Up-to-date: /home/letizia/Documentos/ros2_ws/install/my_robot_interfaces/include/my_robot_interfaces/my_robot_interfaces
[1.079s] -- Up-to-date: /home/letizia/Documentos/ros2_ws/install/my_robot_interfaces/include/my_robot_interfaces/my_robot_interfaces/msg
[1.079s] -- Up-to-date: /home/letizia/Documentos/ros2_ws/install/my_robot_interfaces/include/my_robot_interfaces/my_robot_interfaces/msg/detail
[1.080s] -- Up-to-date: /home/letizia/Documentos/ros2_ws/install/my_robot_interfaces/include/my_robot_interfaces/my_robot_interfaces/msg/detail/hardware_status__rosidl_typesupport_introspection_cpp.hpp
[1.080s] -- Up-to-date: /home/letizia/Documentos/ros2_ws/install/my_robot_interfaces/include/my_robot_interfaces/my_robot_interfaces/msg/detail/hardware_status__type_support.cpp
[1.081s] -- Up-to-date: /home/letizia/Documentos/ros2_ws/install/my_robot_interfaces/lib/libmy_robot_interfaces__rosidl_typesupport_introspection_cpp.so
[1.081s] -- Up-to-date: /home/letizia/Documentos/ros2_ws/install/my_robot_interfaces/lib/libmy_robot_interfaces__rosidl_typesupport_cpp.so
[1.081s] -- Up-to-date: /home/letizia/Documentos/ros2_ws/install/my_robot_interfaces/share/my_robot_interfaces/environment/pythonpath.sh
[1.081s] -- Up-to-date: /home/letizia/Documentos/ros2_ws/install/my_robot_interfaces/share/my_robot_interfaces/environment/pythonpath.dsv
[1.082s] -- Up-to-date: /home/letizia/Documentos/ros2_ws/install/my_robot_interfaces/local/lib/python3.10/dist-packages/my_robot_interfaces-0.0.0-py3.10.egg-info
[1.082s] -- Installing: /home/letizia/Documentos/ros2_ws/install/my_robot_interfaces/local/lib/python3.10/dist-packages/my_robot_interfaces-0.0.0-py3.10.egg-info/PKG-INFO
[1.083s] -- Installing: /home/letizia/Documentos/ros2_ws/install/my_robot_interfaces/local/lib/python3.10/dist-packages/my_robot_interfaces-0.0.0-py3.10.egg-info/top_level.txt
[1.083s] -- Installing: /home/letizia/Documentos/ros2_ws/install/my_robot_interfaces/local/lib/python3.10/dist-packages/my_robot_interfaces-0.0.0-py3.10.egg-info/dependency_links.txt
[1.083s] -- Installing: /home/letizia/Documentos/ros2_ws/install/my_robot_interfaces/local/lib/python3.10/dist-packages/my_robot_interfaces-0.0.0-py3.10.egg-info/SOURCES.txt
[1.083s] -- Up-to-date: /home/letizia/Documentos/ros2_ws/install/my_robot_interfaces/local/lib/python3.10/dist-packages/my_robot_interfaces
[1.084s] -- Up-to-date: /home/letizia/Documentos/ros2_ws/install/my_robot_interfaces/local/lib/python3.10/dist-packages/my_robot_interfaces/_my_robot_interfaces_s.ep.rosidl_typesupport_c.c
[1.084s] -- Up-to-date: /home/letizia/Documentos/ros2_ws/install/my_robot_interfaces/local/lib/python3.10/dist-packages/my_robot_interfaces/__init__.py
[1.084s] -- Up-to-date: /home/letizia/Documentos/ros2_ws/install/my_robot_interfaces/local/lib/python3.10/dist-packages/my_robot_interfaces/my_robot_interfaces_s__rosidl_typesupport_fastrtps_c.cpython-310-x86_64-linux-gnu.so
[1.084s] -- Up-to-date: /home/letizia/Documentos/ros2_ws/install/my_robot_interfaces/local/lib/python3.10/dist-packages/my_robot_interfaces/my_robot_interfaces_s__rosidl_typesupport_introspection_c.cpython-310-x86_64-linux-gnu.so
[1.084s] -- Up-to-date: /home/letizia/Documentos/ros2_ws/install/my_robot_interfaces/local/lib/python3.10/dist-packages/my_robot_interfaces/libmy_robot_interfaces__rosidl_generator_py.so
[1.086s] -- Up-to-date: /home/letizia/Documentos/ros2_ws/install/my_robot_interfaces/local/lib/python3.10/dist-packages/my_robot_interfaces/my_robot_interfaces_s__rosidl_typesupport_c.cpython-310-x86_64-linux-gnu.so
[1.086s] -- Up-to-date: /home/letizia/Documentos/ros2_ws/install/my_robot_interfaces/local/lib/python3.10/dist-packages/my_robot_interfaces/msg
[1.087s] -- Up-to-date: /home/letizia/Documentos/ros2_ws/install/my_robot_interfaces/local/lib/python3.10/dist-packages/my_robot_interfaces/msg/__init__.py
[1.087s] -- Up-to-date: /home/letizia/Documentos/ros2_ws/install/my_robot_interfaces/local/lib/python3.10/dist-packages/my_robot_interfaces/msg/_hardware_status.py
[1.089s] -- Up-to-date: /home/letizia/Documentos/ros2_ws/install/my_robot_interfaces/local/lib/python3.10/dist-packages/my_robot_interfaces/msg/_hardware_status_s.c
[1.089s] -- Up-to-date: /home/letizia/Documentos/ros2_ws/install/my_robot_interfaces/local/lib/python3.10/dist-packages/my_robot_interfaces/_my_robot_interfaces_s.ep.rosidl_typesupport_introspection_c.c
[1.089s] -- Up-to-date: /home/letizia/Documentos/ros2_ws/install/my_robot_interfaces/local/lib/python3.10/dist-packages/my_robot_interfaces/_my_robot_interfaces_s.ep.rosidl_typesupport_fastrtps_c.c
[1.243s] Listing '/home/letizia/Documentos/ros2_ws/install/my_robot_interfaces/local/lib/python3.10/dist-packages/my_robot_interfaces'...
[1.243s] Listing '/home/letizia/Documentos/ros2_ws/install/my_robot_interfaces/local/lib/python3.10/dist-packages/my_robot_interfaces/msg'...
[1.253s] -- Up-to-date: /home/letizia/Documentos/ros2_ws/install/my_robot_interfaces/local/lib/python3.10/dist-packages/my_robot_interfaces/my_robot_interfaces_s__rosidl_typesupport_fastrtps_c.cpython-310-x86_64-linux-gnu.so
[1.255s] -- Up-to-date: /home/letizia/Documentos/ros2_ws/install/my_robot_interfaces/local/lib/python3.10/dist-packages/my_robot_interfaces/my_robot_interfaces_s__rosidl_typesupport_introspection_c.cpython-310-x86_64-linux-gnu.so
[1.256s] -- Up-to-date: /home/letizia/Documentos/ros2_ws/install/my_robot_interfaces/local/lib/python3.10/dist-packages/my_robot_interfaces/my_robot_interfaces_s__rosidl_typesupport_c.cpython-310-x86_64-linux-gnu.so
[1.257s] -- Up-to-date: /home/letizia/Documentos/ros2_ws/install/my_robot_interfaces/lib/libmy_robot_interfaces__rosidl_generator_py.so
[1.258s] -- Up-to-date: /home/letizia/Documentos/ros2_ws/install/my_robot_interfaces/share/my_robot_interfaces/msg/HardwareStatus.idl
[1.259s] -- Up-to-date: /home/letizia/Documentos/ros2_ws/install/my_robot_interfaces/share/my_robot_interfaces/msg/HardwareStatus.msg
[1.260s] -- Up-to-date: /home/letizia/Documentos/ros2_ws/install/my_robot_interfaces/share/ament_index/resource_index/package_run_dependencies/my_robot_interfaces
[1.260s] -- Up-to-date: /home/letizia/Documentos/ros2_ws/install/my_robot_interfaces/share/ament_index/resource_index/parent_prefix_path/my_robot_interfaces
[1.260s] -- Up-to-date: /home/letizia/Documentos/ros2_ws/install/my_robot_interfaces/share/my_robot_interfaces/environment/ament_prefix_path.sh
[1.261s] -- Up-to-date: /home/letizia/Documentos/ros2_ws/install/my_robot_interfaces/share/my_robot_interfaces/environment/ament_prefix_path.dsv
[1.261s] -- Up-to-date: /home/letizia/Documentos/ros2_ws/install/my_robot_interfaces/share/my_robot_interfaces/environment/path.sh
[1.261s] -- Up-to-date: /home/letizia/Documentos/ros2_ws/install/my_robot_interfaces/share/my_robot_interfaces/environment/path.dsv
[1.262s] -- Up-to-date: /home/letizia/Documentos/ros2_ws/install/my_robot_interfaces/share/my_robot_interfaces/local_setup.bash
[1.263s] -- Up-to-date: /home/letizia/Documentos/ros2_ws/install/my_robot_interfaces/share/my_robot_interfaces/local_setup.sh
[1.264s] -- Up-to-date: /home/letizia/Documentos/ros2_ws/install/my_robot_interfaces/share/my_robot_interfaces/local_setup.zsh
[1.264s] -- Up-to-date: /home/letizia/Documentos/ros2_ws/install/my_robot_interfaces/share/my_robot_interfaces/local_setup.dsv
[1.264s] -- Installing: /home/letizia/Documentos/ros2_ws/install/my_robot_interfaces/share/my_robot_interfaces/package.dsv
[1.266s] -- Up-to-date: /home/letizia/Documentos/ros2_ws/install/my_robot_interfaces/share/ament_index/resource_index/packages/my_robot_interfaces
[1.267s] -- Up-to-date: /home/letizia/Documentos/ros2_ws/install/my_robot_interfaces/share/my_robot_interfaces/cmake/export_my_robot_interfaces__rosidl_generator_cExport.cmake
[1.267s] -- Up-to-date: /home/letizia/Documentos/ros2_ws/install/my_robot_interfaces/share/my_robot_interfaces/cmake/export_my_robot_interfaces__rosidl_generator_cExport-noconfig.cmake
[1.267s] -- Up-to-date: /home/letizia/Documentos/ros2_ws/install/my_robot_interfaces/share/my_robot_interfaces/cmake/export_my_robot_interfaces__rosidl_typesupport_fastrtps_cExport.cmake
[1.267s] -- Up-to-date: /home/letizia/Documentos/ros2_ws/install/my_robot_interfaces/share/my_robot_interfaces/cmake/export_my_robot_interfaces__rosidl_typesupport_fastrtps_cExport-noconfig.cmake
[1.267s] -- Up-to-date: /home/letizia/Documentos/ros2_ws/install/my_robot_interfaces/share/my_robot_interfaces/cmake/my_robot_interfaces__rosidl_typesupport_introspection_cExport.cmake
[1.267s] -- Up-to-date: /home/letizia/Documentos/ros2_ws/install/my_robot_interfaces/share/my_robot_interfaces/cmake/my_robot_interfaces__rosidl_typesupport_introspection_cExport-noconfig.cmake
[1.268s] -- Up-to-date: /home/letizia/Documentos/ros2_ws/install/my_robot_interfaces/share/my_robot_interfaces/cmake/my_robot_interfaces__rosidl_typesupport_cExport.cmake
[1.268s] -- Up-to-date: /home/letizia/Documentos/ros2_ws/install/my_robot_interfaces/share/my_robot_interfaces/cmake/my_robot_interfaces__rosidl_typesupport_cExport-noconfig.cmake
[1.268s] -- Up-to-date: /home/letizia/Documentos/ros2_ws/install/my_robot_interfaces/share/my_robot_interfaces/cmake/export_my_robot_interfaces__rosidl_generator_cppExport.cmake
[1.269s] -- Up-to-date: /home/letizia/Documentos/ros2_ws/install/my_robot_interfaces/share/my_robot_interfaces/cmake/export_my_robot_interfaces__rosidl_typesupport_fastrtps_cppExport.cmake
[1.269s] -- Up-to-date: /home/letizia/Documentos/ros2_ws/install/my_robot_interfaces/share/my_robot_interfaces/cmake/export_my_robot_interfaces__rosidl_typesupport_fastrtps_cppExport-noconfig.cmake
[1.270s] -- Up-to-date: /home/letizia/Documentos/ros2_ws/install/my_robot_interfaces/share/my_robot_interfaces/cmake/my_robot_interfaces__rosidl_typesupport_introspection_cppExport.cmake
[1.271s] -- Up-to-date: /home/letizia/Documentos/ros2_ws/install/my_robot_interfaces/share/my_robot_interfaces/cmake/my_robot_interfaces__rosidl_typesupport_introspection_cppExport-noconfig.cmake
[1.272s] -- Up-to-date: /home/letizia/Documentos/ros2_ws/install/my_robot_interfaces/share/my_robot_interfaces/cmake/my_robot_interfaces__rosidl_typesupport_cppExport.cmake
[1.273s] -- Up-to-date: /home/letizia/Documentos/ros2_ws/install/my_robot_interfaces/share/my_robot_interfaces/cmake/my_robot_interfaces__rosidl_typesupport_cppExport-noconfig.cmake
[1.274s] -- Up-to-date: /home/letizia/Documentos/ros2_ws/install/my_robot_interfaces/share/my_robot_interfaces/cmake/export_my_robot_interfaces__rosidl_generator_pyExport.cmake
[1.275s] -- Up-to-date: /home/letizia/Documentos/ros2_ws/install/my_robot_interfaces/share/my_robot_interfaces/cmake/export_my_robot_interfaces__rosidl_generator_pyExport-noconfig.cmake
[1.275s] -- Up-to-date: /home/letizia/Documentos/ros2_ws/install/my_robot_interfaces/share/my_robot_interfaces/cmake/rosidl_cmake-extras.cmake
[1.275s] -- Up-to-date: /home/letizia/Documentos/ros2_ws/install/my_robot_interfaces/share/my_robot_interfaces/cmake/ament_cmake_export_include_directories-extras.cmake
[1.275s] -- Up-to-date: /home/letizia/Documentos/ros2_ws/install/my_robot_interfaces/share/my_robot_interfaces/cmake/ament_cmake_export_libraries-extras.cmake
[1.275s] -- Up-to-date: /home/letizia/Documentos/ros2_ws/install/my_robot_interfaces/share/my_robot_interfaces/cmake/ament_cmake_export_targets-extras.cmake
[1.276s] -- Up-to-date: /home/letizia/Documentos/ros2_ws/install/my_robot_interfaces/share/my_robot_interfaces/cmake/rosidl_cmake_export_typesupport_targets-extras.cmake
[1.276s] -- Up-to-date: /home/letizia/Documentos/ros2_ws/install/my_robot_interfaces/share/my_robot_interfaces/cmake/ament_cmake_export_dependencies-extras.cmake
[1.276s] -- Up-to-date: /home/letizia/Documentos/ros2_ws/install/my_robot_interfaces/share/my_robot_interfaces/cmake/rosidl_cmake_export_typesupport_libraries-extras.cmake
[1.279s] -- Up-to-date: /home/letizia/Documentos/ros2_ws/install/my_robot_interfaces/share/my_robot_interfaces/cmake/my_robot_interfacesConfig.cmake
[1.280s] -- Up-to-date: /home/letizia/Documentos/ros2_ws/install/my_robot_interfaces/share/my_robot_interfaces/cmake/my_robot_interfacesConfig-version.cmake
[1.280s] -- Up-to-date: /home/letizia/Documentos/ros2_ws/install/my_robot_interfaces/share/my_robot_interfaces/package.xml
[1.282s] Invoked command in '/home/letizia/Documentos/ros2_ws/build/my_robot_interfaces' returned '0': CMAKE_PREFIX_PATH=${CMAKE_PREFIX_PATH}:/home/letizia/Documentos/ros2_ws/install/my_py_pkg:/opt/ros/humble /usr/bin/cmake --install /home/letizia/Documentos/ros2_ws/build/my_robot_interfaces
